#
# There is insufficient memory for the Java Runtime Environment to continue.
# Native memory allocation (mmap) failed to map 25165824 bytes for G1 virtual space
# Possible reasons:
#   The system is out of physical RAM or swap space
#   The process is running with CompressedOops enabled, and the Java Heap may be blocking the growth of the native heap
# Possible solutions:
#   Reduce memory load on the system
#   Increase physical memory or swap space
#   Check if swap backing store is full
#   Decrease Java heap size (-Xmx/-Xms)
#   Decrease number of Java threads
#   Decrease Java thread stack sizes (-Xss)
#   Set larger code cache with -XX:ReservedCodeCacheSize=
#   JVM is running with Unscaled Compressed Oops mode in which the Java heap is
#     placed in the first 4GB address space. The Java Heap base address is the
#     maximum limit for the native heap growth. Please use -XX:HeapBaseMinAddress
#     to set the Java Heap base and to place the Java Heap above 4GB virtual address.
# This output file may be truncated or incomplete.
#
#  Out of Memory Error (os_windows.cpp:3825), pid=28376, tid=10324
#
# JRE version: OpenJDK Runtime Environment (17.0.10) (build 17.0.10+0--11609105)
# Java VM: OpenJDK 64-Bit Server VM (17.0.10+0--11609105, mixed mode, tiered, compressed oops, compressed class ptrs, g1 gc, windows-amd64)
# No core dump will be written. Minidumps are not enabled by default on client versions of Windows
#

---------------  S U M M A R Y ------------

Command Line: --add-opens=java.base/java.util=ALL-UNNAMED --add-opens=java.base/java.lang=ALL-UNNAMED --add-opens=java.base/java.lang.invoke=ALL-UNNAMED --add-opens=java.prefs/java.util.prefs=ALL-UNNAMED --add-opens=java.base/java.nio.charset=ALL-UNNAMED --add-opens=java.base/java.net=ALL-UNNAMED --add-opens=java.base/java.util.concurrent.atomic=ALL-UNNAMED -Xmx2048m -Dfile.encoding=UTF-8 -Duser.country=ES -Duser.language=es -Duser.variant -javaagent:C:\Users\jjove\.gradle\wrapper\dists\gradle-8.7-bin\bhs2wmbdwecv87pi65oeuq5iu\gradle-8.7\lib\agents\gradle-instrumentation-agent-8.7.jar org.gradle.launcher.daemon.bootstrap.GradleDaemon 8.7

Host: Intel(R) Core(TM) i5-8265U CPU @ 1.60GHz, 8 cores, 7G,  Windows 11 , 64 bit Build 22621 (10.0.22621.3672)
Time: Sun Jul 14 09:12:53 2024 Hora estándar, América Central elapsed time: 27.203464 seconds (0d 0h 0m 27s)

---------------  T H R E A D  ---------------

Current thread (0x000001a4562fc030):  VMThread "VM Thread" [stack: 0x0000006661400000,0x0000006661500000] [id=10324]

Stack: [0x0000006661400000,0x0000006661500000]
Native frames: (J=compiled Java code, j=interpreted, Vv=VM code, C=native code)
V  [jvm.dll+0x688de9]
V  [jvm.dll+0x8423da]
V  [jvm.dll+0x84401e]
V  [jvm.dll+0x844683]
V  [jvm.dll+0x24be0f]
V  [jvm.dll+0x685bb9]
V  [jvm.dll+0x67a46a]
V  [jvm.dll+0x30cbab]
V  [jvm.dll+0x314056]
V  [jvm.dll+0x363dce]
V  [jvm.dll+0x363fff]
V  [jvm.dll+0x2e2978]
V  [jvm.dll+0x2e0b54]
V  [jvm.dll+0x2e015c]
V  [jvm.dll+0x32502b]
V  [jvm.dll+0x848d7b]
V  [jvm.dll+0x849ac1]
V  [jvm.dll+0x849fdd]
V  [jvm.dll+0x84a3b4]
V  [jvm.dll+0x84a480]
V  [jvm.dll+0x7f0c7a]
V  [jvm.dll+0x687c65]
C  [ucrtbase.dll+0x29333]
C  [KERNEL32.DLL+0x1257d]
C  [ntdll.dll+0x5af28]

VM_Operation (0x0000006662bf4840): G1CollectForAllocation, mode: safepoint, requested by thread 0x000001a45c6228a0


---------------  P R O C E S S  ---------------

Threads class SMR info:
_java_thread_list=0x000001a45c8a1dc0, length=47, elements={
0x000001a43c48af30, 0x000001a456442010, 0x000001a456443e40, 0x000001a45646e010,
0x000001a45646e9e0, 0x000001a45646f5a0, 0x000001a456472b10, 0x000001a4564738b0,
0x000001a456478f40, 0x000001a45647c0f0, 0x000001a456566e30, 0x000001a45674a830,
0x000001a45ba79740, 0x000001a45b759440, 0x000001a45c7124c0, 0x000001a456637590,
0x000001a45c4fd860, 0x000001a45679a480, 0x000001a45c6228a0, 0x000001a45b112050,
0x000001a45c4be4e0, 0x000001a45c4be9c0, 0x000001a45b8a0280, 0x000001a45b89f860,
0x000001a45b8a25f0, 0x000001a45b8a11b0, 0x000001a45b89fd70, 0x000001a45b8a0790,
0x000001a45b8a0ca0, 0x000001a45b8a16c0, 0x000001a45b8a1bd0, 0x000001a45b8a20e0,
0x000001a45cfe9a50, 0x000001a45cfeae90, 0x000001a45cfe9f60, 0x000001a45cfec2d0,
0x000001a45cfeeb50, 0x000001a45cfeb3a0, 0x000001a45cfef570, 0x000001a45cfef060,
0x000001a45cfed710, 0x000001a45cfeb8b0, 0x000001a45cfedc20, 0x000001a45cfee640,
0x000001a45cfe8100, 0x000001a45cfefa80, 0x000001a45cfe8610
}

Java Threads: ( => current thread )
  0x000001a43c48af30 JavaThread "main" [_thread_blocked, id=3328, stack(0x0000006660e00000,0x0000006660f00000)]
  0x000001a456442010 JavaThread "Reference Handler" daemon [_thread_blocked, id=28528, stack(0x0000006661500000,0x0000006661600000)]
  0x000001a456443e40 JavaThread "Finalizer" daemon [_thread_blocked, id=27924, stack(0x0000006661600000,0x0000006661700000)]
  0x000001a45646e010 JavaThread "Signal Dispatcher" daemon [_thread_blocked, id=17196, stack(0x0000006661700000,0x0000006661800000)]
  0x000001a45646e9e0 JavaThread "Attach Listener" daemon [_thread_blocked, id=3184, stack(0x0000006661800000,0x0000006661900000)]
  0x000001a45646f5a0 JavaThread "Service Thread" daemon [_thread_blocked, id=18848, stack(0x0000006661900000,0x0000006661a00000)]
  0x000001a456472b10 JavaThread "Monitor Deflation Thread" daemon [_thread_blocked, id=19536, stack(0x0000006661a00000,0x0000006661b00000)]
  0x000001a4564738b0 JavaThread "C2 CompilerThread0" daemon [_thread_blocked, id=4676, stack(0x0000006661b00000,0x0000006661c00000)]
  0x000001a456478f40 JavaThread "C1 CompilerThread0" daemon [_thread_blocked, id=5536, stack(0x0000006661c00000,0x0000006661d00000)]
  0x000001a45647c0f0 JavaThread "Sweeper thread" daemon [_thread_blocked, id=17584, stack(0x0000006661d00000,0x0000006661e00000)]
  0x000001a456566e30 JavaThread "Common-Cleaner" daemon [_thread_blocked, id=12664, stack(0x0000006661e00000,0x0000006661f00000)]
  0x000001a45674a830 JavaThread "Notification Thread" daemon [_thread_blocked, id=17812, stack(0x0000006661f00000,0x0000006662000000)]
  0x000001a45ba79740 JavaThread "Daemon health stats" [_thread_blocked, id=2116, stack(0x0000006662500000,0x0000006662600000)]
  0x000001a45b759440 JavaThread "Incoming local TCP Connector on port 54685" [_thread_in_native, id=26796, stack(0x0000006662600000,0x0000006662700000)]
  0x000001a45c7124c0 JavaThread "Daemon periodic checks" [_thread_blocked, id=21048, stack(0x0000006662700000,0x0000006662800000)]
  0x000001a456637590 JavaThread "Daemon" [_thread_blocked, id=11500, stack(0x0000006662800000,0x0000006662900000)]
  0x000001a45c4fd860 JavaThread "Handler for socket connection from /127.0.0.1:54685 to /127.0.0.1:54686" [_thread_in_native, id=27812, stack(0x0000006662900000,0x0000006662a00000)]
  0x000001a45679a480 JavaThread "Cancel handler" [_thread_blocked, id=28084, stack(0x0000006662a00000,0x0000006662b00000)]
  0x000001a45c6228a0 JavaThread "Daemon worker" [_thread_blocked, id=16480, stack(0x0000006662b00000,0x0000006662c00000)]
  0x000001a45b112050 JavaThread "Asynchronous log dispatcher for DefaultDaemonConnection: socket connection from /127.0.0.1:54685 to /127.0.0.1:54686" [_thread_blocked, id=27856, stack(0x0000006662c00000,0x0000006662d00000)]
  0x000001a45c4be4e0 JavaThread "Stdin handler" [_thread_blocked, id=24672, stack(0x0000006662d00000,0x0000006662e00000)]
  0x000001a45c4be9c0 JavaThread "Daemon client event forwarder" [_thread_blocked, id=15652, stack(0x0000006662e00000,0x0000006662f00000)]
  0x000001a45b8a0280 JavaThread "Cache worker for journal cache (C:\Users\jjove\.gradle\caches\journal-1)" [_thread_blocked, id=17888, stack(0x0000006663300000,0x0000006663400000)]
  0x000001a45b89f860 JavaThread "File lock request listener" [_thread_in_native, id=19876, stack(0x0000006663400000,0x0000006663500000)]
  0x000001a45b8a25f0 JavaThread "Cache worker for file hash cache (C:\Users\jjove\.gradle\caches\8.7\fileHashes)" [_thread_blocked, id=24304, stack(0x0000006663500000,0x0000006663600000)]
  0x000001a45b8a11b0 JavaThread "Cache worker for file hash cache (C:\Users\jjove\OneDrive\Desktop\FixIT\FIXIT\.gradle\8.7\fileHashes)" [_thread_blocked, id=24180, stack(0x0000006663600000,0x0000006663700000)]
  0x000001a45b89fd70 JavaThread "File watcher server" daemon [_thread_blocked, id=16156, stack(0x0000006663700000,0x0000006663800000)]
  0x000001a45b8a0790 JavaThread "File watcher consumer" daemon [_thread_blocked, id=13596, stack(0x0000006663800000,0x0000006663900000)]
  0x000001a45b8a0ca0 JavaThread "Cache worker for checksums cache (C:\Users\jjove\OneDrive\Desktop\FixIT\FIXIT\.gradle\8.7\checksums)" [_thread_blocked, id=28524, stack(0x0000006663900000,0x0000006663a00000)]
  0x000001a45b8a16c0 JavaThread "Cache worker for cache directory md-supplier (C:\Users\jjove\.gradle\caches\8.7\md-supplier)" [_thread_blocked, id=23268, stack(0x0000006663a00000,0x0000006663b00000)]
  0x000001a45b8a1bd0 JavaThread "Cache worker for cache directory md-rule (C:\Users\jjove\.gradle\caches\8.7\md-rule)" [_thread_blocked, id=18936, stack(0x0000006663b00000,0x0000006663c00000)]
  0x000001a45b8a20e0 JavaThread "Cache worker for file content cache (C:\Users\jjove\.gradle\caches\8.7\fileContent)" [_thread_blocked, id=17140, stack(0x0000006663c00000,0x0000006663d00000)]
  0x000001a45cfe9a50 JavaThread "Cache worker for Build Output Cleanup Cache (C:\Users\jjove\OneDrive\Desktop\FixIT\FIXIT\.gradle\buildOutputCleanup)" [_thread_blocked, id=25092, stack(0x0000006663d00000,0x0000006663e00000)]
  0x000001a45cfeae90 JavaThread "Unconstrained build operations" [_thread_blocked, id=12936, stack(0x0000006663e00000,0x0000006663f00000)]
  0x000001a45cfe9f60 JavaThread "Unconstrained build operations Thread 2" [_thread_blocked, id=10384, stack(0x0000006663f00000,0x0000006664000000)]
  0x000001a45cfec2d0 JavaThread "Unconstrained build operations Thread 3" [_thread_blocked, id=20976, stack(0x0000006664000000,0x0000006664100000)]
  0x000001a45cfeeb50 JavaThread "Unconstrained build operations Thread 4" [_thread_blocked, id=23072, stack(0x0000006664100000,0x0000006664200000)]
  0x000001a45cfeb3a0 JavaThread "Unconstrained build operations Thread 5" [_thread_blocked, id=14532, stack(0x0000006664200000,0x0000006664300000)]
  0x000001a45cfef570 JavaThread "Unconstrained build operations Thread 6" [_thread_blocked, id=14888, stack(0x0000006664300000,0x0000006664400000)]
  0x000001a45cfef060 JavaThread "Unconstrained build operations Thread 7" [_thread_blocked, id=14328, stack(0x0000006664400000,0x0000006664500000)]
  0x000001a45cfed710 JavaThread "Unconstrained build operations Thread 8" [_thread_blocked, id=4568, stack(0x0000006664500000,0x0000006664600000)]
  0x000001a45cfeb8b0 JavaThread "Unconstrained build operations Thread 9" [_thread_blocked, id=13480, stack(0x0000006664700000,0x0000006664800000)]
  0x000001a45cfedc20 JavaThread "Unconstrained build operations Thread 10" [_thread_blocked, id=21928, stack(0x0000006664800000,0x0000006664900000)]
  0x000001a45cfee640 JavaThread "Unconstrained build operations Thread 11" [_thread_blocked, id=12916, stack(0x0000006664900000,0x0000006664a00000)]
  0x000001a45cfe8100 JavaThread "Unconstrained build operations Thread 12" [_thread_blocked, id=23280, stack(0x0000006664a00000,0x0000006664b00000)]
  0x000001a45cfefa80 JavaThread "Unconstrained build operations Thread 13" [_thread_blocked, id=3016, stack(0x0000006664b00000,0x0000006664c00000)]
  0x000001a45cfe8610 JavaThread "Unconstrained build operations Thread 14" [_thread_blocked, id=22148, stack(0x0000006664c00000,0x0000006664d00000)]

Other Threads:
=>0x000001a4562fc030 VMThread "VM Thread" [stack: 0x0000006661400000,0x0000006661500000] [id=10324]
  0x000001a43c48bdb0 WatcherThread [stack: 0x0000006662000000,0x0000006662100000] [id=7480]
  0x000001a43c4e5fa0 GCTaskThread "GC Thread#0" [stack: 0x0000006660f00000,0x0000006661000000] [id=3980]
  0x000001a45b0ed980 GCTaskThread "GC Thread#1" [stack: 0x0000006662100000,0x0000006662200000] [id=6680]
  0x000001a45bbfc980 GCTaskThread "GC Thread#2" [stack: 0x0000006662200000,0x0000006662300000] [id=23100]
  0x000001a45bc56ce0 GCTaskThread "GC Thread#3" [stack: 0x0000006662300000,0x0000006662400000] [id=7728]
  0x000001a45baa05b0 GCTaskThread "GC Thread#4" [stack: 0x0000006662400000,0x0000006662500000] [id=8568]
  0x000001a45c5863c0 GCTaskThread "GC Thread#5" [stack: 0x0000006662f00000,0x0000006663000000] [id=26204]
  0x000001a45caab040 GCTaskThread "GC Thread#6" [stack: 0x0000006663000000,0x0000006663100000] [id=11424]
  0x000001a45b6a6da0 GCTaskThread "GC Thread#7" [stack: 0x0000006663100000,0x0000006663200000] [id=16588]
  0x000001a43c4f6ef0 ConcurrentGCThread "G1 Main Marker" [stack: 0x0000006661000000,0x0000006661100000] [id=21588]
  0x000001a43c4f7910 ConcurrentGCThread "G1 Conc#0" [stack: 0x0000006661100000,0x0000006661200000] [id=4420]
  0x000001a45b1bd4a0 ConcurrentGCThread "G1 Conc#1" [stack: 0x0000006663200000,0x0000006663300000] [id=18696]
  0x000001a4561540e0 ConcurrentGCThread "G1 Refine#0" [stack: 0x0000006661200000,0x0000006661300000] [id=9760]
  0x000001a45b01eea0 ConcurrentGCThread "G1 Refine#1" [stack: 0x0000006664600000,0x0000006664700000] [id=8928]
  0x000001a456154b10 ConcurrentGCThread "G1 Service" [stack: 0x0000006661300000,0x0000006661400000] [id=7840]

Threads with active compile tasks:

VM state: at safepoint (normal execution)

VM Mutex/Monitor currently owned by a thread:  ([mutex/lock_event])
[0x000001a43c485740] Threads_lock - owner thread: 0x000001a4562fc030
[0x000001a43c486940] Heap_lock - owner thread: 0x000001a45c6228a0

Heap address: 0x0000000080000000, size: 2048 MB, Compressed Oops mode: 32-bit

CDS archive(s) not mapped
Compressed class space mapped at: 0x0000000100000000-0x0000000140000000, reserved size: 1073741824
Narrow klass base: 0x0000000000000000, Narrow klass shift: 3, Narrow klass range: 0x140000000

GC Precious Log:
 CPUs: 8 total, 8 available
 Memory: 8062M
 Large Page Support: Disabled
 NUMA Support: Disabled
 Compressed Oops: Enabled (32-bit)
 Heap Region Size: 1M
 Heap Min Capacity: 8M
 Heap Initial Capacity: 126M
 Heap Max Capacity: 2G
 Pre-touch: Disabled
 Parallel Workers: 8
 Concurrent Workers: 2
 Concurrent Refinement Workers: 8
 Periodic GC: Disabled

Heap:
 garbage-first heap   total 107520K, used 64430K [0x0000000080000000, 0x0000000100000000)
  region size 1024K, 1 young (1024K), 1 survivors (1024K)
 Metaspace       used 60372K, committed 60992K, reserved 1114112K
  class space    used 8264K, committed 8576K, reserved 1048576K

Heap Regions: E=young(eden), S=young(survivor), O=old, HS=humongous(starts), HC=humongous(continues), CS=collection set, F=free, OA=open archive, CA=closed archive, TAMS=top-at-mark-start (previous, next)
|   0|0x0000000080000000, 0x0000000080100000, 0x0000000080100000|100%|HS|  |TAMS 0x0000000080100000, 0x0000000080000000| Complete 
|   1|0x0000000080100000, 0x0000000080200000, 0x0000000080200000|100%|HC|  |TAMS 0x0000000080200000, 0x0000000080100000| Complete 
|   2|0x0000000080200000, 0x0000000080300000, 0x0000000080300000|100%|HC|  |TAMS 0x0000000080300000, 0x0000000080200000| Complete 
|   3|0x0000000080300000, 0x0000000080400000, 0x0000000080400000|100%|HC|  |TAMS 0x0000000080400000, 0x0000000080300000| Complete 
|   4|0x0000000080400000, 0x0000000080500000, 0x0000000080500000|100%| O|  |TAMS 0x0000000080500000, 0x0000000080400000| Untracked 
|   5|0x0000000080500000, 0x0000000080600000, 0x0000000080600000|100%| O|  |TAMS 0x0000000080600000, 0x0000000080500000| Untracked 
|   6|0x0000000080600000, 0x0000000080700000, 0x0000000080700000|100%| O|  |TAMS 0x0000000080700000, 0x0000000080600000| Untracked 
|   7|0x0000000080700000, 0x0000000080800000, 0x0000000080800000|100%| O|  |TAMS 0x0000000080800000, 0x0000000080700000| Untracked 
|   8|0x0000000080800000, 0x0000000080900000, 0x0000000080900000|100%| O|  |TAMS 0x0000000080900000, 0x0000000080800000| Untracked 
|   9|0x0000000080900000, 0x0000000080a00000, 0x0000000080a00000|100%| O|  |TAMS 0x0000000080a00000, 0x0000000080900000| Untracked 
|  10|0x0000000080a00000, 0x0000000080b00000, 0x0000000080b00000|100%| O|  |TAMS 0x0000000080b00000, 0x0000000080a00000| Untracked 
|  11|0x0000000080b00000, 0x0000000080c00000, 0x0000000080c00000|100%| O|  |TAMS 0x0000000080c00000, 0x0000000080b00000| Untracked 
|  12|0x0000000080c00000, 0x0000000080d00000, 0x0000000080d00000|100%| O|  |TAMS 0x0000000080d00000, 0x0000000080c00000| Untracked 
|  13|0x0000000080d00000, 0x0000000080e00000, 0x0000000080e00000|100%| O|  |TAMS 0x0000000080e00000, 0x0000000080d00000| Untracked 
|  14|0x0000000080e00000, 0x0000000080f00000, 0x0000000080f00000|100%| O|  |TAMS 0x0000000080f00000, 0x0000000080e00000| Untracked 
|  15|0x0000000080f00000, 0x0000000081000000, 0x0000000081000000|100%| O|  |TAMS 0x0000000081000000, 0x0000000080f00000| Untracked 
|  16|0x0000000081000000, 0x0000000081100000, 0x0000000081100000|100%| O|  |TAMS 0x0000000081100000, 0x0000000081000000| Untracked 
|  17|0x0000000081100000, 0x0000000081200000, 0x0000000081200000|100%| O|  |TAMS 0x0000000081200000, 0x0000000081100000| Untracked 
|  18|0x0000000081200000, 0x0000000081300000, 0x0000000081300000|100%| O|  |TAMS 0x0000000081300000, 0x0000000081200000| Untracked 
|  19|0x0000000081300000, 0x0000000081400000, 0x0000000081400000|100%| O|  |TAMS 0x0000000081400000, 0x0000000081300000| Untracked 
|  20|0x0000000081400000, 0x0000000081500000, 0x0000000081500000|100%| O|  |TAMS 0x0000000081500000, 0x0000000081400000| Untracked 
|  21|0x0000000081500000, 0x0000000081600000, 0x0000000081600000|100%| O|  |TAMS 0x0000000081600000, 0x0000000081500000| Untracked 
|  22|0x0000000081600000, 0x0000000081700000, 0x0000000081700000|100%| O|  |TAMS 0x0000000081700000, 0x0000000081600000| Untracked 
|  23|0x0000000081700000, 0x0000000081800000, 0x0000000081800000|100%| O|  |TAMS 0x0000000081800000, 0x0000000081700000| Untracked 
|  24|0x0000000081800000, 0x0000000081900000, 0x0000000081900000|100%| O|  |TAMS 0x0000000081900000, 0x0000000081800000| Untracked 
|  25|0x0000000081900000, 0x0000000081a00000, 0x0000000081a00000|100%| O|  |TAMS 0x0000000081a00000, 0x0000000081900000| Untracked 
|  26|0x0000000081a00000, 0x0000000081b00000, 0x0000000081b00000|100%| O|  |TAMS 0x0000000081b00000, 0x0000000081a00000| Untracked 
|  27|0x0000000081b00000, 0x0000000081c00000, 0x0000000081c00000|100%| O|  |TAMS 0x0000000081c00000, 0x0000000081b00000| Untracked 
|  28|0x0000000081c00000, 0x0000000081d00000, 0x0000000081d00000|100%| O|  |TAMS 0x0000000081d00000, 0x0000000081c00000| Untracked 
|  29|0x0000000081d00000, 0x0000000081e00000, 0x0000000081e00000|100%|HS|  |TAMS 0x0000000081e00000, 0x0000000081d00000| Complete 
|  30|0x0000000081e00000, 0x0000000081f00000, 0x0000000081f00000|100%| O|  |TAMS 0x0000000081f00000, 0x0000000081e00000| Untracked 
|  31|0x0000000081f00000, 0x0000000082000000, 0x0000000082000000|100%| O|  |TAMS 0x0000000082000000, 0x0000000081f00000| Untracked 
|  32|0x0000000082000000, 0x0000000082100000, 0x0000000082100000|100%| O|  |TAMS 0x0000000082100000, 0x0000000082000000| Untracked 
|  33|0x0000000082100000, 0x0000000082200000, 0x0000000082200000|100%| O|  |TAMS 0x0000000082200000, 0x0000000082100000| Untracked 
|  34|0x0000000082200000, 0x0000000082300000, 0x0000000082300000|100%| O|  |TAMS 0x0000000082300000, 0x0000000082200000| Untracked 
|  35|0x0000000082300000, 0x0000000082400000, 0x0000000082400000|100%| O|  |TAMS 0x0000000082400000, 0x0000000082300000| Untracked 
|  36|0x0000000082400000, 0x0000000082500000, 0x0000000082500000|100%| O|  |TAMS 0x0000000082500000, 0x0000000082400000| Untracked 
|  37|0x0000000082500000, 0x0000000082600000, 0x0000000082600000|100%| O|  |TAMS 0x0000000082600000, 0x0000000082500000| Untracked 
|  38|0x0000000082600000, 0x0000000082700000, 0x0000000082700000|100%| O|  |TAMS 0x0000000082700000, 0x0000000082600000| Untracked 
|  39|0x0000000082700000, 0x0000000082800000, 0x0000000082800000|100%|HS|  |TAMS 0x0000000082800000, 0x0000000082700000| Complete 
|  40|0x0000000082800000, 0x0000000082900000, 0x0000000082900000|100%|HS|  |TAMS 0x0000000082900000, 0x0000000082800000| Complete 
|  41|0x0000000082900000, 0x0000000082a00000, 0x0000000082a00000|100%|HS|  |TAMS 0x0000000082a00000, 0x0000000082900000| Complete 
|  42|0x0000000082a00000, 0x0000000082b00000, 0x0000000082b00000|100%|HC|  |TAMS 0x0000000082b00000, 0x0000000082a00000| Complete 
|  43|0x0000000082b00000, 0x0000000082c00000, 0x0000000082c00000|100%|HS|  |TAMS 0x0000000082c00000, 0x0000000082b00000| Complete 
|  44|0x0000000082c00000, 0x0000000082d00000, 0x0000000082d00000|100%|HC|  |TAMS 0x0000000082d00000, 0x0000000082c00000| Complete 
|  45|0x0000000082d00000, 0x0000000082e00000, 0x0000000082e00000|100%|HS|  |TAMS 0x0000000082e00000, 0x0000000082d00000| Complete 
|  46|0x0000000082e00000, 0x0000000082f00000, 0x0000000082f00000|100%|HS|  |TAMS 0x0000000082f00000, 0x0000000082e00000| Complete 
|  47|0x0000000082f00000, 0x0000000083000000, 0x0000000083000000|100%| O|  |TAMS 0x0000000083000000, 0x0000000082f00000| Untracked 
|  48|0x0000000083000000, 0x0000000083100000, 0x0000000083100000|100%| O|  |TAMS 0x0000000083000000, 0x0000000083000000| Untracked 
|  49|0x0000000083100000, 0x0000000083200000, 0x0000000083200000|100%| O|  |TAMS 0x0000000083200000, 0x0000000083100000| Untracked 
|  50|0x0000000083200000, 0x0000000083300000, 0x0000000083300000|100%|HS|  |TAMS 0x0000000083200000, 0x0000000083200000| Complete 
|  51|0x0000000083300000, 0x0000000083400000, 0x0000000083400000|100%| O|  |TAMS 0x0000000083300000, 0x0000000083300000| Untracked 
|  52|0x0000000083400000, 0x0000000083500000, 0x0000000083500000|100%| O|  |TAMS 0x0000000083500000, 0x0000000083400000| Untracked 
|  53|0x0000000083500000, 0x0000000083600000, 0x0000000083600000|100%| O|  |TAMS 0x0000000083600000, 0x0000000083500000| Untracked 
|  54|0x0000000083600000, 0x0000000083700000, 0x0000000083700000|100%|HS|  |TAMS 0x0000000083700000, 0x0000000083600000| Complete 
|  55|0x0000000083700000, 0x0000000083800000, 0x0000000083800000|100%|HC|  |TAMS 0x0000000083800000, 0x0000000083700000| Complete 
|  56|0x0000000083800000, 0x0000000083900000, 0x0000000083900000|100%|HC|  |TAMS 0x0000000083900000, 0x0000000083800000| Complete 
|  57|0x0000000083900000, 0x0000000083a00000, 0x0000000083a00000|100%|HC|  |TAMS 0x0000000083a00000, 0x0000000083900000| Complete 
|  58|0x0000000083a00000, 0x0000000083a68800, 0x0000000083b00000| 40%| O|  |TAMS 0x0000000083a00000, 0x0000000083a00000| Untracked 
|  59|0x0000000083b00000, 0x0000000083c00000, 0x0000000083c00000|100%| O|  |TAMS 0x0000000083c00000, 0x0000000083b00000| Untracked 
|  60|0x0000000083c00000, 0x0000000083d00000, 0x0000000083d00000|100%| O|  |TAMS 0x0000000083c50c00, 0x0000000083c00000| Untracked 
|  61|0x0000000083d00000, 0x0000000083d00000, 0x0000000083e00000|  0%| F|  |TAMS 0x0000000083d00000, 0x0000000083d00000| Untracked 
|  62|0x0000000083e00000, 0x0000000083e00000, 0x0000000083f00000|  0%| F|  |TAMS 0x0000000083e00000, 0x0000000083e00000| Untracked 
|  63|0x0000000083f00000, 0x0000000083f00000, 0x0000000084000000|  0%| F|  |TAMS 0x0000000083f00000, 0x0000000083f00000| Untracked 
|  64|0x0000000084000000, 0x0000000084000000, 0x0000000084100000|  0%| F|  |TAMS 0x0000000084000000, 0x0000000084000000| Untracked 
|  65|0x0000000084100000, 0x0000000084100000, 0x0000000084200000|  0%| F|  |TAMS 0x0000000084100000, 0x0000000084100000| Untracked 
|  66|0x0000000084200000, 0x0000000084200000, 0x0000000084300000|  0%| F|  |TAMS 0x0000000084200000, 0x0000000084200000| Untracked 
|  67|0x0000000084300000, 0x0000000084300000, 0x0000000084400000|  0%| F|  |TAMS 0x0000000084300000, 0x0000000084300000| Untracked 
|  68|0x0000000084400000, 0x0000000084400000, 0x0000000084500000|  0%| F|  |TAMS 0x0000000084400000, 0x0000000084400000| Untracked 
|  69|0x0000000084500000, 0x0000000084500000, 0x0000000084600000|  0%| F|  |TAMS 0x0000000084500000, 0x0000000084500000| Untracked 
|  70|0x0000000084600000, 0x0000000084600000, 0x0000000084700000|  0%| F|  |TAMS 0x0000000084600000, 0x0000000084600000| Untracked 
|  71|0x0000000084700000, 0x0000000084700000, 0x0000000084800000|  0%| F|  |TAMS 0x0000000084700000, 0x0000000084700000| Untracked 
|  72|0x0000000084800000, 0x0000000084800000, 0x0000000084900000|  0%| F|  |TAMS 0x0000000084800000, 0x0000000084800000| Untracked 
|  73|0x0000000084900000, 0x0000000084900000, 0x0000000084a00000|  0%| F|  |TAMS 0x0000000084900000, 0x0000000084900000| Untracked 
|  74|0x0000000084a00000, 0x0000000084a00000, 0x0000000084b00000|  0%| F|  |TAMS 0x0000000084a00000, 0x0000000084a00000| Untracked 
|  75|0x0000000084b00000, 0x0000000084b00000, 0x0000000084c00000|  0%| F|  |TAMS 0x0000000084b00000, 0x0000000084b00000| Untracked 
|  76|0x0000000084c00000, 0x0000000084c00000, 0x0000000084d00000|  0%| F|  |TAMS 0x0000000084c00000, 0x0000000084c00000| Untracked 
|  77|0x0000000084d00000, 0x0000000084d00000, 0x0000000084e00000|  0%| F|  |TAMS 0x0000000084d00000, 0x0000000084d00000| Untracked 
|  78|0x0000000084e00000, 0x0000000084e00000, 0x0000000084f00000|  0%| F|  |TAMS 0x0000000084e00000, 0x0000000084e00000| Untracked 
|  79|0x0000000084f00000, 0x0000000084f00000, 0x0000000085000000|  0%| F|  |TAMS 0x0000000084f00000, 0x0000000084f00000| Untracked 
|  80|0x0000000085000000, 0x0000000085000000, 0x0000000085100000|  0%| F|  |TAMS 0x0000000085000000, 0x0000000085000000| Untracked 
|  81|0x0000000085100000, 0x0000000085100000, 0x0000000085200000|  0%| F|  |TAMS 0x0000000085100000, 0x0000000085100000| Untracked 
|  82|0x0000000085200000, 0x0000000085200000, 0x0000000085300000|  0%| F|  |TAMS 0x0000000085200000, 0x0000000085200000| Untracked 
|  83|0x0000000085300000, 0x0000000085300000, 0x0000000085400000|  0%| F|  |TAMS 0x0000000085300000, 0x0000000085300000| Untracked 
|  84|0x0000000085400000, 0x0000000085483348, 0x0000000085500000| 51%| S|CS|TAMS 0x0000000085400000, 0x0000000085400000| Complete 
|  85|0x0000000085500000, 0x0000000085500000, 0x0000000085600000|  0%| F|  |TAMS 0x0000000085500000, 0x0000000085500000| Untracked 
|  86|0x0000000085600000, 0x0000000085600000, 0x0000000085700000|  0%| F|  |TAMS 0x0000000085600000, 0x0000000085600000| Untracked 
|  87|0x0000000085700000, 0x0000000085700000, 0x0000000085800000|  0%| F|  |TAMS 0x0000000085700000, 0x0000000085700000| Untracked 
|  88|0x0000000085800000, 0x0000000085800000, 0x0000000085900000|  0%| F|  |TAMS 0x0000000085800000, 0x0000000085800000| Untracked 
|  89|0x0000000085900000, 0x0000000085900000, 0x0000000085a00000|  0%| F|  |TAMS 0x0000000085900000, 0x0000000085900000| Untracked 
|  90|0x0000000085a00000, 0x0000000085a00000, 0x0000000085b00000|  0%| F|  |TAMS 0x0000000085a00000, 0x0000000085a00000| Untracked 
|  91|0x0000000085b00000, 0x0000000085b00000, 0x0000000085c00000|  0%| F|  |TAMS 0x0000000085b00000, 0x0000000085b00000| Untracked 
|  92|0x0000000085c00000, 0x0000000085c00000, 0x0000000085d00000|  0%| F|  |TAMS 0x0000000085c00000, 0x0000000085c00000| Untracked 
|  93|0x0000000085d00000, 0x0000000085d00000, 0x0000000085e00000|  0%| F|  |TAMS 0x0000000085d00000, 0x0000000085d00000| Untracked 
|  94|0x0000000085e00000, 0x0000000085e00000, 0x0000000085f00000|  0%| F|  |TAMS 0x0000000085e00000, 0x0000000085e00000| Untracked 
|  95|0x0000000085f00000, 0x0000000085f00000, 0x0000000086000000|  0%| F|  |TAMS 0x0000000085f00000, 0x0000000085f00000| Untracked 
|  96|0x0000000086000000, 0x0000000086000000, 0x0000000086100000|  0%| F|  |TAMS 0x0000000086000000, 0x0000000086000000| Untracked 
|  97|0x0000000086100000, 0x0000000086100000, 0x0000000086200000|  0%| F|  |TAMS 0x0000000086100000, 0x0000000086100000| Untracked 
|  98|0x0000000086200000, 0x0000000086200000, 0x0000000086300000|  0%| F|  |TAMS 0x0000000086200000, 0x0000000086200000| Untracked 
|  99|0x0000000086300000, 0x0000000086300000, 0x0000000086400000|  0%| F|  |TAMS 0x0000000086300000, 0x0000000086300000| Untracked 
| 100|0x0000000086400000, 0x0000000086400000, 0x0000000086500000|  0%| F|  |TAMS 0x0000000086400000, 0x0000000086400000| Untracked 
| 125|0x0000000087d00000, 0x0000000087d00000, 0x0000000087e00000|  0%| F|  |TAMS 0x0000000087d00000, 0x0000000087d00000| Untracked 
|2045|0x00000000ffd00000, 0x00000000ffd00000, 0x00000000ffe00000|  0%| F|  |TAMS 0x00000000ffd00000, 0x00000000ffd00000| Untracked 
|2046|0x00000000ffe00000, 0x00000000fff00000, 0x00000000fff00000|100%| O|  |TAMS 0x00000000fff00000, 0x00000000ffe00000| Untracked 
|2047|0x00000000fff00000, 0x0000000100000000, 0x0000000100000000|100%| O|  |TAMS 0x0000000100000000, 0x00000000fff00000| Untracked 

Card table byte_map: [0x000001a44f090000,0x000001a44f490000] _byte_map_base: 0x000001a44ec90000

Marking Bits (Prev, Next): (CMBitMap*) 0x000001a43c4e65c0, (CMBitMap*) 0x000001a43c4e6600
 Prev Bits: [0x000001a44f890000, 0x000001a451890000)
 Next Bits: [0x000001a451890000, 0x000001a453890000)

Polling page: 0x000001a43a480000

Metaspace:

Usage:
  Non-class:     50.89 MB used.
      Class:      8.07 MB used.
       Both:     58.96 MB used.

Virtual space:
  Non-class space:       64.00 MB reserved,      51.19 MB ( 80%) committed,  1 nodes.
      Class space:        1.00 GB reserved,       8.38 MB ( <1%) committed,  1 nodes.
             Both:        1.06 GB reserved,      59.56 MB (  5%) committed. 

Chunk freelists:
   Non-Class:  12.38 MB
       Class:  7.67 MB
        Both:  20.05 MB

MaxMetaspaceSize: unlimited
CompressedClassSpaceSize: 1.00 GB
Initial GC threshold: 21.00 MB
Current GC threshold: 94.50 MB
CDS: off
MetaspaceReclaimPolicy: balanced
 - commit_granule_bytes: 65536.
 - commit_granule_words: 8192.
 - virtual_space_node_default_size: 8388608.
 - enlarge_chunks_in_place: 1.
 - new_chunks_are_fully_committed: 0.
 - uncommit_free_chunks: 1.
 - use_allocation_guard: 0.
 - handle_deallocations: 1.


Internal statistics:

num_allocs_failed_limit: 6.
num_arena_births: 710.
num_arena_deaths: 0.
num_vsnodes_births: 2.
num_vsnodes_deaths: 0.
num_space_committed: 953.
num_space_uncommitted: 0.
num_chunks_returned_to_freelist: 6.
num_chunks_taken_from_freelist: 2787.
num_chunk_merges: 6.
num_chunk_splits: 1837.
num_chunks_enlarged: 1240.
num_inconsistent_stats: 0.

CodeHeap 'non-profiled nmethods': size=120000Kb used=2768Kb max_used=3315Kb free=117231Kb
 bounds [0x000001a447430000, 0x000001a447770000, 0x000001a44e960000]
CodeHeap 'profiled nmethods': size=120000Kb used=11404Kb max_used=13225Kb free=108595Kb
 bounds [0x000001a43f960000, 0x000001a440650000, 0x000001a446e90000]
CodeHeap 'non-nmethods': size=5760Kb used=1630Kb max_used=1695Kb free=4129Kb
 bounds [0x000001a446e90000, 0x000001a447100000, 0x000001a447430000]
 total_blobs=6881 nmethods=6171 adapters=621
 compilation: enabled
              stopped_count=0, restarted_count=0
 full_count=0

Compilation events (20 events):
Event: 27.000 Thread 0x000001a456478f40 7125       3       org.gradle.internal.classloader.TransformReplacer::getLoader (46 bytes)
Event: 27.002 Thread 0x000001a456478f40 nmethod 7125 0x000001a43f9a1210 code [0x000001a43f9a1460, 0x000001a43f9a1f18]
Event: 27.003 Thread 0x000001a456478f40 7126       3       org.gradle.internal.classloader.TransformErrorHandler::enterClassLoadingScope (50 bytes)
Event: 27.004 Thread 0x000001a456478f40 nmethod 7126 0x000001a43f973710 code [0x000001a43f9739a0, 0x000001a43f9743f8]
Event: 27.007 Thread 0x000001a456478f40 7127       3       org.gradle.internal.io.StreamByteBuffer::readAsByteArray (21 bytes)
Event: 27.008 Thread 0x000001a456478f40 nmethod 7127 0x000001a43fba0c10 code [0x000001a43fba0dc0, 0x000001a43fba0ff8]
Event: 27.010 Thread 0x000001a456478f40 7128       3       org.gradle.internal.io.StreamByteBuffer::readFully (27 bytes)
Event: 27.010 Thread 0x000001a456478f40 nmethod 7128 0x000001a43fea6610 code [0x000001a43fea67c0, 0x000001a43fea6a18]
Event: 27.023 Thread 0x000001a4564738b0 7129       4       java.util.zip.ZipUtils::get16 (21 bytes)
Event: 27.024 Thread 0x000001a4564738b0 nmethod 7129 0x000001a4474aa490 code [0x000001a4474aa600, 0x000001a4474aa6b8]
Event: 27.057 Thread 0x000001a4564738b0 7130   !   4       sun.instrument.TransformerManager::transform (100 bytes)
Event: 27.078 Thread 0x000001a4564738b0 nmethod 7130 0x000001a4475d1510 code [0x000001a4475d16c0, 0x000001a4475d1c58]
Event: 27.078 Thread 0x000001a4564738b0 7132       4       sun.instrument.InstrumentationImpl::transform (73 bytes)
Event: 27.106 Thread 0x000001a4564738b0 nmethod 7132 0x000001a44744ae10 code [0x000001a44744afe0, 0x000001a44744b678]
Event: 27.106 Thread 0x000001a4564738b0 7131       4       java.lang.instrument.ClassFileTransformer::transform (15 bytes)
Event: 27.111 Thread 0x000001a4564738b0 nmethod 7131 0x000001a4474dd010 code [0x000001a4474dd1c0, 0x000001a4474dd418]
Event: 27.143 Thread 0x000001a4564738b0 7133       4       java.lang.String::indexOf (64 bytes)
Event: 27.146 Thread 0x000001a4564738b0 nmethod 7133 0x000001a4474dcb10 code [0x000001a4474dcc80, 0x000001a4474dced8]
Event: 27.163 Thread 0x000001a4564738b0 7134   !   4       java.lang.ClassLoader::loadClass (121 bytes)
Event: 27.188 Thread 0x000001a4564738b0 nmethod 7134 0x000001a447485410 code [0x000001a447485600, 0x000001a447486498]

GC Heap History (20 events):
Event: 19.442 GC heap after
{Heap after GC invocations=19 (full 0):
 garbage-first heap   total 68608K, used 35751K [0x0000000080000000, 0x0000000100000000)
  region size 1024K, 2 young (2048K), 2 survivors (2048K)
 Metaspace       used 55230K, committed 55808K, reserved 1114112K
  class space    used 7616K, committed 7872K, reserved 1048576K
}
Event: 22.084 GC heap before
{Heap before GC invocations=19 (full 0):
 garbage-first heap   total 68608K, used 55207K [0x0000000080000000, 0x0000000100000000)
  region size 1024K, 22 young (22528K), 2 survivors (2048K)
 Metaspace       used 56241K, committed 56832K, reserved 1114112K
  class space    used 7719K, committed 8000K, reserved 1048576K
}
Event: 22.092 GC heap after
{Heap after GC invocations=20 (full 0):
 garbage-first heap   total 68608K, used 38568K [0x0000000080000000, 0x0000000100000000)
  region size 1024K, 3 young (3072K), 3 survivors (3072K)
 Metaspace       used 56241K, committed 56832K, reserved 1114112K
  class space    used 7719K, committed 8000K, reserved 1048576K
}
Event: 22.612 GC heap before
{Heap before GC invocations=21 (full 0):
 garbage-first heap   total 70656K, used 54952K [0x0000000080000000, 0x0000000100000000)
  region size 1024K, 20 young (20480K), 3 survivors (3072K)
 Metaspace       used 56516K, committed 57088K, reserved 1114112K
  class space    used 7739K, committed 8000K, reserved 1048576K
}
Event: 22.621 GC heap after
{Heap after GC invocations=22 (full 0):
 garbage-first heap   total 70656K, used 41453K [0x0000000080000000, 0x0000000100000000)
  region size 1024K, 3 young (3072K), 3 survivors (3072K)
 Metaspace       used 56516K, committed 57088K, reserved 1114112K
  class space    used 7739K, committed 8000K, reserved 1048576K
}
Event: 23.107 GC heap before
{Heap before GC invocations=22 (full 0):
 garbage-first heap   total 70656K, used 55789K [0x0000000080000000, 0x0000000100000000)
  region size 1024K, 18 young (18432K), 3 survivors (3072K)
 Metaspace       used 56850K, committed 57472K, reserved 1114112K
  class space    used 7774K, committed 8064K, reserved 1048576K
}
Event: 23.112 GC heap after
{Heap after GC invocations=23 (full 0):
 garbage-first heap   total 70656K, used 42476K [0x0000000080000000, 0x0000000100000000)
  region size 1024K, 3 young (3072K), 3 survivors (3072K)
 Metaspace       used 56850K, committed 57472K, reserved 1114112K
  class space    used 7774K, committed 8064K, reserved 1048576K
}
Event: 24.434 GC heap before
{Heap before GC invocations=24 (full 0):
 garbage-first heap   total 73728K, used 66028K [0x0000000080000000, 0x0000000100000000)
  region size 1024K, 16 young (16384K), 3 survivors (3072K)
 Metaspace       used 57277K, committed 57856K, reserved 1114112K
  class space    used 7846K, committed 8128K, reserved 1048576K
}
Event: 24.444 GC heap after
{Heap after GC invocations=25 (full 0):
 garbage-first heap   total 76800K, used 60254K [0x0000000080000000, 0x0000000100000000)
  region size 1024K, 3 young (3072K), 3 survivors (3072K)
 Metaspace       used 57277K, committed 57856K, reserved 1114112K
  class space    used 7846K, committed 8128K, reserved 1048576K
}
Event: 24.497 GC heap before
{Heap before GC invocations=25 (full 0):
 garbage-first heap   total 76800K, used 61278K [0x0000000080000000, 0x0000000100000000)
  region size 1024K, 4 young (4096K), 3 survivors (3072K)
 Metaspace       used 57277K, committed 57856K, reserved 1114112K
  class space    used 7846K, committed 8128K, reserved 1048576K
}
Event: 24.500 GC heap after
{Heap after GC invocations=26 (full 0):
 garbage-first heap   total 76800K, used 60427K [0x0000000080000000, 0x0000000100000000)
  region size 1024K, 1 young (1024K), 1 survivors (1024K)
 Metaspace       used 57277K, committed 57856K, reserved 1114112K
  class space    used 7846K, committed 8128K, reserved 1048576K
}
Event: 24.619 GC heap before
{Heap before GC invocations=26 (full 0):
 garbage-first heap   total 76800K, used 62475K [0x0000000080000000, 0x0000000100000000)
  region size 1024K, 3 young (3072K), 1 survivors (1024K)
 Metaspace       used 57337K, committed 57920K, reserved 1114112K
  class space    used 7853K, committed 8128K, reserved 1048576K
}
Event: 24.622 GC heap after
{Heap after GC invocations=27 (full 0):
 garbage-first heap   total 76800K, used 62402K [0x0000000080000000, 0x0000000100000000)
  region size 1024K, 1 young (1024K), 1 survivors (1024K)
 Metaspace       used 57337K, committed 57920K, reserved 1114112K
  class space    used 7853K, committed 8128K, reserved 1048576K
}
Event: 24.698 GC heap before
{Heap before GC invocations=27 (full 0):
 garbage-first heap   total 107520K, used 64450K [0x0000000080000000, 0x0000000100000000)
  region size 1024K, 3 young (3072K), 1 survivors (1024K)
 Metaspace       used 57469K, committed 58048K, reserved 1114112K
  class space    used 7882K, committed 8128K, reserved 1048576K
}
Event: 24.700 GC heap after
{Heap after GC invocations=28 (full 0):
 garbage-first heap   total 107520K, used 62702K [0x0000000080000000, 0x0000000100000000)
  region size 1024K, 1 young (1024K), 1 survivors (1024K)
 Metaspace       used 57469K, committed 58048K, reserved 1114112K
  class space    used 7882K, committed 8128K, reserved 1048576K
}
Event: 26.113 GC heap before
{Heap before GC invocations=29 (full 0):
 garbage-first heap   total 107520K, used 79086K [0x0000000080000000, 0x0000000100000000)
  region size 1024K, 17 young (17408K), 1 survivors (1024K)
 Metaspace       used 58686K, committed 59328K, reserved 1114112K
  class space    used 8030K, committed 8320K, reserved 1048576K
}
Event: 26.116 GC heap after
{Heap after GC invocations=30 (full 0):
 garbage-first heap   total 107520K, used 64609K [0x0000000080000000, 0x0000000100000000)
  region size 1024K, 2 young (2048K), 2 survivors (2048K)
 Metaspace       used 58686K, committed 59328K, reserved 1114112K
  class space    used 8030K, committed 8320K, reserved 1048576K
}
Event: 26.291 GC heap before
{Heap before GC invocations=30 (full 0):
 garbage-first heap   total 107520K, used 67681K [0x0000000080000000, 0x0000000100000000)
  region size 1024K, 5 young (5120K), 2 survivors (2048K)
 Metaspace       used 58883K, committed 59456K, reserved 1114112K
  class space    used 8061K, committed 8320K, reserved 1048576K
}
Event: 26.294 GC heap after
{Heap after GC invocations=31 (full 0):
 garbage-first heap   total 107520K, used 64017K [0x0000000080000000, 0x0000000100000000)
  region size 1024K, 1 young (1024K), 1 survivors (1024K)
 Metaspace       used 58883K, committed 59456K, reserved 1114112K
  class space    used 8061K, committed 8320K, reserved 1048576K
}
Event: 27.190 GC heap before
{Heap before GC invocations=31 (full 0):
 garbage-first heap   total 107520K, used 81425K [0x0000000080000000, 0x0000000100000000)
  region size 1024K, 18 young (18432K), 1 survivors (1024K)
 Metaspace       used 60372K, committed 60992K, reserved 1114112K
  class space    used 8264K, committed 8576K, reserved 1048576K
}

Dll operation events (3 events):
Event: 0.050 Loaded shared library C:\Program Files\Android\Android Studio1\jbr\bin\java.dll
Event: 0.575 Loaded shared library C:\Program Files\Android\Android Studio1\jbr\bin\zip.dll
Event: 1.899 Loaded shared library C:\Program Files\Android\Android Studio1\jbr\bin\verify.dll

Deoptimization events (20 events):
Event: 24.961 Thread 0x000001a45c6228a0 Uncommon trap: trap_request=0xffffffde fr.pc=0x000001a4476a07d0 relative=0x0000000000006370
Event: 24.961 Thread 0x000001a45c6228a0 Uncommon trap: reason=class_check action=maybe_recompile pc=0x000001a4476a07d0 method=java.util.jar.JarFile.getManifestFromReference()Ljava/util/jar/Manifest; @ 152 c2
Event: 24.961 Thread 0x000001a45c6228a0 DEOPT PACKING pc=0x000001a4476a07d0 sp=0x0000006662bf6ab0
Event: 24.961 Thread 0x000001a45c6228a0 DEOPT UNPACKING pc=0x000001a446ee69a3 sp=0x0000006662bf68a8 mode 2
Event: 24.970 Thread 0x000001a45c6228a0 Uncommon trap: trap_request=0xffffffde fr.pc=0x000001a4475fd110 relative=0x0000000000000990
Event: 24.970 Thread 0x000001a45c6228a0 Uncommon trap: reason=class_check action=maybe_recompile pc=0x000001a4475fd110 method=java.io.BufferedInputStream.read1([BII)I @ 39 c2
Event: 24.970 Thread 0x000001a45c6228a0 DEOPT PACKING pc=0x000001a4475fd110 sp=0x0000006662bf6900
Event: 24.971 Thread 0x000001a45c6228a0 DEOPT UNPACKING pc=0x000001a446ee69a3 sp=0x0000006662bf6818 mode 2
Event: 24.971 Thread 0x000001a45c6228a0 Uncommon trap: trap_request=0xffffffde fr.pc=0x000001a4475fd110 relative=0x0000000000000990
Event: 24.971 Thread 0x000001a45c6228a0 Uncommon trap: reason=class_check action=maybe_recompile pc=0x000001a4475fd110 method=java.io.BufferedInputStream.read1([BII)I @ 39 c2
Event: 24.971 Thread 0x000001a45c6228a0 DEOPT PACKING pc=0x000001a4475fd110 sp=0x0000006662bf6900
Event: 24.971 Thread 0x000001a45c6228a0 DEOPT UNPACKING pc=0x000001a446ee69a3 sp=0x0000006662bf6818 mode 2
Event: 24.971 Thread 0x000001a45c6228a0 Uncommon trap: trap_request=0xffffffde fr.pc=0x000001a4475fd110 relative=0x0000000000000990
Event: 24.971 Thread 0x000001a45c6228a0 Uncommon trap: reason=class_check action=maybe_recompile pc=0x000001a4475fd110 method=java.io.BufferedInputStream.read1([BII)I @ 39 c2
Event: 24.971 Thread 0x000001a45c6228a0 DEOPT PACKING pc=0x000001a4475fd110 sp=0x0000006662bf6900
Event: 24.971 Thread 0x000001a45c6228a0 DEOPT UNPACKING pc=0x000001a446ee69a3 sp=0x0000006662bf6818 mode 2
Event: 25.410 Thread 0x000001a45c6228a0 Uncommon trap: trap_request=0xffffffde fr.pc=0x000001a4476a07d0 relative=0x0000000000006370
Event: 25.410 Thread 0x000001a45c6228a0 Uncommon trap: reason=class_check action=maybe_recompile pc=0x000001a4476a07d0 method=java.util.jar.JarFile.getManifestFromReference()Ljava/util/jar/Manifest; @ 152 c2
Event: 25.410 Thread 0x000001a45c6228a0 DEOPT PACKING pc=0x000001a4476a07d0 sp=0x0000006662bf6340
Event: 25.410 Thread 0x000001a45c6228a0 DEOPT UNPACKING pc=0x000001a446ee69a3 sp=0x0000006662bf6138 mode 2

Classes unloaded (0 events):
No events

Classes redefined (0 events):
No events

Internal exceptions (20 events):
Event: 19.282 Thread 0x000001a45c6228a0 Exception <a 'java/lang/NoSuchMethodError'{0x0000000082d07b90}: 'java.lang.Object java.lang.invoke.Invokers$Holder.linkToTargetMethod(java.lang.Object, java.lang.Object, java.lang.Object, java.lang.Object, int, java.lang.Object)'> (0x0000000082d07b90) 
thrown [s\src\hotspot\share\interpreter\linkResolver.cpp, line 771]
Event: 19.296 Thread 0x000001a45c6228a0 Exception <a 'java/lang/NoSuchMethodError'{0x0000000082d3a870}: 'java.lang.Object java.lang.invoke.DirectMethodHandle$Holder.invokeSpecial(java.lang.Object, java.lang.Object, java.lang.Object, java.lang.Object, java.lang.Object, long)'> (0x0000000082d3a870) 
thrown [s\src\hotspot\share\interpreter\linkResolver.cpp, line 771]
Event: 19.302 Thread 0x000001a45c6228a0 Exception <a 'java/lang/NoSuchMethodError'{0x0000000082d5dc78}: 'void java.lang.invoke.DirectMethodHandle$Holder.invokeStatic(java.lang.Object, java.lang.Object, java.lang.Object, int, java.lang.Object)'> (0x0000000082d5dc78) 
thrown [s\src\hotspot\share\interpreter\linkResolver.cpp, line 771]
Event: 22.036 Thread 0x000001a45c6228a0 Exception <a 'java/lang/NoSuchMethodError'{0x00000000830b8aa8}: 'java.lang.Object java.lang.invoke.DirectMethodHandle$Holder.newInvokeSpecial(java.lang.Object, java.lang.Object, java.lang.Object, java.lang.Object, int, java.lang.Object)'> (0x00000000830b8aa8) 
thrown [s\src\hotspot\share\interpreter\linkResolver.cpp, line 771]
Event: 22.037 Thread 0x000001a45c6228a0 Exception <a 'java/lang/NoSuchMethodError'{0x00000000830bde00}: 'java.lang.Object java.lang.invoke.Invokers$Holder.linkToTargetMethod(java.lang.Object, java.lang.Object, java.lang.Object, int, java.lang.Object, java.lang.Object)'> (0x00000000830bde00) 
thrown [s\src\hotspot\share\interpreter\linkResolver.cpp, line 771]
Event: 22.949 Thread 0x000001a45c6228a0 Exception <a 'java/lang/NoSuchMethodError'{0x000000008399f6b8}: 'long java.lang.invoke.DirectMethodHandle$Holder.invokeVirtual(java.lang.Object, java.lang.Object)'> (0x000000008399f6b8) 
thrown [s\src\hotspot\share\interpreter\linkResolver.cpp, line 771]
Event: 22.959 Thread 0x000001a45c4be9c0 Exception <a 'java/lang/NoSuchMethodError'{0x00000000839fb6f0}: static Lorg/gradle/internal/build/event/types/DefaultOperationFinishedProgressEvent;.<clinit>()V> (0x00000000839fb6f0) 
thrown [s\src\hotspot\share\prims\jni.cpp, line 1108]
Event: 22.964 Thread 0x000001a45c4be9c0 Exception <a 'java/lang/NoSuchMethodError'{0x00000000838264f0}: static Lorg/gradle/internal/build/event/types/DefaultProjectConfigurationSuccessResult;.<clinit>()V> (0x00000000838264f0) 
thrown [s\src\hotspot\share\prims\jni.cpp, line 1108]
Event: 22.965 Thread 0x000001a45c4be9c0 Exception <a 'java/lang/NoSuchMethodError'{0x000000008382aed0}: static Lorg/gradle/internal/build/event/types/AbstractProjectConfigurationResult;.<clinit>()V> (0x000000008382aed0) 
thrown [s\src\hotspot\share\prims\jni.cpp, line 1108]
Event: 22.965 Thread 0x000001a45c4be9c0 Exception <a 'java/lang/NoSuchMethodError'{0x000000008382c618}: static Lorg/gradle/internal/build/event/types/AbstractOperationResult;.<clinit>()V> (0x000000008382c618) 
thrown [s\src\hotspot\share\prims\jni.cpp, line 1108]
Event: 22.965 Thread 0x000001a45c4be9c0 Exception <a 'java/lang/NoSuchMethodError'{0x000000008382da68}: static Lorg/gradle/internal/build/event/types/AbstractResult;.<clinit>()V> (0x000000008382da68) 
thrown [s\src\hotspot\share\prims\jni.cpp, line 1108]
Event: 22.967 Thread 0x000001a45c4be9c0 Exception <a 'java/lang/NoSuchMethodError'{0x0000000083846990}: static Lorg/gradle/internal/build/event/types/DefaultPluginApplicationResult;.<clinit>()V> (0x0000000083846990) 
thrown [s\src\hotspot\share\prims\jni.cpp, line 1108]
Event: 22.969 Thread 0x000001a45c4be9c0 Exception <a 'java/lang/NoSuchMethodError'{0x0000000083853380}: static Lorg/gradle/internal/build/event/types/DefaultBinaryPluginIdentifier;.<clinit>()V> (0x0000000083853380) 
thrown [s\src\hotspot\share\prims\jni.cpp, line 1108]
Event: 22.972 Thread 0x000001a45c4be9c0 Exception <a 'java/lang/NoSuchMethodError'{0x000000008386f398}: static Lorg/gradle/internal/build/event/types/DefaultScriptPluginIdentifier;.<clinit>()V> (0x000000008386f398) 
thrown [s\src\hotspot\share\prims\jni.cpp, line 1108]
Event: 23.301 Thread 0x000001a45c6228a0 Implicit null exception at 0x000001a4476d1714 to 0x000001a4476d1e10
Event: 23.756 Thread 0x000001a45c6228a0 Exception <a 'java/lang/NoSuchMethodError'{0x00000000846ee730}: 'void java.lang.invoke.Invokers$Holder.invoke_MT(java.lang.Object, java.lang.Object, java.lang.Object, java.lang.Object)'> (0x00000000846ee730) 
thrown [s\src\hotspot\share\interpreter\linkResolver.cpp, line 771]
Event: 23.788 Thread 0x000001a45c6228a0 Exception <a 'java/lang/NoSuchMethodError'{0x000000008456d198}: 'java.lang.Object java.lang.invoke.DirectMethodHandle$Holder.invokeSpecial(java.lang.Object, java.lang.Object, java.lang.Object, int, java.lang.Object, java.lang.Object)'> (0x000000008456d198) 
thrown [s\src\hotspot\share\interpreter\linkResolver.cpp, line 771]
Event: 24.546 Thread 0x000001a45c6228a0 Exception <a 'java/lang/ClassNotFoundException'{0x000000008481f388}: sun/misc/SharedSecrets> (0x000000008481f388) 
thrown [s\src\hotspot\share\classfile\systemDictionary.cpp, line 256]
Event: 24.546 Thread 0x000001a45c6228a0 Exception <a 'java/lang/ClassNotFoundException'{0x00000000848291c8}: org/gradle/api/internal/plugins/DefaultObjectConfigurationActionBeanInfo> (0x00000000848291c8) 
thrown [s\src\hotspot\share\classfile\systemDictionary.cpp, line 256]
Event: 24.548 Thread 0x000001a45c6228a0 Exception <a 'java/lang/ClassNotFoundException'{0x000000008483f8e8}: org/gradle/api/internal/plugins/DefaultObjectConfigurationActionCustomizer> (0x000000008483f8e8) 
thrown [s\src\hotspot\share\classfile\systemDictionary.cpp, line 256]

VM Operations (20 events):
Event: 24.401 Executing VM operation: Cleanup done
Event: 24.434 Executing VM operation: G1CollectForAllocation
Event: 24.444 Executing VM operation: G1CollectForAllocation done
Event: 24.497 Executing VM operation: G1CollectForAllocation
Event: 24.500 Executing VM operation: G1CollectForAllocation done
Event: 24.619 Executing VM operation: G1CollectForAllocation
Event: 24.622 Executing VM operation: G1CollectForAllocation done
Event: 24.692 Executing VM operation: G1PauseRemark
Event: 24.698 Executing VM operation: G1PauseRemark done
Event: 24.698 Executing VM operation: G1CollectForAllocation
Event: 24.700 Executing VM operation: G1CollectForAllocation done
Event: 24.737 Executing VM operation: G1PauseCleanup
Event: 24.741 Executing VM operation: G1PauseCleanup done
Event: 25.757 Executing VM operation: Cleanup
Event: 25.758 Executing VM operation: Cleanup done
Event: 26.113 Executing VM operation: G1CollectForAllocation
Event: 26.116 Executing VM operation: G1CollectForAllocation done
Event: 26.291 Executing VM operation: G1CollectForAllocation
Event: 26.294 Executing VM operation: G1CollectForAllocation done
Event: 27.189 Executing VM operation: G1CollectForAllocation

Events (20 events):
Event: 23.413 Thread 0x000001a45647c0f0 flushing nmethod 0x000001a44047e390
Event: 23.413 Thread 0x000001a45647c0f0 flushing nmethod 0x000001a4404c8510
Event: 23.413 Thread 0x000001a45647c0f0 flushing nmethod 0x000001a4404de290
Event: 23.413 Thread 0x000001a45647c0f0 flushing nmethod 0x000001a4404e0e10
Event: 23.414 Thread 0x000001a45647c0f0 flushing nmethod 0x000001a4405aff90
Event: 23.415 Thread 0x000001a45647c0f0 flushing nmethod 0x000001a4405da410
Event: 23.782 loading class java/lang/ProcessBuilder
Event: 23.783 loading class java/lang/ProcessBuilder done
Event: 24.545 loading class sun/misc/SharedSecrets
Event: 24.545 loading class sun/misc/SharedSecrets done
Event: 24.551 loading class jdk/internal/reflect/UnsafeObjectFieldAccessorImpl
Event: 24.552 loading class jdk/internal/reflect/UnsafeObjectFieldAccessorImpl done
Event: 26.371 loading class java/util/regex/Pattern$1
Event: 26.371 loading class java/util/regex/Pattern$1 done
Event: 27.042 loading class java/io/StringReader
Event: 27.043 loading class java/io/StringReader done
Event: 27.165 loading class java/util/concurrent/atomic/AtomicIntegerArray
Event: 27.165 loading class java/util/concurrent/atomic/AtomicIntegerArray done
Event: 27.173 loading class java/util/Currency
Event: 27.175 loading class java/util/Currency done


Dynamic libraries:
0x00007ff727de0000 - 0x00007ff727dea000 	C:\Program Files\Android\Android Studio1\jbr\bin\java.exe
0x00007ffbbd810000 - 0x00007ffbbda27000 	C:\WINDOWS\SYSTEM32\ntdll.dll
0x00007ffbbd630000 - 0x00007ffbbd6f4000 	C:\WINDOWS\System32\KERNEL32.DLL
0x00007ffbbaef0000 - 0x00007ffbbb29c000 	C:\WINDOWS\System32\KERNELBASE.dll
0x00007ffbbadd0000 - 0x00007ffbbaee1000 	C:\WINDOWS\System32\ucrtbase.dll
0x00007ffb87ca0000 - 0x00007ffb87cb7000 	C:\Program Files\Android\Android Studio1\jbr\bin\jli.dll
0x00007ffbb2bb0000 - 0x00007ffbb2bcb000 	C:\Program Files\Android\Android Studio1\jbr\bin\VCRUNTIME140.dll
0x00007ffbbd300000 - 0x00007ffbbd4ae000 	C:\WINDOWS\System32\USER32.dll
0x00007ffbbac00000 - 0x00007ffbbac26000 	C:\WINDOWS\System32\win32u.dll
0x00007ffbbb5d0000 - 0x00007ffbbb5f9000 	C:\WINDOWS\System32\GDI32.dll
0x00007ffbbb310000 - 0x00007ffbbb429000 	C:\WINDOWS\System32\gdi32full.dll
0x00007ffbbb430000 - 0x00007ffbbb4ca000 	C:\WINDOWS\System32\msvcp_win.dll
0x00007ffb7d9a0000 - 0x00007ffb7dc33000 	C:\WINDOWS\WinSxS\amd64_microsoft.windows.common-controls_6595b64144ccf1df_6.0.22621.3672_none_2713b9d173822955\COMCTL32.dll
0x00007ffbbd570000 - 0x00007ffbbd617000 	C:\WINDOWS\System32\msvcrt.dll
0x00007ffbbc000000 - 0x00007ffbbc031000 	C:\WINDOWS\System32\IMM32.DLL
0x00007ffbb5ca0000 - 0x00007ffbb5cac000 	C:\Program Files\Android\Android Studio1\jbr\bin\vcruntime140_1.dll
0x00007ffb874b0000 - 0x00007ffb8753d000 	C:\Program Files\Android\Android Studio1\jbr\bin\msvcp140.dll
0x00007ffb32db0000 - 0x00007ffb33a33000 	C:\Program Files\Android\Android Studio1\jbr\bin\server\jvm.dll
0x00007ffbbd4b0000 - 0x00007ffbbd562000 	C:\WINDOWS\System32\ADVAPI32.dll
0x00007ffbbd710000 - 0x00007ffbbd7ba000 	C:\WINDOWS\System32\sechost.dll
0x00007ffbbac30000 - 0x00007ffbbac58000 	C:\WINDOWS\System32\bcrypt.dll
0x00007ffbbbd20000 - 0x00007ffbbbe35000 	C:\WINDOWS\System32\RPCRT4.dll
0x00007ffb979a0000 - 0x00007ffb979a9000 	C:\WINDOWS\SYSTEM32\WSOCK32.dll
0x00007ffbbaa00000 - 0x00007ffbbaa4d000 	C:\WINDOWS\SYSTEM32\POWRPROF.dll
0x00007ffbbcab0000 - 0x00007ffbbcb21000 	C:\WINDOWS\System32\WS2_32.dll
0x00007ffbb2390000 - 0x00007ffbb239a000 	C:\WINDOWS\SYSTEM32\VERSION.dll
0x00007ffbb5b10000 - 0x00007ffbb5b44000 	C:\WINDOWS\SYSTEM32\WINMM.dll
0x00007ffbba830000 - 0x00007ffbba843000 	C:\WINDOWS\SYSTEM32\UMPDC.dll
0x00007ffbb9b30000 - 0x00007ffbb9b48000 	C:\WINDOWS\SYSTEM32\kernel.appcore.dll
0x00007ffbb20e0000 - 0x00007ffbb20ea000 	C:\Program Files\Android\Android Studio1\jbr\bin\jimage.dll
0x00007ffbb2630000 - 0x00007ffbb2862000 	C:\WINDOWS\SYSTEM32\DBGHELP.DLL
0x00007ffbbcc40000 - 0x00007ffbbcfc8000 	C:\WINDOWS\System32\combase.dll
0x00007ffbbd220000 - 0x00007ffbbd2f7000 	C:\WINDOWS\System32\OLEAUT32.dll
0x00007ffbb2580000 - 0x00007ffbb25b2000 	C:\WINDOWS\SYSTEM32\dbgcore.DLL
0x00007ffbbb4d0000 - 0x00007ffbbb54b000 	C:\WINDOWS\System32\bcryptPrimitives.dll
0x00007ffb8e640000 - 0x00007ffb8e64e000 	C:\Program Files\Android\Android Studio1\jbr\bin\instrument.dll
0x00007ffb8eab0000 - 0x00007ffb8ead5000 	C:\Program Files\Android\Android Studio1\jbr\bin\java.dll
0x00007ffbb1570000 - 0x00007ffbb1588000 	C:\Program Files\Android\Android Studio1\jbr\bin\zip.dll
0x00007ffbbc0f0000 - 0x00007ffbbc94c000 	C:\WINDOWS\System32\SHELL32.dll
0x00007ffbb8a40000 - 0x00007ffbb9337000 	C:\WINDOWS\SYSTEM32\windows.storage.dll
0x00007ffbb8900000 - 0x00007ffbb8a3f000 	C:\WINDOWS\SYSTEM32\wintypes.dll
0x00007ffbbbbc0000 - 0x00007ffbbbcb4000 	C:\WINDOWS\System32\SHCORE.dll
0x00007ffbbc090000 - 0x00007ffbbc0ee000 	C:\WINDOWS\System32\shlwapi.dll
0x00007ffbbaa70000 - 0x00007ffbbaa91000 	C:\WINDOWS\SYSTEM32\profapi.dll
0x00007ffbaa1c0000 - 0x00007ffbaa1d9000 	C:\Program Files\Android\Android Studio1\jbr\bin\net.dll
0x00007ffbb5d40000 - 0x00007ffbb5e76000 	C:\WINDOWS\SYSTEM32\WINHTTP.dll
0x00007ffbb9f90000 - 0x00007ffbb9ff9000 	C:\WINDOWS\system32\mswsock.dll
0x00007ffba7910000 - 0x00007ffba7926000 	C:\Program Files\Android\Android Studio1\jbr\bin\nio.dll
0x00007ffb8e650000 - 0x00007ffb8e660000 	C:\Program Files\Android\Android Studio1\jbr\bin\verify.dll
0x00007ffb80430000 - 0x00007ffb80457000 	C:\Users\jjove\.gradle\native\c067742578af261105cb4f569cf0c3c89f3d7b1fecec35dd04571415982c5e48\windows-amd64\native-platform.dll
0x00007ffb71fa0000 - 0x00007ffb720e4000 	C:\Users\jjove\.gradle\native\38dada09dfb8b06ba9b0570ebf7e218e3eb74d4ef43ca46872605cf95ebc2f47\windows-amd64\native-platform-file-events.dll
0x00007ffba0090000 - 0x00007ffba0099000 	C:\Program Files\Android\Android Studio1\jbr\bin\management.dll
0x00007ffb8e9b0000 - 0x00007ffb8e9bb000 	C:\Program Files\Android\Android Studio1\jbr\bin\management_ext.dll
0x00007ffbbd7c0000 - 0x00007ffbbd7c8000 	C:\WINDOWS\System32\PSAPI.DLL
0x00007ffbba2e0000 - 0x00007ffbba2fb000 	C:\WINDOWS\SYSTEM32\CRYPTSP.dll
0x00007ffbb9a90000 - 0x00007ffbb9ac5000 	C:\WINDOWS\system32\rsaenh.dll
0x00007ffbba030000 - 0x00007ffbba058000 	C:\WINDOWS\SYSTEM32\USERENV.dll
0x00007ffbba2c0000 - 0x00007ffbba2cc000 	C:\WINDOWS\SYSTEM32\CRYPTBASE.dll
0x00007ffbb95a0000 - 0x00007ffbb95cd000 	C:\WINDOWS\SYSTEM32\IPHLPAPI.DLL
0x00007ffbbcb30000 - 0x00007ffbbcb39000 	C:\WINDOWS\System32\NSI.dll
0x00007ffbb5f60000 - 0x00007ffbb5f79000 	C:\WINDOWS\SYSTEM32\dhcpcsvc6.DLL
0x00007ffbb5f20000 - 0x00007ffbb5f3f000 	C:\WINDOWS\SYSTEM32\dhcpcsvc.DLL
0x00007ffbb9610000 - 0x00007ffbb9708000 	C:\WINDOWS\SYSTEM32\DNSAPI.dll
0x00007ffbb1ea0000 - 0x00007ffbb1ea9000 	C:\Program Files\Android\Android Studio1\jbr\bin\extnet.dll
0x00007ffb9eb70000 - 0x00007ffb9eb78000 	C:\WINDOWS\system32\wshunix.dll

dbghelp: loaded successfully - version: 4.0.5 - missing functions: none
symbol engine: initialized successfully - sym options: 0x614 - pdb path: .;C:\Program Files\Android\Android Studio1\jbr\bin;C:\WINDOWS\SYSTEM32;C:\WINDOWS\WinSxS\amd64_microsoft.windows.common-controls_6595b64144ccf1df_6.0.22621.3672_none_2713b9d173822955;C:\Program Files\Android\Android Studio1\jbr\bin\server;C:\Users\jjove\.gradle\native\c067742578af261105cb4f569cf0c3c89f3d7b1fecec35dd04571415982c5e48\windows-amd64;C:\Users\jjove\.gradle\native\38dada09dfb8b06ba9b0570ebf7e218e3eb74d4ef43ca46872605cf95ebc2f47\windows-amd64

VM Arguments:
jvm_args: --add-opens=java.base/java.util=ALL-UNNAMED --add-opens=java.base/java.lang=ALL-UNNAMED --add-opens=java.base/java.lang.invoke=ALL-UNNAMED --add-opens=java.prefs/java.util.prefs=ALL-UNNAMED --add-opens=java.base/java.nio.charset=ALL-UNNAMED --add-opens=java.base/java.net=ALL-UNNAMED --add-opens=java.base/java.util.concurrent.atomic=ALL-UNNAMED -Xmx2048m -Dfile.encoding=UTF-8 -Duser.country=ES -Duser.language=es -Duser.variant -javaagent:C:\Users\jjove\.gradle\wrapper\dists\gradle-8.7-bin\bhs2wmbdwecv87pi65oeuq5iu\gradle-8.7\lib\agents\gradle-instrumentation-agent-8.7.jar 
java_command: org.gradle.launcher.daemon.bootstrap.GradleDaemon 8.7
java_class_path (initial): C:\Users\jjove\.gradle\wrapper\dists\gradle-8.7-bin\bhs2wmbdwecv87pi65oeuq5iu\gradle-8.7\lib\gradle-launcher-8.7.jar
Launcher Type: SUN_STANDARD

[Global flags]
     intx CICompilerCount                          = 4                                         {product} {ergonomic}
     uint ConcGCThreads                            = 2                                         {product} {ergonomic}
     uint G1ConcRefinementThreads                  = 8                                         {product} {ergonomic}
   size_t G1HeapRegionSize                         = 1048576                                   {product} {ergonomic}
    uintx GCDrainStackTargetSize                   = 64                                        {product} {ergonomic}
   size_t InitialHeapSize                          = 132120576                                 {product} {ergonomic}
   size_t MarkStackSize                            = 4194304                                   {product} {ergonomic}
   size_t MaxHeapSize                              = 2147483648                                {product} {command line}
   size_t MaxNewSize                               = 1287651328                                {product} {ergonomic}
   size_t MinHeapDeltaBytes                        = 1048576                                   {product} {ergonomic}
   size_t MinHeapSize                              = 8388608                                   {product} {ergonomic}
    uintx NonNMethodCodeHeapSize                   = 5839372                                {pd product} {ergonomic}
    uintx NonProfiledCodeHeapSize                  = 122909434                              {pd product} {ergonomic}
    uintx ProfiledCodeHeapSize                     = 122909434                              {pd product} {ergonomic}
    uintx ReservedCodeCacheSize                    = 251658240                              {pd product} {ergonomic}
     bool SegmentedCodeCache                       = true                                      {product} {ergonomic}
   size_t SoftMaxHeapSize                          = 2147483648                             {manageable} {ergonomic}
     bool UseCompressedClassPointers               = true                           {product lp64_product} {ergonomic}
     bool UseCompressedOops                        = true                           {product lp64_product} {ergonomic}
     bool UseG1GC                                  = true                                      {product} {ergonomic}
     bool UseLargePagesIndividualAllocation        = false                                  {pd product} {ergonomic}

Logging:
Log output configuration:
 #0: stdout all=warning uptime,level,tags
 #1: stderr all=off uptime,level,tags

Environment Variables:
PATH=C:\oracleXE\dbhomeXE\bin;C:\WINDOWS\system32;C:\WINDOWS;C:\WINDOWS\System32\Wbem;C:\WINDOWS\System32\WindowsPowerShell\v1.0\;C:\WINDOWS\System32\OpenSSH\;C:\Program Files\Git\cmd;C:\Users\jjove\AppData\Local\Microsoft\WindowsApps;C:\Users\jjove\AppData\Local\Programs\Microsoft VS Code\bin
USERNAME=jjove
OS=Windows_NT
PROCESSOR_IDENTIFIER=Intel64 Family 6 Model 142 Stepping 11, GenuineIntel
TMP=C:\Users\jjove\AppData\Local\Temp
TEMP=C:\Users\jjove\AppData\Local\Temp



Periodic native trim disabled

JNI global refs:
JNI global refs: 26, weak refs: 0

JNI global refs memory usage: 843, weak refs: 841

OOME stack traces (most recent first):
Classloader memory used:
Loader org.gradle.internal.classloader.VisitableURLClassLoader                         : 3515K
Loader bootstrap                                                                       : 2465K
Loader org.gradle.initialization.MixInLegacyTypesClassLoader                           : 1111K
Loader org.gradle.internal.classloader.VisitableURLClassLoader$InstrumentingVisitableURLClassLoader: 319K
Loader jdk.internal.loader.ClassLoaders$PlatformClassLoader                            : 67632B
Loader jdk.internal.loader.ClassLoaders$AppClassLoader                                 : 28766B
Loader jdk.internal.reflect.DelegatingClassLoader                                      : 22639B
Loader org.gradle.internal.classloader.VisitableURLClassLoader                         : 19699B

Classes loaded by more than one classloader:
Class Program                                                                         : loaded 4 times (x 72B)
Class com.google.common.collect.Iterators$MergingIterator                             : loaded 2 times (x 79B)
Class [Lcom.google.common.collect.AbstractMapEntry;                                   : loaded 2 times (x 67B)
Class com.google.common.collect.SingletonImmutableList                                : loaded 2 times (x 167B)
Class org.gradle.internal.classpath.ClassPath                                         : loaded 2 times (x 68B)
Class org.gradle.api.internal.classpath.DefaultModuleRegistry                         : loaded 2 times (x 84B)
Class Settings_gradle$1$1                                                             : loaded 2 times (x 72B)
Class com.google.common.collect.ListMultimap                                          : loaded 2 times (x 68B)
Class com.google.common.base.CharMatcher$JavaDigit                                    : loaded 2 times (x 109B)
Class com.google.common.base.CharMatcher$Digit                                        : loaded 2 times (x 110B)
Class com.google.common.collect.AbstractMultimap                                      : loaded 2 times (x 121B)
Class org.gradle.api.Action                                                           : loaded 2 times (x 68B)
Class com.google.common.collect.ImmutableEntry                                        : loaded 2 times (x 80B)
Class com.google.common.collect.Lists$StringAsImmutableList                           : loaded 2 times (x 167B)
Class com.google.common.base.CharMatcher                                              : loaded 2 times (x 109B)
Class com.google.common.base.CharMatcher$IsNot                                        : loaded 2 times (x 109B)
Class com.google.common.base.Splitter                                                 : loaded 2 times (x 70B)
Class com.google.common.collect.Iterators$ArrayItr                                    : loaded 2 times (x 95B)
Class org.gradle.api.internal.DefaultClassPathProvider                                : loaded 2 times (x 74B)
Class org.gradle.internal.installation.GradleInstallation$1                           : loaded 2 times (x 73B)
Class com.google.common.base.CharMatcher$BitSetMatcher                                : loaded 2 times (x 110B)
Class com.google.common.collect.ImmutableMap$IteratorBasedImmutableMap                : loaded 2 times (x 123B)
Class com.google.common.collect.ImmutableMap                                          : loaded 2 times (x 118B)
Class com.google.common.base.Converter                                                : loaded 2 times (x 88B)
Class com.google.common.collect.ImmutableSet$EmptySetBuilderImpl                      : loaded 2 times (x 74B)
Class com.google.common.base.Predicate                                                : loaded 2 times (x 68B)
Class org.gradle.internal.classloader.FilteringClassLoader                            : loaded 2 times (x 103B)
Class com.google.common.collect.RegularImmutableSet                                   : loaded 2 times (x 146B)
Class org.gradle.internal.classpath.DefaultClassPath$ImmutableUniqueList$Builder      : loaded 2 times (x 73B)
Class com.google.common.collect.Maps$8                                                : loaded 2 times (x 80B)
Class com.google.common.base.PatternCompiler                                          : loaded 2 times (x 68B)
Class com.google.common.base.CharMatcher$InRange                                      : loaded 2 times (x 109B)
Class com.google.common.collect.BiMap                                                 : loaded 2 times (x 68B)
Class com.google.common.collect.Lists                                                 : loaded 2 times (x 69B)
Class com.google.common.math.IntMath$1                                                : loaded 2 times (x 69B)
Class org.gradle.internal.classloader.ClassLoaderVisitor                              : loaded 2 times (x 74B)
Class com.google.common.math.MathPreconditions                                        : loaded 2 times (x 69B)
Class org.gradle.internal.service.DefaultServiceLocator                               : loaded 2 times (x 81B)
Class org.gradle.internal.service.UnknownServiceException                             : loaded 2 times (x 81B)
Class com.google.common.collect.ArrayListMultimap                                     : loaded 2 times (x 170B)
Class com.google.common.base.Strings                                                  : loaded 2 times (x 69B)
Class org.gradle.internal.classloader.DefaultClassLoaderFactory                       : loaded 2 times (x 80B)
Class com.google.common.collect.UnmodifiableIterator                                  : loaded 2 times (x 78B)
Class com.google.common.base.Platform$JdkPatternCompiler                              : loaded 2 times (x 73B)
Class com.google.common.base.CharMatcher$SingleWidth                                  : loaded 2 times (x 110B)
Class com.google.common.collect.Hashing                                               : loaded 2 times (x 69B)
Class com.google.common.base.JdkPattern                                               : loaded 2 times (x 73B)
Class com.google.common.collect.Multimap                                              : loaded 2 times (x 68B)
Class org.gradle.internal.classloader.VisitableURLClassLoader$Spec                    : loaded 2 times (x 72B)
Class org.gradle.api.GradleException                                                  : loaded 2 times (x 80B)
Class com.google.common.base.CharMatcher$JavaLetterOrDigit                            : loaded 2 times (x 109B)
Class org.gradle.api.internal.classpath.ModuleRegistry                                : loaded 2 times (x 68B)
Class com.google.common.collect.ImmutableCollection                                   : loaded 2 times (x 123B)
Class org.gradle.api.internal.ClassPathProvider                                       : loaded 2 times (x 68B)
Class com.google.common.collect.RegularImmutableMap$Values                            : loaded 2 times (x 167B)
Class org.gradle.internal.classloader.ClasspathUtil$1                                 : loaded 2 times (x 74B)
Class com.google.common.collect.ImmutableEnumMap                                      : loaded 2 times (x 123B)
Class com.google.common.collect.ImmutableList$ReverseImmutableList                    : loaded 2 times (x 168B)
Class org.gradle.internal.classloader.ClassLoaderFactory                              : loaded 2 times (x 68B)
Class com.google.common.collect.ObjectArrays                                          : loaded 2 times (x 69B)
Class com.google.common.collect.Iterators$10                                          : loaded 2 times (x 79B)
Class com.google.common.collect.ImmutableList                                         : loaded 2 times (x 166B)
Class org.gradle.api.internal.classpath.ManifestUtil                                  : loaded 2 times (x 69B)
Class org.gradle.api.specs.Spec                                                       : loaded 2 times (x 68B)
Class com.google.common.base.CharMatcher$Whitespace                                   : loaded 2 times (x 110B)
Class com.google.common.collect.Iterators$1                                           : loaded 2 times (x 79B)
Class com.google.common.collect.Iterators$4                                           : loaded 2 times (x 80B)
Class com.google.common.collect.RegularImmutableMap$BucketOverflowException           : loaded 2 times (x 80B)
Class com.google.common.collect.Iterators$5                                           : loaded 2 times (x 80B)
Class com.google.common.base.Preconditions                                            : loaded 2 times (x 69B)
Class com.google.common.base.Function                                                 : loaded 2 times (x 68B)
Class com.google.common.collect.Iterators$9                                           : loaded 2 times (x 79B)
Class org.gradle.internal.IoActions                                                   : loaded 2 times (x 69B)
Class com.google.common.collect.RegularImmutableMap$KeySet                            : loaded 2 times (x 148B)
Class com.google.common.collect.CollectPreconditions                                  : loaded 2 times (x 69B)
Class com.google.common.collect.Maps                                                  : loaded 2 times (x 69B)
Class com.google.common.collect.RegularImmutableMap                                   : loaded 2 times (x 119B)
Class com.google.common.collect.AbstractIndexedListIterator                           : loaded 2 times (x 94B)
Class com.google.common.base.CharMatcher$None                                         : loaded 2 times (x 110B)
Class org.gradle.api.internal.classpath.EffectiveClassPath                            : loaded 2 times (x 88B)
Class com.google.common.collect.UnmodifiableListIterator                              : loaded 2 times (x 93B)
Class com.google.common.collect.ImmutableList$1                                       : loaded 2 times (x 95B)
Class com.google.common.base.Splitter$Strategy                                        : loaded 2 times (x 68B)
Class com.google.common.collect.ImmutableMapEntrySet$RegularEntrySet                  : loaded 2 times (x 149B)
Class [Lcom.google.common.collect.ImmutableMapEntry;                                  : loaded 2 times (x 67B)
Class org.gradle.internal.installation.CurrentGradleInstallation                      : loaded 2 times (x 71B)
Class org.gradle.internal.agents.InstrumentingClassLoader                             : loaded 2 times (x 68B)
Class org.gradle.internal.installation.CurrentGradleInstallationLocator               : loaded 2 times (x 69B)
Class org.gradle.api.internal.classpath.Module                                        : loaded 2 times (x 68B)
Class com.google.common.base.Splitter$1$1                                             : loaded 2 times (x 84B)
Class com.google.common.collect.ImmutableSet$JdkBackedSetBuilderImpl                  : loaded 2 times (x 74B)
Class com.google.common.collect.ImmutableSet$RegularSetBuilderImpl                    : loaded 2 times (x 75B)
Class org.gradle.internal.service.CachingServiceLocator                               : loaded 2 times (x 80B)
Class [Lcom.google.common.collect.ImmutableEntry;                                     : loaded 2 times (x 67B)
Class org.gradle.internal.classpath.DefaultClassPath                                  : loaded 2 times (x 88B)
Class com.google.common.base.Splitter$SplittingIterator                               : loaded 2 times (x 82B)
Class Build_gradle$1                                                                  : loaded 2 times (x 76B)
Class com.google.common.base.CharMatcher$Is                                           : loaded 2 times (x 109B)
Class com.google.common.base.Platform                                                 : loaded 2 times (x 69B)
Class com.google.common.collect.RegularImmutableAsList                                : loaded 2 times (x 176B)
Class com.google.common.collect.PeekingIterator                                       : loaded 2 times (x 68B)
Class com.google.common.collect.ImmutableMapEntrySet                                  : loaded 2 times (x 149B)
Class com.google.common.collect.ImmutableBiMapFauxverideShim                          : loaded 2 times (x 118B)
Class org.gradle.internal.classloader.SystemClassLoaderSpec                           : loaded 2 times (x 69B)
Class com.google.common.collect.SingletonImmutableSet                                 : loaded 2 times (x 144B)
Class [Lcom.google.common.base.AbstractIterator$State;                                : loaded 2 times (x 67B)
Class com.google.common.collect.ImmutableMap$Builder                                  : loaded 2 times (x 80B)
Class com.google.common.base.AbstractIterator                                         : loaded 2 times (x 78B)
Class com.google.common.base.AbstractIterator$1                                       : loaded 2 times (x 69B)
Class com.google.common.collect.Iterators                                             : loaded 2 times (x 69B)
Class com.google.common.base.CharMatcher$1                                            : loaded 2 times (x 111B)
Class com.google.common.base.CharMatcher$Ascii                                        : loaded 2 times (x 110B)
Class org.gradle.api.UncheckedIOException                                             : loaded 2 times (x 80B)
Class com.google.common.base.CharMatcher$And                                          : loaded 2 times (x 110B)
Class com.google.common.collect.IndexedImmutableSet                                   : loaded 2 times (x 148B)
Class com.google.common.collect.AbstractListMultimap                                  : loaded 2 times (x 170B)
Class com.google.common.base.CharMatcher$Any                                          : loaded 2 times (x 110B)
Class org.gradle.internal.installation.GradleInstallation                             : loaded 2 times (x 73B)
Class com.google.common.collect.ArrayListMultimapGwtSerializationDependencies         : loaded 2 times (x 170B)
Class com.google.common.base.CharMatcher$RangesMatcher                                : loaded 2 times (x 110B)
Class com.google.common.collect.ImmutableList$SubList                                 : loaded 2 times (x 168B)
Class org.gradle.internal.classloader.ClasspathUtil                                   : loaded 2 times (x 69B)
Class com.google.common.base.Splitter$1                                               : loaded 2 times (x 75B)
Class com.google.common.collect.Maps$BiMapConverter                                   : loaded 2 times (x 88B)
Class org.gradle.api.internal.DefaultClassPathRegistry                                : loaded 2 times (x 74B)
Class com.google.common.collect.ImmutableSet$SetBuilderImpl                           : loaded 2 times (x 74B)
Class org.gradle.api.internal.classpath.DefaultModuleRegistry$DefaultModule           : loaded 2 times (x 84B)
Class com.google.common.base.CharMatcher$JavaIsoControl                               : loaded 2 times (x 110B)
Class com.google.common.collect.ImmutableMap$1                                        : loaded 2 times (x 79B)
Class com.google.common.base.CharMatcher$Or                                           : loaded 2 times (x 110B)
Class org.gradle.kotlin.dsl.VersionCatalogAccessorsKt                                 : loaded 2 times (x 69B)
Class com.google.common.collect.Iterables                                             : loaded 2 times (x 69B)
Class com.google.common.base.CharMatcher$JavaLowerCase                                : loaded 2 times (x 109B)
Class org.gradle.api.internal.classpath.UnknownModuleException                        : loaded 2 times (x 80B)
Class com.google.common.collect.Maps$EntryTransformer                                 : loaded 2 times (x 68B)
Class com.google.common.collect.ImmutableCollection$Builder                           : loaded 2 times (x 74B)
Class com.google.common.base.CommonPattern                                            : loaded 2 times (x 72B)
Class org.gradle.internal.service.ServiceLookupException                              : loaded 2 times (x 80B)
Class org.gradle.cache.GlobalCache                                                    : loaded 2 times (x 68B)
Class com.google.common.base.CharMatcher$NegatedFastMatcher                           : loaded 2 times (x 111B)
Class [Lorg.gradle.api.internal.ClassPathProvider;                                    : loaded 2 times (x 67B)
Class org.gradle.util.internal.GUtil                                                  : loaded 2 times (x 69B)
Class com.google.common.math.IntMath                                                  : loaded 2 times (x 69B)
Class com.google.common.collect.AbstractIterator                                      : loaded 2 times (x 80B)
Class org.gradle.internal.classloader.ClassLoaderSpec                                 : loaded 2 times (x 69B)
Class com.google.common.base.NullnessCasts                                            : loaded 2 times (x 69B)
Class com.google.common.collect.AbstractMapEntry                                      : loaded 2 times (x 79B)
Class com.google.common.base.CharMatcher$Negated                                      : loaded 2 times (x 111B)
Class com.google.common.collect.ImmutableSet$Builder                                  : loaded 2 times (x 83B)
Class com.google.common.base.CharMatcher$ForPredicate                                 : loaded 2 times (x 110B)
Class com.google.common.collect.ImmutableMap$MapViewOfValuesAsSingletonSets           : loaded 2 times (x 123B)
Class com.google.common.collect.SortedMapDifference                                   : loaded 2 times (x 68B)
Class org.gradle.internal.classloader.VisitableURLClassLoader                         : loaded 2 times (x 115B)
Class com.google.common.collect.ImmutableBiMap                                        : loaded 2 times (x 141B)
Class org.gradle.internal.Cast                                                        : loaded 2 times (x 69B)
Class Build_gradle                                                                    : loaded 2 times (x 70B)
Class org.gradle.api.internal.ClassPathRegistry                                       : loaded 2 times (x 68B)
Class com.google.common.collect.ImmutableSet                                          : loaded 2 times (x 143B)
Class org.gradle.internal.classloader.VisitableURLClassLoader$InstrumentingVisitableURLClassLoader: loaded 2 times (x 121B)
Class org.gradle.internal.classloader.ClassLoaderHierarchy                            : loaded 2 times (x 68B)
Class com.google.common.base.AbstractIterator$State                                   : loaded 2 times (x 77B)
Class com.google.common.base.CharMatcher$NamedFastMatcher                             : loaded 2 times (x 110B)
Class org.gradle.internal.InternalTransformer                                         : loaded 2 times (x 68B)
Class org.gradle.internal.service.ServiceLocator                                      : loaded 2 times (x 68B)
Class Settings_gradle$1                                                               : loaded 2 times (x 72B)
Class com.google.common.collect.ImmutableMapEntry                                     : loaded 2 times (x 83B)
Class com.google.common.base.CharMatcher$Invisible                                    : loaded 2 times (x 110B)
Class com.google.common.base.CharMatcher$FastMatcher                                  : loaded 2 times (x 109B)
Class org.gradle.internal.classpath.DefaultClassPath$ImmutableUniqueList              : loaded 2 times (x 159B)
Class com.google.common.base.CharMatcher$JavaLetter                                   : loaded 2 times (x 109B)
Class org.gradle.internal.classpath.TransformedClassPath                              : loaded 2 times (x 94B)
Class com.google.common.collect.MapDifference                                         : loaded 2 times (x 68B)
Class Settings_gradle                                                                 : loaded 2 times (x 126B)
Class com.google.common.collect.Platform                                              : loaded 2 times (x 69B)
Class com.google.common.collect.ImmutableAsList                                       : loaded 2 times (x 169B)
Class com.google.common.base.CharMatcher$AnyOf                                        : loaded 2 times (x 110B)
Class com.google.common.base.CharMatcher$IsEither                                     : loaded 2 times (x 109B)
Class com.google.common.collect.RegularImmutableList                                  : loaded 2 times (x 172B)
Class com.google.common.base.CharMatcher$JavaUpperCase                                : loaded 2 times (x 109B)
Class com.google.common.collect.Multiset                                              : loaded 2 times (x 68B)
Class com.google.common.collect.ImmutableSet$CachingAsList                            : loaded 2 times (x 145B)
Class com.google.common.collect.ImmutableMapEntry$NonTerminalImmutableMapEntry        : loaded 2 times (x 83B)
Class com.google.common.collect.AbstractMapBasedMultimap                              : loaded 2 times (x 137B)


---------------  S Y S T E M  ---------------

OS:
 Windows 11 , 64 bit Build 22621 (10.0.22621.3672)
OS uptime: 22 days 10:56 hours
Hyper-V role detected

CPU: total 8 (initial active 8) (4 cores per cpu, 2 threads per core) family 6 model 142 stepping 11 microcode 0xf4, cx8, cmov, fxsr, ht, mmx, 3dnowpref, sse, sse2, sse3, ssse3, sse4.1, sse4.2, popcnt, lzcnt, tsc, tscinvbit, avx, avx2, aes, erms, clmul, bmi1, bmi2, adx, fma, vzeroupper, clflush, clflushopt, hv
Processor Information for all 8 processors :
  Max Mhz: 1800, Current Mhz: 1600, Mhz Limit: 1584

Memory: 4k page, system-wide physical 8062M (160M free)
TotalPageFile size 32638M (AvailPageFile size 5M)
current process WorkingSet (physical memory assigned to process): 211M, peak: 218M
current process commit charge ("private bytes"): 310M, peak: 335M

vm_info: OpenJDK 64-Bit Server VM (17.0.10+0--11609105) for windows-amd64 JRE (17.0.10+0--11609105), built on Mar 21 2024 19:10:56 by "androidbuild" with MS VC++ 16.10 / 16.11 (VS2019)

END.
