#
# There is insufficient memory for the Java Runtime Environment to continue.
# Native memory allocation (malloc) failed to allocate 1028336 bytes for Chunk::new
# Possible reasons:
#   The system is out of physical RAM or swap space
#   The process is running with CompressedOops enabled, and the Java Heap may be blocking the growth of the native heap
# Possible solutions:
#   Reduce memory load on the system
#   Increase physical memory or swap space
#   Check if swap backing store is full
#   Decrease Java heap size (-Xmx/-Xms)
#   Decrease number of Java threads
#   Decrease Java thread stack sizes (-Xss)
#   Set larger code cache with -XX:ReservedCodeCacheSize=
#   JVM is running with Unscaled Compressed Oops mode in which the Java heap is
#     placed in the first 4GB address space. The Java Heap base address is the
#     maximum limit for the native heap growth. Please use -XX:HeapBaseMinAddress
#     to set the Java Heap base and to place the Java Heap above 4GB virtual address.
# This output file may be truncated or incomplete.
#
#  Out of Memory Error (arena.cpp:191), pid=8996, tid=22204
#
# JRE version: OpenJDK Runtime Environment (17.0.10) (build 17.0.10+0--11609105)
# Java VM: OpenJDK 64-Bit Server VM (17.0.10+0--11609105, mixed mode, tiered, compressed oops, compressed class ptrs, g1 gc, windows-amd64)
# No core dump will be written. Minidumps are not enabled by default on client versions of Windows
#

---------------  S U M M A R Y ------------

Command Line: --add-opens=java.base/java.util=ALL-UNNAMED --add-opens=java.base/java.lang=ALL-UNNAMED --add-opens=java.base/java.lang.invoke=ALL-UNNAMED --add-opens=java.prefs/java.util.prefs=ALL-UNNAMED --add-opens=java.base/java.nio.charset=ALL-UNNAMED --add-opens=java.base/java.net=ALL-UNNAMED --add-opens=java.base/java.util.concurrent.atomic=ALL-UNNAMED -Xmx2048m -Dfile.encoding=UTF-8 -Duser.country=ES -Duser.language=es -Duser.variant -javaagent:C:\Users\jjove\.gradle\wrapper\dists\gradle-8.7-bin\bhs2wmbdwecv87pi65oeuq5iu\gradle-8.7\lib\agents\gradle-instrumentation-agent-8.7.jar org.gradle.launcher.daemon.bootstrap.GradleDaemon 8.7

Host: Intel(R) Core(TM) i5-8265U CPU @ 1.60GHz, 8 cores, 7G,  Windows 11 , 64 bit Build 22621 (10.0.22621.3672)
Time: Sun Jul 14 09:11:19 2024 Hora estándar, América Central elapsed time: 14.022563 seconds (0d 0h 0m 14s)

---------------  T H R E A D  ---------------

Current thread (0x000002d1f674f420):  JavaThread "C2 CompilerThread0" daemon [_thread_in_native, id=22204, stack(0x000000dfe6800000,0x000000dfe6900000)]


Current CompileTask:
C2:  14022 3902       4       org.objectweb.asm.Frame::execute (2318 bytes)

Stack: [0x000000dfe6800000,0x000000dfe6900000]
Native frames: (J=compiled Java code, j=interpreted, Vv=VM code, C=native code)
V  [jvm.dll+0x688de9]
V  [jvm.dll+0x8423da]
V  [jvm.dll+0x84401e]
V  [jvm.dll+0x844683]
V  [jvm.dll+0x24be0f]
V  [jvm.dll+0xac524]
V  [jvm.dll+0xacb6c]
V  [jvm.dll+0x2b342f]
V  [jvm.dll+0x5902b7]
V  [jvm.dll+0x226452]
V  [jvm.dll+0x22683f]
V  [jvm.dll+0x21f966]
V  [jvm.dll+0x21cdb1]
V  [jvm.dll+0x1a60ad]
V  [jvm.dll+0x22cd78]
V  [jvm.dll+0x22aeb0]
V  [jvm.dll+0x7f6877]
V  [jvm.dll+0x7f0c7a]
V  [jvm.dll+0x687c65]
C  [ucrtbase.dll+0x29333]
C  [KERNEL32.DLL+0x1257d]
C  [ntdll.dll+0x5af28]


---------------  P R O C E S S  ---------------

Threads class SMR info:
_java_thread_list=0x000002d1fcba7f90, length=32, elements={
0x000002d1dc73a670, 0x000002d1f65bc290, 0x000002d1f65bd8b0, 0x000002d1f67452a0,
0x000002d1f6745c70, 0x000002d1f6746830, 0x000002d1f6749aa0, 0x000002d1f674f420,
0x000002d1f674fed0, 0x000002d1f6753080, 0x000002d1f6548ee0, 0x000002d1f6a5d1d0,
0x000002d1fc6e5560, 0x000002d1fc533c80, 0x000002d1fc7ce660, 0x000002d1fc108ab0,
0x000002d1fc12b100, 0x000002d1fc12b5e0, 0x000002d1fc471b50, 0x000002d1fc472030,
0x000002d1fcb2c700, 0x000002d1fcb2e050, 0x000002d1fcb2ea70, 0x000002d1fcb2ef80,
0x000002d1fcb2d120, 0x000002d1fcb2cc10, 0x000002d1fcb2f490, 0x000002d1fcb2d630,
0x000002d1fcb2db40, 0x000002d1fcb2f9a0, 0x000002d1fcb2feb0, 0x000002d1fdde9740
}

Java Threads: ( => current thread )
  0x000002d1dc73a670 JavaThread "main" [_thread_blocked, id=7956, stack(0x000000dfe5b00000,0x000000dfe5c00000)]
  0x000002d1f65bc290 JavaThread "Reference Handler" daemon [_thread_blocked, id=20532, stack(0x000000dfe6200000,0x000000dfe6300000)]
  0x000002d1f65bd8b0 JavaThread "Finalizer" daemon [_thread_blocked, id=1516, stack(0x000000dfe6300000,0x000000dfe6400000)]
  0x000002d1f67452a0 JavaThread "Signal Dispatcher" daemon [_thread_blocked, id=14864, stack(0x000000dfe6400000,0x000000dfe6500000)]
  0x000002d1f6745c70 JavaThread "Attach Listener" daemon [_thread_blocked, id=25556, stack(0x000000dfe6500000,0x000000dfe6600000)]
  0x000002d1f6746830 JavaThread "Service Thread" daemon [_thread_blocked, id=22580, stack(0x000000dfe6600000,0x000000dfe6700000)]
  0x000002d1f6749aa0 JavaThread "Monitor Deflation Thread" daemon [_thread_blocked, id=7520, stack(0x000000dfe6700000,0x000000dfe6800000)]
=>0x000002d1f674f420 JavaThread "C2 CompilerThread0" daemon [_thread_in_native, id=22204, stack(0x000000dfe6800000,0x000000dfe6900000)]
  0x000002d1f674fed0 JavaThread "C1 CompilerThread0" daemon [_thread_blocked, id=7448, stack(0x000000dfe6900000,0x000000dfe6a00000)]
  0x000002d1f6753080 JavaThread "Sweeper thread" daemon [_thread_blocked, id=10152, stack(0x000000dfe6a00000,0x000000dfe6b00000)]
  0x000002d1f6548ee0 JavaThread "Common-Cleaner" daemon [_thread_blocked, id=19400, stack(0x000000dfe6b00000,0x000000dfe6c00000)]
  0x000002d1f6a5d1d0 JavaThread "Notification Thread" daemon [_thread_blocked, id=14524, stack(0x000000dfe6c00000,0x000000dfe6d00000)]
  0x000002d1fc6e5560 JavaThread "Daemon health stats" [_thread_blocked, id=22224, stack(0x000000dfe7200000,0x000000dfe7300000)]
  0x000002d1fc533c80 JavaThread "Incoming local TCP Connector on port 54482" [_thread_in_native, id=18460, stack(0x000000dfe7300000,0x000000dfe7400000)]
  0x000002d1fc7ce660 JavaThread "Daemon periodic checks" [_thread_blocked, id=24680, stack(0x000000dfe7400000,0x000000dfe7500000)]
  0x000002d1fc108ab0 JavaThread "Daemon" [_thread_blocked, id=22104, stack(0x000000dfe7500000,0x000000dfe7600000)]
  0x000002d1fc12b100 JavaThread "Handler for socket connection from /127.0.0.1:54482 to /127.0.0.1:54483" [_thread_in_native, id=10960, stack(0x000000dfe7600000,0x000000dfe7700000)]
  0x000002d1fc12b5e0 JavaThread "Cancel handler" [_thread_blocked, id=16772, stack(0x000000dfe7700000,0x000000dfe7800000)]
  0x000002d1fc471b50 JavaThread "Daemon worker" [_thread_in_Java, id=20268, stack(0x000000dfe7800000,0x000000dfe7900000)]
  0x000002d1fc472030 JavaThread "Asynchronous log dispatcher for DefaultDaemonConnection: socket connection from /127.0.0.1:54482 to /127.0.0.1:54483" [_thread_blocked, id=20264, stack(0x000000dfe7900000,0x000000dfe7a00000)]
  0x000002d1fcb2c700 JavaThread "Stdin handler" [_thread_blocked, id=15104, stack(0x000000dfe7a00000,0x000000dfe7b00000)]
  0x000002d1fcb2e050 JavaThread "Daemon client event forwarder" [_thread_blocked, id=21120, stack(0x000000dfe7b00000,0x000000dfe7c00000)]
  0x000002d1fcb2ea70 JavaThread "Cache worker for journal cache (C:\Users\jjove\.gradle\caches\journal-1)" [_thread_blocked, id=13392, stack(0x000000dfe8000000,0x000000dfe8100000)]
  0x000002d1fcb2ef80 JavaThread "File lock request listener" [_thread_in_native, id=18688, stack(0x000000dfe8100000,0x000000dfe8200000)]
  0x000002d1fcb2d120 JavaThread "Cache worker for file hash cache (C:\Users\jjove\.gradle\caches\8.7\fileHashes)" [_thread_blocked, id=19988, stack(0x000000dfe8200000,0x000000dfe8300000)]
  0x000002d1fcb2cc10 JavaThread "Cache worker for file hash cache (C:\Users\jjove\OneDrive\Desktop\FixIT\FIXIT\.gradle\8.7\fileHashes)" [_thread_blocked, id=17680, stack(0x000000dfe8300000,0x000000dfe8400000)]
  0x000002d1fcb2f490 JavaThread "File watcher server" daemon [_thread_in_native, id=22120, stack(0x000000dfe8400000,0x000000dfe8500000)]
  0x000002d1fcb2d630 JavaThread "File watcher consumer" daemon [_thread_blocked, id=7860, stack(0x000000dfe8500000,0x000000dfe8600000)]
  0x000002d1fcb2db40 JavaThread "Cache worker for checksums cache (C:\Users\jjove\OneDrive\Desktop\FixIT\FIXIT\.gradle\8.7\checksums)" [_thread_blocked, id=14576, stack(0x000000dfe8600000,0x000000dfe8700000)]
  0x000002d1fcb2f9a0 JavaThread "Cache worker for cache directory md-supplier (C:\Users\jjove\.gradle\caches\8.7\md-supplier)" [_thread_blocked, id=20060, stack(0x000000dfe8700000,0x000000dfe8800000)]
  0x000002d1fcb2feb0 JavaThread "Cache worker for cache directory md-rule (C:\Users\jjove\.gradle\caches\8.7\md-rule)" [_thread_blocked, id=28136, stack(0x000000dfe8800000,0x000000dfe8900000)]
  0x000002d1fdde9740 JavaThread "Cache worker for file content cache (C:\Users\jjove\.gradle\caches\8.7\fileContent)" [_thread_blocked, id=24236, stack(0x000000dfe8900000,0x000000dfe8a00000)]

Other Threads:
  0x000002d1f65b8430 VMThread "VM Thread" [stack: 0x000000dfe6100000,0x000000dfe6200000] [id=22992]
  0x000002d1f6a5d6b0 WatcherThread [stack: 0x000000dfe6d00000,0x000000dfe6e00000] [id=18596]
  0x000002d1dc7976f0 GCTaskThread "GC Thread#0" [stack: 0x000000dfe5c00000,0x000000dfe5d00000] [id=3716]
  0x000002d1fb08b370 GCTaskThread "GC Thread#1" [stack: 0x000000dfe6e00000,0x000000dfe6f00000] [id=4224]
  0x000002d1fb256910 GCTaskThread "GC Thread#2" [stack: 0x000000dfe6f00000,0x000000dfe7000000] [id=12220]
  0x000002d1fb7dc060 GCTaskThread "GC Thread#3" [stack: 0x000000dfe7000000,0x000000dfe7100000] [id=27592]
  0x000002d1f6af8a30 GCTaskThread "GC Thread#4" [stack: 0x000000dfe7100000,0x000000dfe7200000] [id=24800]
  0x000002d1fc804bd0 GCTaskThread "GC Thread#5" [stack: 0x000000dfe7c00000,0x000000dfe7d00000] [id=23984]
  0x000002d1fc804e90 GCTaskThread "GC Thread#6" [stack: 0x000000dfe7d00000,0x000000dfe7e00000] [id=28532]
  0x000002d1fcb33f90 GCTaskThread "GC Thread#7" [stack: 0x000000dfe7e00000,0x000000dfe7f00000] [id=24008]
  0x000002d1dc7a8640 ConcurrentGCThread "G1 Main Marker" [stack: 0x000000dfe5d00000,0x000000dfe5e00000] [id=10308]
  0x000002d1dc7a9800 ConcurrentGCThread "G1 Conc#0" [stack: 0x000000dfe5e00000,0x000000dfe5f00000] [id=19172]
  0x000002d1fc57c5b0 ConcurrentGCThread "G1 Conc#1" [stack: 0x000000dfe7f00000,0x000000dfe8000000] [id=10248]
  0x000002d1dc7ee670 ConcurrentGCThread "G1 Refine#0" [stack: 0x000000dfe5f00000,0x000000dfe6000000] [id=27488]
  0x000002d1fcf40300 ConcurrentGCThread "G1 Refine#1" [stack: 0x000000dfe8a00000,0x000000dfe8b00000] [id=22316]
  0x000002d1f6412230 ConcurrentGCThread "G1 Service" [stack: 0x000000dfe6000000,0x000000dfe6100000] [id=18800]

Threads with active compile tasks:
C2 CompilerThread0    14125 3902       4       org.objectweb.asm.Frame::execute (2318 bytes)

VM state: not at safepoint (normal execution)

VM Mutex/Monitor currently owned by a thread: None

Heap address: 0x0000000080000000, size: 2048 MB, Compressed Oops mode: 32-bit

CDS archive(s) not mapped
Compressed class space mapped at: 0x0000000100000000-0x0000000140000000, reserved size: 1073741824
Narrow klass base: 0x0000000000000000, Narrow klass shift: 3, Narrow klass range: 0x140000000

GC Precious Log:
 CPUs: 8 total, 8 available
 Memory: 8062M
 Large Page Support: Disabled
 NUMA Support: Disabled
 Compressed Oops: Enabled (32-bit)
 Heap Region Size: 1M
 Heap Min Capacity: 8M
 Heap Initial Capacity: 126M
 Heap Max Capacity: 2G
 Pre-touch: Disabled
 Parallel Workers: 8
 Concurrent Workers: 2
 Concurrent Refinement Workers: 8
 Periodic GC: Disabled

Heap:
 garbage-first heap   total 68608K, used 30308K [0x0000000080000000, 0x0000000100000000)
  region size 1024K, 4 young (4096K), 3 survivors (3072K)
 Metaspace       used 44800K, committed 45184K, reserved 1114112K
  class space    used 6037K, committed 6208K, reserved 1048576K

Heap Regions: E=young(eden), S=young(survivor), O=old, HS=humongous(starts), HC=humongous(continues), CS=collection set, F=free, OA=open archive, CA=closed archive, TAMS=top-at-mark-start (previous, next)
|   0|0x0000000080000000, 0x0000000080100000, 0x0000000080100000|100%|HS|  |TAMS 0x0000000080100000, 0x0000000080000000| Complete 
|   1|0x0000000080100000, 0x0000000080200000, 0x0000000080200000|100%|HC|  |TAMS 0x0000000080200000, 0x0000000080100000| Complete 
|   2|0x0000000080200000, 0x0000000080300000, 0x0000000080300000|100%|HC|  |TAMS 0x0000000080300000, 0x0000000080200000| Complete 
|   3|0x0000000080300000, 0x0000000080400000, 0x0000000080400000|100%|HC|  |TAMS 0x0000000080400000, 0x0000000080300000| Complete 
|   4|0x0000000080400000, 0x0000000080500000, 0x0000000080500000|100%| O|  |TAMS 0x0000000080500000, 0x0000000080400000| Untracked 
|   5|0x0000000080500000, 0x0000000080600000, 0x0000000080600000|100%| O|  |TAMS 0x0000000080600000, 0x0000000080500000| Untracked 
|   6|0x0000000080600000, 0x0000000080700000, 0x0000000080700000|100%| O|  |TAMS 0x0000000080700000, 0x0000000080600000| Untracked 
|   7|0x0000000080700000, 0x0000000080800000, 0x0000000080800000|100%| O|  |TAMS 0x0000000080800000, 0x0000000080700000| Untracked 
|   8|0x0000000080800000, 0x0000000080900000, 0x0000000080900000|100%| O|  |TAMS 0x0000000080900000, 0x0000000080800000| Untracked 
|   9|0x0000000080900000, 0x0000000080a00000, 0x0000000080a00000|100%| O|  |TAMS 0x0000000080a00000, 0x0000000080900000| Untracked 
|  10|0x0000000080a00000, 0x0000000080a6b600, 0x0000000080b00000| 41%| O|  |TAMS 0x0000000080a6b600, 0x0000000080a00000| Untracked 
|  11|0x0000000080b00000, 0x0000000080c00000, 0x0000000080c00000|100%| O|  |TAMS 0x0000000080c00000, 0x0000000080b00000| Untracked 
|  12|0x0000000080c00000, 0x0000000080d00000, 0x0000000080d00000|100%| O|  |TAMS 0x0000000080d00000, 0x0000000080c00000| Untracked 
|  13|0x0000000080d00000, 0x0000000080e00000, 0x0000000080e00000|100%| O|  |TAMS 0x0000000080e00000, 0x0000000080d00000| Untracked 
|  14|0x0000000080e00000, 0x0000000080f00000, 0x0000000080f00000|100%| O|  |TAMS 0x0000000080f00000, 0x0000000080e00000| Untracked 
|  15|0x0000000080f00000, 0x0000000081000000, 0x0000000081000000|100%| O|  |TAMS 0x0000000081000000, 0x0000000080f00000| Untracked 
|  16|0x0000000081000000, 0x0000000081100000, 0x0000000081100000|100%| O|  |TAMS 0x0000000081100000, 0x0000000081000000| Untracked 
|  17|0x0000000081100000, 0x0000000081200000, 0x0000000081200000|100%| O|  |TAMS 0x0000000081200000, 0x0000000081100000| Untracked 
|  18|0x0000000081200000, 0x0000000081300000, 0x0000000081300000|100%| O|  |TAMS 0x0000000081300000, 0x0000000081200000| Untracked 
|  19|0x0000000081300000, 0x0000000081400000, 0x0000000081400000|100%| O|  |TAMS 0x0000000081400000, 0x0000000081300000| Untracked 
|  20|0x0000000081400000, 0x0000000081500000, 0x0000000081500000|100%| O|  |TAMS 0x0000000081448200, 0x0000000081400000| Untracked 
|  21|0x0000000081500000, 0x0000000081600000, 0x0000000081600000|100%| O|  |TAMS 0x0000000081500000, 0x0000000081500000| Untracked 
|  22|0x0000000081600000, 0x0000000081700000, 0x0000000081700000|100%| O|  |TAMS 0x0000000081600000, 0x0000000081600000| Untracked 
|  23|0x0000000081700000, 0x0000000081800000, 0x0000000081800000|100%| O|  |TAMS 0x0000000081700000, 0x0000000081700000| Untracked 
|  24|0x0000000081800000, 0x0000000081900000, 0x0000000081900000|100%| O|  |TAMS 0x0000000081800000, 0x0000000081800000| Untracked 
|  25|0x0000000081900000, 0x0000000081a00000, 0x0000000081a00000|100%| O|  |TAMS 0x0000000081900000, 0x0000000081900000| Untracked 
|  26|0x0000000081a00000, 0x0000000081b00000, 0x0000000081b00000|100%| O|  |TAMS 0x0000000081a00000, 0x0000000081a00000| Untracked 
|  27|0x0000000081b00000, 0x0000000081b2da00, 0x0000000081c00000| 17%| O|  |TAMS 0x0000000081b00000, 0x0000000081b00000| Untracked 
|  28|0x0000000081c00000, 0x0000000081c00000, 0x0000000081d00000|  0%| F|  |TAMS 0x0000000081c00000, 0x0000000081c00000| Untracked 
|  29|0x0000000081d00000, 0x0000000081d00000, 0x0000000081e00000|  0%| F|  |TAMS 0x0000000081d00000, 0x0000000081d00000| Untracked 
|  30|0x0000000081e00000, 0x0000000081e00000, 0x0000000081f00000|  0%| F|  |TAMS 0x0000000081e00000, 0x0000000081e00000| Untracked 
|  31|0x0000000081f00000, 0x0000000081f00000, 0x0000000082000000|  0%| F|  |TAMS 0x0000000081f00000, 0x0000000081f00000| Untracked 
|  32|0x0000000082000000, 0x0000000082000000, 0x0000000082100000|  0%| F|  |TAMS 0x0000000082000000, 0x0000000082000000| Untracked 
|  33|0x0000000082100000, 0x0000000082100000, 0x0000000082200000|  0%| F|  |TAMS 0x0000000082100000, 0x0000000082100000| Untracked 
|  34|0x0000000082200000, 0x0000000082200000, 0x0000000082300000|  0%| F|  |TAMS 0x0000000082200000, 0x0000000082200000| Untracked 
|  35|0x0000000082300000, 0x0000000082300000, 0x0000000082400000|  0%| F|  |TAMS 0x0000000082300000, 0x0000000082300000| Untracked 
|  36|0x0000000082400000, 0x0000000082400000, 0x0000000082500000|  0%| F|  |TAMS 0x0000000082400000, 0x0000000082400000| Untracked 
|  37|0x0000000082500000, 0x0000000082500000, 0x0000000082600000|  0%| F|  |TAMS 0x0000000082500000, 0x0000000082500000| Untracked 
|  38|0x0000000082600000, 0x0000000082600000, 0x0000000082700000|  0%| F|  |TAMS 0x0000000082600000, 0x0000000082600000| Untracked 
|  39|0x0000000082700000, 0x0000000082800000, 0x0000000082800000|100%| S|CS|TAMS 0x0000000082700000, 0x0000000082700000| Complete 
|  40|0x0000000082800000, 0x0000000082900000, 0x0000000082900000|100%| S|CS|TAMS 0x0000000082800000, 0x0000000082800000| Complete 
|  41|0x0000000082900000, 0x0000000082900000, 0x0000000082a00000|  0%| F|  |TAMS 0x0000000082900000, 0x0000000082900000| Untracked 
|  42|0x0000000082a00000, 0x0000000082a00000, 0x0000000082b00000|  0%| F|  |TAMS 0x0000000082a00000, 0x0000000082a00000| Untracked 
|  43|0x0000000082b00000, 0x0000000082c00000, 0x0000000082c00000|100%| S|CS|TAMS 0x0000000082b00000, 0x0000000082b00000| Complete 
|  44|0x0000000082c00000, 0x0000000082c00000, 0x0000000082d00000|  0%| F|  |TAMS 0x0000000082c00000, 0x0000000082c00000| Untracked 
|  45|0x0000000082d00000, 0x0000000082d00000, 0x0000000082e00000|  0%| F|  |TAMS 0x0000000082d00000, 0x0000000082d00000| Untracked 
|  46|0x0000000082e00000, 0x0000000082e00000, 0x0000000082f00000|  0%| F|  |TAMS 0x0000000082e00000, 0x0000000082e00000| Untracked 
|  47|0x0000000082f00000, 0x0000000082f00000, 0x0000000083000000|  0%| F|  |TAMS 0x0000000082f00000, 0x0000000082f00000| Untracked 
|  48|0x0000000083000000, 0x0000000083000000, 0x0000000083100000|  0%| F|  |TAMS 0x0000000083000000, 0x0000000083000000| Untracked 
|  49|0x0000000083100000, 0x0000000083100000, 0x0000000083200000|  0%| F|  |TAMS 0x0000000083100000, 0x0000000083100000| Untracked 
|  50|0x0000000083200000, 0x0000000083200000, 0x0000000083300000|  0%| F|  |TAMS 0x0000000083200000, 0x0000000083200000| Untracked 
|  51|0x0000000083300000, 0x0000000083300000, 0x0000000083400000|  0%| F|  |TAMS 0x0000000083300000, 0x0000000083300000| Untracked 
|  52|0x0000000083400000, 0x0000000083400000, 0x0000000083500000|  0%| F|  |TAMS 0x0000000083400000, 0x0000000083400000| Untracked 
|  53|0x0000000083500000, 0x0000000083500000, 0x0000000083600000|  0%| F|  |TAMS 0x0000000083500000, 0x0000000083500000| Untracked 
|  54|0x0000000083600000, 0x0000000083600000, 0x0000000083700000|  0%| F|  |TAMS 0x0000000083600000, 0x0000000083600000| Untracked 
|  55|0x0000000083700000, 0x0000000083700000, 0x0000000083800000|  0%| F|  |TAMS 0x0000000083700000, 0x0000000083700000| Untracked 
|  56|0x0000000083800000, 0x0000000083800000, 0x0000000083900000|  0%| F|  |TAMS 0x0000000083800000, 0x0000000083800000| Untracked 
|  57|0x0000000083900000, 0x0000000083900000, 0x0000000083a00000|  0%| F|  |TAMS 0x0000000083900000, 0x0000000083900000| Untracked 
|  67|0x0000000084300000, 0x0000000084300000, 0x0000000084400000|  0%| F|  |TAMS 0x0000000084300000, 0x0000000084300000| Untracked 
|  68|0x0000000084400000, 0x0000000084400000, 0x0000000084500000|  0%| F|  |TAMS 0x0000000084400000, 0x0000000084400000| Untracked 
|  69|0x0000000084500000, 0x0000000084500000, 0x0000000084600000|  0%| F|  |TAMS 0x0000000084500000, 0x0000000084500000| Untracked 
|  70|0x0000000084600000, 0x0000000084600000, 0x0000000084700000|  0%| F|  |TAMS 0x0000000084600000, 0x0000000084600000| Untracked 
|  71|0x0000000084700000, 0x0000000084700000, 0x0000000084800000|  0%| F|  |TAMS 0x0000000084700000, 0x0000000084700000| Untracked 
|  72|0x0000000084800000, 0x0000000084800000, 0x0000000084900000|  0%| F|  |TAMS 0x0000000084800000, 0x0000000084800000| Untracked 
|  73|0x0000000084900000, 0x0000000084900000, 0x0000000084a00000|  0%| F|  |TAMS 0x0000000084900000, 0x0000000084900000| Untracked 
|  74|0x0000000084a00000, 0x0000000084a00000, 0x0000000084b00000|  0%| F|  |TAMS 0x0000000084a00000, 0x0000000084a00000| Untracked 
| 125|0x0000000087d00000, 0x0000000087dd0170, 0x0000000087e00000| 81%| E|  |TAMS 0x0000000087d00000, 0x0000000087d00000| Complete 

Card table byte_map: [0x000002d1ef340000,0x000002d1ef740000] _byte_map_base: 0x000002d1eef40000

Marking Bits (Prev, Next): (CMBitMap*) 0x000002d1dc797d10, (CMBitMap*) 0x000002d1dc797d50
 Prev Bits: [0x000002d1efb40000, 0x000002d1f1b40000)
 Next Bits: [0x000002d1f1b40000, 0x000002d1f3b40000)

Polling page: 0x000002d1da6e0000

Metaspace:

Usage:
  Non-class:     37.85 MB used.
      Class:      5.90 MB used.
       Both:     43.75 MB used.

Virtual space:
  Non-class space:       64.00 MB reserved,      38.06 MB ( 59%) committed,  1 nodes.
      Class space:        1.00 GB reserved,       6.06 MB ( <1%) committed,  1 nodes.
             Both:        1.06 GB reserved,      44.12 MB (  4%) committed. 

Chunk freelists:
   Non-Class:  9.53 MB
       Class:  9.94 MB
        Both:  19.47 MB

MaxMetaspaceSize: unlimited
CompressedClassSpaceSize: 1.00 GB
Initial GC threshold: 21.00 MB
Current GC threshold: 58.69 MB
CDS: off
MetaspaceReclaimPolicy: balanced
 - commit_granule_bytes: 65536.
 - commit_granule_words: 8192.
 - virtual_space_node_default_size: 8388608.
 - enlarge_chunks_in_place: 1.
 - new_chunks_are_fully_committed: 0.
 - uncommit_free_chunks: 1.
 - use_allocation_guard: 0.
 - handle_deallocations: 1.


Internal statistics:

num_allocs_failed_limit: 6.
num_arena_births: 448.
num_arena_deaths: 0.
num_vsnodes_births: 2.
num_vsnodes_deaths: 0.
num_space_committed: 706.
num_space_uncommitted: 0.
num_chunks_returned_to_freelist: 6.
num_chunks_taken_from_freelist: 1788.
num_chunk_merges: 6.
num_chunk_splits: 1172.
num_chunks_enlarged: 813.
num_inconsistent_stats: 0.

CodeHeap 'non-profiled nmethods': size=120000Kb used=2058Kb max_used=2058Kb free=117941Kb
 bounds [0x000002d1e76e0000, 0x000002d1e7950000, 0x000002d1eec10000]
CodeHeap 'profiled nmethods': size=120000Kb used=8215Kb max_used=8215Kb free=111784Kb
 bounds [0x000002d1dfc10000, 0x000002d1e0420000, 0x000002d1e7140000]
CodeHeap 'non-nmethods': size=5760Kb used=1600Kb max_used=1639Kb free=4159Kb
 bounds [0x000002d1e7140000, 0x000002d1e73b0000, 0x000002d1e76e0000]
 total_blobs=4582 nmethods=3917 adapters=576
 compilation: enabled
              stopped_count=0, restarted_count=0
 full_count=0

Compilation events (20 events):
Event: 13.974 Thread 0x000002d1f674fed0 3945       3       java.lang.reflect.Method::getGenericInfo (27 bytes)
Event: 13.976 Thread 0x000002d1f674fed0 nmethod 3945 0x000002d1e0407d10 code [0x000002d1e0407f80, 0x000002d1e0408d78]
Event: 13.976 Thread 0x000002d1f674fed0 3946       3       java.lang.Class::getGenericSuperclass (28 bytes)
Event: 13.977 Thread 0x000002d1f674fed0 nmethod 3946 0x000002d1e0409290 code [0x000002d1e04094e0, 0x000002d1e0409eb8]
Event: 13.977 Thread 0x000002d1f674fed0 3947       3       com.google.common.reflect.TypeResolver$TypeMappingIntrospector::visitClass (24 bytes)
Event: 13.979 Thread 0x000002d1f674fed0 nmethod 3947 0x000002d1e040a210 code [0x000002d1e040a500, 0x000002d1e040b5c8]
Event: 13.983 Thread 0x000002d1f674fed0 3948       3       com.google.common.collect.ImmutableMapEntry$NonTerminalImmutableMapEntry::<init> (12 bytes)
Event: 13.984 Thread 0x000002d1f674fed0 nmethod 3948 0x000002d1e040bb10 code [0x000002d1e040bce0, 0x000002d1e040c0c8]
Event: 13.984 Thread 0x000002d1f674fed0 3949   !   3       java.util.concurrent.ConcurrentHashMap::putVal (432 bytes)
Event: 13.987 Thread 0x000002d1f674fed0 nmethod 3949 0x000002d1e040c290 code [0x000002d1e040c600, 0x000002d1e040e148]
Event: 13.987 Thread 0x000002d1f674fed0 3950       3       jdk.internal.org.objectweb.asm.SymbolTable::addMergedType (164 bytes)
Event: 13.989 Thread 0x000002d1f674fed0 nmethod 3950 0x000002d1e040eb10 code [0x000002d1e040ed20, 0x000002d1e040f398]
Event: 13.990 Thread 0x000002d1f674fed0 3951       3       com.google.common.reflect.TypeResolver$TypeVariableKey::hashCode (32 bytes)
Event: 13.990 Thread 0x000002d1f674fed0 nmethod 3951 0x000002d1e040f790 code [0x000002d1e040f980, 0x000002d1e0410028]
Event: 13.992 Thread 0x000002d1f674fed0 3952       3       org.gradle.internal.instantiation.generator.AbstractClassGenerator$ExtensibleTypePropertyHandler::unclaimed (64 bytes)
Event: 13.993 Thread 0x000002d1f674fed0 nmethod 3952 0x000002d1e0410210 code [0x000002d1e0410420, 0x000002d1e0410ac8]
Event: 13.993 Thread 0x000002d1f674fed0 3953       3       org.gradle.internal.instantiation.generator.AbstractClassGenerator$MethodMetadata::getName (8 bytes)
Event: 13.993 Thread 0x000002d1f674fed0 nmethod 3953 0x000002d1e0410d10 code [0x000002d1e0410ea0, 0x000002d1e0410fd8]
Event: 13.996 Thread 0x000002d1f674fed0 3954       3       org.gradle.internal.instantiation.generator.AsmBackedClassGenerator::access$9300 (4 bytes)
Event: 13.996 Thread 0x000002d1f674fed0 nmethod 3954 0x000002d1e0411090 code [0x000002d1e0411220, 0x000002d1e0411318]

GC Heap History (18 events):
Event: 1.189 GC heap before
{Heap before GC invocations=0 (full 0):
 garbage-first heap   total 129024K, used 26624K [0x0000000080000000, 0x0000000100000000)
  region size 1024K, 23 young (23552K), 0 survivors (0K)
 Metaspace       used 10432K, committed 10560K, reserved 1114112K
  class space    used 1079K, committed 1152K, reserved 1048576K
}
Event: 1.198 GC heap after
{Heap after GC invocations=1 (full 0):
 garbage-first heap   total 129024K, used 10347K [0x0000000080000000, 0x0000000100000000)
  region size 1024K, 3 young (3072K), 3 survivors (3072K)
 Metaspace       used 10432K, committed 10560K, reserved 1114112K
  class space    used 1079K, committed 1152K, reserved 1048576K
}
Event: 2.085 GC heap before
{Heap before GC invocations=1 (full 0):
 garbage-first heap   total 129024K, used 39019K [0x0000000080000000, 0x0000000100000000)
  region size 1024K, 31 young (31744K), 3 survivors (3072K)
 Metaspace       used 11461K, committed 11648K, reserved 1114112K
  class space    used 1198K, committed 1280K, reserved 1048576K
}
Event: 2.092 GC heap after
{Heap after GC invocations=2 (full 0):
 garbage-first heap   total 129024K, used 11591K [0x0000000080000000, 0x0000000100000000)
  region size 1024K, 1 young (1024K), 1 survivors (1024K)
 Metaspace       used 11461K, committed 11648K, reserved 1114112K
  class space    used 1198K, committed 1280K, reserved 1048576K
}
Event: 4.996 GC heap before
{Heap before GC invocations=2 (full 0):
 garbage-first heap   total 129024K, used 62791K [0x0000000080000000, 0x0000000100000000)
  region size 1024K, 51 young (52224K), 1 survivors (1024K)
 Metaspace       used 21327K, committed 21504K, reserved 1114112K
  class space    used 2530K, committed 2624K, reserved 1048576K
}
Event: 5.011 GC heap after
{Heap after GC invocations=3 (full 0):
 garbage-first heap   total 129024K, used 18791K [0x0000000080000000, 0x0000000100000000)
  region size 1024K, 8 young (8192K), 8 survivors (8192K)
 Metaspace       used 21327K, committed 21504K, reserved 1114112K
  class space    used 2530K, committed 2624K, reserved 1048576K
}
Event: 6.458 GC heap before
{Heap before GC invocations=4 (full 0):
 garbage-first heap   total 68608K, used 51559K [0x0000000080000000, 0x0000000100000000)
  region size 1024K, 40 young (40960K), 8 survivors (8192K)
 Metaspace       used 26308K, committed 26624K, reserved 1114112K
  class space    used 3389K, committed 3584K, reserved 1048576K
}
Event: 6.468 GC heap after
{Heap after GC invocations=5 (full 0):
 garbage-first heap   total 68608K, used 20522K [0x0000000080000000, 0x0000000100000000)
  region size 1024K, 2 young (2048K), 2 survivors (2048K)
 Metaspace       used 26308K, committed 26624K, reserved 1114112K
  class space    used 3389K, committed 3584K, reserved 1048576K
}
Event: 8.073 GC heap before
{Heap before GC invocations=5 (full 0):
 garbage-first heap   total 68608K, used 47146K [0x0000000080000000, 0x0000000100000000)
  region size 1024K, 29 young (29696K), 2 survivors (2048K)
 Metaspace       used 29919K, committed 30272K, reserved 1114112K
  class space    used 3988K, committed 4160K, reserved 1048576K
}
Event: 8.080 GC heap after
{Heap after GC invocations=6 (full 0):
 garbage-first heap   total 68608K, used 21916K [0x0000000080000000, 0x0000000100000000)
  region size 1024K, 4 young (4096K), 4 survivors (4096K)
 Metaspace       used 29919K, committed 30272K, reserved 1114112K
  class space    used 3988K, committed 4160K, reserved 1048576K
}
Event: 9.406 GC heap before
{Heap before GC invocations=6 (full 0):
 garbage-first heap   total 68608K, used 48540K [0x0000000080000000, 0x0000000100000000)
  region size 1024K, 31 young (31744K), 4 survivors (4096K)
 Metaspace       used 33313K, committed 33728K, reserved 1114112K
  class space    used 4551K, committed 4736K, reserved 1048576K
}
Event: 9.415 GC heap after
{Heap after GC invocations=7 (full 0):
 garbage-first heap   total 68608K, used 23122K [0x0000000080000000, 0x0000000100000000)
  region size 1024K, 3 young (3072K), 3 survivors (3072K)
 Metaspace       used 33313K, committed 33728K, reserved 1114112K
  class space    used 4551K, committed 4736K, reserved 1048576K
}
Event: 10.145 GC heap before
{Heap before GC invocations=7 (full 0):
 garbage-first heap   total 68608K, used 36434K [0x0000000080000000, 0x0000000100000000)
  region size 1024K, 18 young (18432K), 3 survivors (3072K)
 Metaspace       used 35656K, committed 35968K, reserved 1114112K
  class space    used 4884K, committed 5056K, reserved 1048576K
}
Event: 10.153 GC heap after
{Heap after GC invocations=8 (full 0):
 garbage-first heap   total 68608K, used 23722K [0x0000000080000000, 0x0000000100000000)
  region size 1024K, 2 young (2048K), 2 survivors (2048K)
 Metaspace       used 35656K, committed 35968K, reserved 1114112K
  class space    used 4884K, committed 5056K, reserved 1048576K
}
Event: 11.649 GC heap before
{Heap before GC invocations=9 (full 0):
 garbage-first heap   total 68608K, used 51370K [0x0000000080000000, 0x0000000100000000)
  region size 1024K, 30 young (30720K), 2 survivors (2048K)
 Metaspace       used 41247K, committed 41600K, reserved 1114112K
  class space    used 5468K, committed 5632K, reserved 1048576K
}
Event: 11.658 GC heap after
{Heap after GC invocations=10 (full 0):
 garbage-first heap   total 68608K, used 27490K [0x0000000080000000, 0x0000000100000000)
  region size 1024K, 4 young (4096K), 4 survivors (4096K)
 Metaspace       used 41247K, committed 41600K, reserved 1114112K
  class space    used 5468K, committed 5632K, reserved 1048576K
}
Event: 12.430 GC heap before
{Heap before GC invocations=10 (full 0):
 garbage-first heap   total 68608K, used 52066K [0x0000000080000000, 0x0000000100000000)
  region size 1024K, 28 young (28672K), 4 survivors (4096K)
 Metaspace       used 42328K, committed 42752K, reserved 1114112K
  class space    used 5642K, committed 5824K, reserved 1048576K
}
Event: 12.436 GC heap after
{Heap after GC invocations=11 (full 0):
 garbage-first heap   total 68608K, used 28877K [0x0000000080000000, 0x0000000100000000)
  region size 1024K, 2 young (2048K), 2 survivors (2048K)
 Metaspace       used 42328K, committed 42752K, reserved 1114112K
  class space    used 5642K, committed 5824K, reserved 1048576K
}

Dll operation events (3 events):
Event: 0.017 Loaded shared library C:\Program Files\Android\Android Studio1\jbr\bin\java.dll
Event: 0.255 Loaded shared library C:\Program Files\Android\Android Studio1\jbr\bin\zip.dll
Event: 0.740 Loaded shared library C:\Program Files\Android\Android Studio1\jbr\bin\verify.dll

Deoptimization events (20 events):
Event: 13.412 Thread 0x000002d1fc471b50 Uncommon trap: trap_request=0xffffff45 fr.pc=0x000002d1e78cb85c relative=0x000000000000079c
Event: 13.412 Thread 0x000002d1fc471b50 Uncommon trap: reason=unstable_if action=reinterpret pc=0x000002d1e78cb85c method=java.lang.Class.getPackageName()Ljava/lang/String; @ 55 c2
Event: 13.412 Thread 0x000002d1fc471b50 DEOPT PACKING pc=0x000002d1e78cb85c sp=0x000000dfe78f9860
Event: 13.412 Thread 0x000002d1fc471b50 DEOPT UNPACKING pc=0x000002d1e71969a3 sp=0x000000dfe78f9820 mode 2
Event: 13.962 Thread 0x000002d1fc7ce660 Uncommon trap: trap_request=0xffffff45 fr.pc=0x000002d1e7804360 relative=0x0000000000001040
Event: 13.962 Thread 0x000002d1fc7ce660 Uncommon trap: reason=unstable_if action=reinterpret pc=0x000002d1e7804360 method=java.util.concurrent.ConcurrentHashMap.putVal(Ljava/lang/Object;Ljava/lang/Object;Z)Ljava/lang/Object; @ 112 c2
Event: 13.963 Thread 0x000002d1fc7ce660 DEOPT PACKING pc=0x000002d1e7804360 sp=0x000000dfe74fde90
Event: 13.963 Thread 0x000002d1fc7ce660 DEOPT UNPACKING pc=0x000002d1e71969a3 sp=0x000000dfe74fde10 mode 2
Event: 13.963 Thread 0x000002d1fc7ce660 Uncommon trap: trap_request=0xffffff45 fr.pc=0x000002d1e77bd4f4 relative=0x0000000000001494
Event: 13.963 Thread 0x000002d1fc7ce660 Uncommon trap: reason=unstable_if action=reinterpret pc=0x000002d1e77bd4f4 method=java.util.concurrent.ConcurrentHashMap.transfer([Ljava/util/concurrent/ConcurrentHashMap$Node;[Ljava/util/concurrent/ConcurrentHashMap$Node;)V @ 34 c2
Event: 13.963 Thread 0x000002d1fc7ce660 DEOPT PACKING pc=0x000002d1e77bd4f4 sp=0x000000dfe74fdca0
Event: 13.963 Thread 0x000002d1fc471b50 Uncommon trap: trap_request=0xffffff45 fr.pc=0x000002d1e77bd5f8 relative=0x0000000000001598
Event: 13.963 Thread 0x000002d1fc7ce660 DEOPT UNPACKING pc=0x000002d1e71969a3 sp=0x000000dfe74fdc50 mode 2
Event: 13.963 Thread 0x000002d1fc471b50 Uncommon trap: reason=unstable_if action=reinterpret pc=0x000002d1e77bd5f8 method=java.util.concurrent.ConcurrentHashMap.transfer([Ljava/util/concurrent/ConcurrentHashMap$Node;[Ljava/util/concurrent/ConcurrentHashMap$Node;)V @ 273 c2
Event: 13.963 Thread 0x000002d1fc471b50 DEOPT PACKING pc=0x000002d1e77bd5f8 sp=0x000000dfe78f5550
Event: 13.963 Thread 0x000002d1fc471b50 DEOPT UNPACKING pc=0x000002d1e71969a3 sp=0x000000dfe78f54e0 mode 2
Event: 13.963 Thread 0x000002d1fc471b50 Uncommon trap: trap_request=0xffffff45 fr.pc=0x000002d1e780476c relative=0x000000000000144c
Event: 13.963 Thread 0x000002d1fc471b50 Uncommon trap: reason=unstable_if action=reinterpret pc=0x000002d1e780476c method=java.util.concurrent.ConcurrentHashMap.addCount(JI)V @ 171 c2
Event: 13.963 Thread 0x000002d1fc471b50 DEOPT PACKING pc=0x000002d1e780476c sp=0x000000dfe78f5650
Event: 13.963 Thread 0x000002d1fc471b50 DEOPT UNPACKING pc=0x000002d1e71969a3 sp=0x000000dfe78f5510 mode 2

Classes unloaded (0 events):
No events

Classes redefined (0 events):
No events

Internal exceptions (20 events):
Event: 12.127 Thread 0x000002d1fc471b50 Exception <a 'java/lang/NoSuchMethodError'{0x00000000836ebd78}: 'java.lang.Object java.lang.invoke.DelegatingMethodHandle$Holder.delegate(java.lang.Object, java.lang.Object, java.lang.Object, java.lang.Object, java.lang.Object, java.lang.Object, java.lang.Object, java.lang.Object, java.lang.Object, java.lang.Object, java.lang.Object, java.lang.Object, java.lang.Object, java.lang.Object, java.lang.Object, java.lang.Object, java.lang.Object, java.lang.Object, java.lang.Object, java.lang.Object, java.lang.Obj
Event: 12.151 Thread 0x000002d1fc471b50 Exception <a 'java/lang/NoSuchMethodError'{0x0000000083566e98}: 'java.lang.Object java.lang.invoke.DirectMethodHandle$Holder.invokeStatic(java.lang.Object, java.lang.Object, java.lang.Object, java.lang.Object, java.lang.Object, java.lang.Object, java.lang.Object, java.lang.Object, java.lang.Object, java.lang.Object, java.lang.Object, java.lang.Object, java.lang.Object, java.lang.Object, java.lang.Object, java.lang.Object, java.lang.Object)'> (0x0000000083566e98) 
thrown [s\src\hotspot\share\interpreter\lin
Event: 12.158 Thread 0x000002d1fc471b50 Exception <a 'java/lang/NoSuchMethodError'{0x0000000083590340}: 'java.lang.Object java.lang.invoke.DirectMethodHandle$Holder.invokeStatic(java.lang.Object, java.lang.Object, java.lang.Object, java.lang.Object, java.lang.Object, java.lang.Object, java.lang.Object, java.lang.Object, java.lang.Object, java.lang.Object, java.lang.Object, java.lang.Object, java.lang.Object, java.lang.Object, java.lang.Object, java.lang.Object, java.lang.Object, java.lang.Object)'> (0x0000000083590340) 
thrown [s\src\hotspot\sha
Event: 12.162 Thread 0x000002d1fc471b50 Exception <a 'java/lang/NoSuchMethodError'{0x00000000835ba8a8}: 'java.lang.Object java.lang.invoke.DirectMethodHandle$Holder.invokeStatic(java.lang.Object, java.lang.Object, java.lang.Object, java.lang.Object, java.lang.Object, java.lang.Object, java.lang.Object, java.lang.Object, java.lang.Object, java.lang.Object, java.lang.Object, java.lang.Object, java.lang.Object, java.lang.Object, java.lang.Object, java.lang.Object, java.lang.Object, java.lang.Object, java.lang.Object)'> (0x00000000835ba8a8) 
thrown 
Event: 12.166 Thread 0x000002d1fc471b50 Exception <a 'java/lang/NoSuchMethodError'{0x00000000835e6538}: 'java.lang.Object java.lang.invoke.DirectMethodHandle$Holder.invokeStatic(java.lang.Object, java.lang.Object, java.lang.Object, java.lang.Object, java.lang.Object, java.lang.Object, java.lang.Object, java.lang.Object, java.lang.Object, java.lang.Object, java.lang.Object, java.lang.Object, java.lang.Object, java.lang.Object, java.lang.Object, java.lang.Object, java.lang.Object, java.lang.Object, java.lang.Object, java.lang.Object)'> (0x00000000
Event: 12.168 Thread 0x000002d1fc471b50 Exception <a 'java/lang/NoSuchMethodError'{0x0000000083412d88}: 'java.lang.Object java.lang.invoke.DirectMethodHandle$Holder.invokeStatic(java.lang.Object, java.lang.Object, java.lang.Object, java.lang.Object, java.lang.Object, java.lang.Object, java.lang.Object, java.lang.Object, java.lang.Object, java.lang.Object, java.lang.Object, java.lang.Object, java.lang.Object, java.lang.Object, java.lang.Object, java.lang.Object, java.lang.Object, java.lang.Object, java.lang.Object, java.lang.Object, java.lang.Obj
Event: 12.173 Thread 0x000002d1fc471b50 Exception <a 'java/lang/NoSuchMethodError'{0x0000000083440260}: 'java.lang.Object java.lang.invoke.DirectMethodHandle$Holder.invokeStatic(java.lang.Object, java.lang.Object, java.lang.Object, java.lang.Object, java.lang.Object, java.lang.Object, java.lang.Object, java.lang.Object, java.lang.Object, java.lang.Object, java.lang.Object, java.lang.Object, java.lang.Object, java.lang.Object, java.lang.Object, java.lang.Object, java.lang.Object, java.lang.Object, java.lang.Object, java.lang.Object, java.lang.Obj
Event: 12.176 Thread 0x000002d1fc471b50 Exception <a 'java/lang/NoSuchMethodError'{0x000000008346e7e0}: 'java.lang.Object java.lang.invoke.DirectMethodHandle$Holder.invokeStatic(java.lang.Object, java.lang.Object, java.lang.Object, java.lang.Object, java.lang.Object, java.lang.Object, java.lang.Object, java.lang.Object, java.lang.Object, java.lang.Object, java.lang.Object, java.lang.Object, java.lang.Object, java.lang.Object, java.lang.Object, java.lang.Object, java.lang.Object, java.lang.Object, java.lang.Object, java.lang.Object, java.lang.Obj
Event: 12.180 Thread 0x000002d1fc471b50 Exception <a 'java/lang/NoSuchMethodError'{0x000000008349da50}: 'java.lang.Object java.lang.invoke.DirectMethodHandle$Holder.invokeStatic(java.lang.Object, java.lang.Object, java.lang.Object, java.lang.Object, java.lang.Object, java.lang.Object, java.lang.Object, java.lang.Object, java.lang.Object, java.lang.Object, java.lang.Object, java.lang.Object, java.lang.Object, java.lang.Object, java.lang.Object, java.lang.Object, java.lang.Object, java.lang.Object, java.lang.Object, java.lang.Object, java.lang.Obj
Event: 12.184 Thread 0x000002d1fc471b50 Exception <a 'java/lang/NoSuchMethodError'{0x00000000834ce848}: 'java.lang.Object java.lang.invoke.DirectMethodHandle$Holder.invokeStatic(java.lang.Object, java.lang.Object, java.lang.Object, java.lang.Object, java.lang.Object, java.lang.Object, java.lang.Object, java.lang.Object, java.lang.Object, java.lang.Object, java.lang.Object, java.lang.Object, java.lang.Object, java.lang.Object, java.lang.Object, java.lang.Object, java.lang.Object, java.lang.Object, java.lang.Object, java.lang.Object, java.lang.Obj
Event: 12.187 Thread 0x000002d1fc471b50 Exception <a 'java/lang/NoSuchMethodError'{0x0000000083302a78}: 'java.lang.Object java.lang.invoke.DirectMethodHandle$Holder.invokeStatic(java.lang.Object, java.lang.Object, java.lang.Object, java.lang.Object, java.lang.Object, java.lang.Object, java.lang.Object, java.lang.Object, java.lang.Object, java.lang.Object, java.lang.Object, java.lang.Object, java.lang.Object, java.lang.Object, java.lang.Object, java.lang.Object, java.lang.Object, java.lang.Object, java.lang.Object, java.lang.Object, java.lang.Obj
Event: 12.866 Thread 0x000002d1fc471b50 Exception <a 'java/lang/IncompatibleClassChangeError'{0x00000000845e2dc8}: Found class java.lang.Object, but interface was expected> (0x00000000845e2dc8) 
thrown [s\src\hotspot\share\interpreter\linkResolver.cpp, line 838]
Event: 12.923 Thread 0x000002d1fc471b50 Exception <a 'java/lang/NoSuchMethodError'{0x00000000844a1fa8}: 'java.lang.Object java.lang.invoke.DirectMethodHandle$Holder.newInvokeSpecial(java.lang.Object, java.lang.Object, long)'> (0x00000000844a1fa8) 
thrown [s\src\hotspot\share\interpreter\linkResolver.cpp, line 771]
Event: 12.923 Thread 0x000002d1fc471b50 Exception <a 'java/lang/NoSuchMethodError'{0x00000000844a6860}: 'java.lang.Object java.lang.invoke.Invokers$Holder.linkToTargetMethod(java.lang.Object, long, java.lang.Object)'> (0x00000000844a6860) 
thrown [s\src\hotspot\share\interpreter\linkResolver.cpp, line 771]
Event: 13.039 Thread 0x000002d1fc471b50 Exception <a 'java/lang/NoSuchMethodError'{0x000000008393e6d8}: 'int java.lang.invoke.DirectMethodHandle$Holder.invokeInterface(java.lang.Object, java.lang.Object)'> (0x000000008393e6d8) 
thrown [s\src\hotspot\share\interpreter\linkResolver.cpp, line 771]
Event: 13.312 Thread 0x000002d1fc471b50 Exception <a 'java/lang/NoSuchMethodError'{0x0000000083649bb0}: 'java.lang.Object java.lang.invoke.DirectMethodHandle$Holder.invokeVirtual(java.lang.Object, java.lang.Object, int)'> (0x0000000083649bb0) 
thrown [s\src\hotspot\share\interpreter\linkResolver.cpp, line 771]
Event: 13.534 Thread 0x000002d1fc471b50 Exception <a 'java/lang/NoSuchMethodError'{0x00000000833159d8}: 'java.lang.Object java.lang.invoke.DirectMethodHandle$Holder.newInvokeSpecial(java.lang.Object, java.lang.Object, java.lang.Object, java.lang.Object, int)'> (0x00000000833159d8) 
thrown [s\src\hotspot\share\interpreter\linkResolver.cpp, line 771]
Event: 13.537 Thread 0x000002d1fc471b50 Exception <a 'java/lang/NoSuchMethodError'{0x000000008331aa58}: 'java.lang.Object java.lang.invoke.DirectMethodHandle$Holder.invokeSpecial(java.lang.Object, java.lang.Object, java.lang.Object, java.lang.Object, java.lang.Object, int)'> (0x000000008331aa58) 
thrown [s\src\hotspot\share\interpreter\linkResolver.cpp, line 771]
Event: 13.538 Thread 0x000002d1fc471b50 Exception <a 'java/lang/NoSuchMethodError'{0x000000008331f488}: 'java.lang.Object java.lang.invoke.Invokers$Holder.linkToTargetMethod(java.lang.Object, java.lang.Object, java.lang.Object, int, java.lang.Object)'> (0x000000008331f488) 
thrown [s\src\hotspot\share\interpreter\linkResolver.cpp, line 771]
Event: 13.704 Thread 0x000002d1fc471b50 Exception <a 'java/lang/NoSuchMethodError'{0x00000000832edc30}: 'int java.lang.invoke.DirectMethodHandle$Holder.invokeInterface(java.lang.Object, java.lang.Object, java.lang.Object, java.lang.Object)'> (0x00000000832edc30) 
thrown [s\src\hotspot\share\interpreter\linkResolver.cpp, line 771]

VM Operations (20 events):
Event: 11.649 Executing VM operation: G1CollectForAllocation
Event: 11.658 Executing VM operation: G1CollectForAllocation done
Event: 12.430 Executing VM operation: G1CollectForAllocation
Event: 12.437 Executing VM operation: G1CollectForAllocation done
Event: 12.876 Executing VM operation: HandshakeAllThreads
Event: 12.876 Executing VM operation: HandshakeAllThreads done
Event: 12.983 Executing VM operation: HandshakeAllThreads
Event: 12.983 Executing VM operation: HandshakeAllThreads done
Event: 13.650 Executing VM operation: HandshakeAllThreads
Event: 13.650 Executing VM operation: HandshakeAllThreads done
Event: 13.650 Executing VM operation: Cleanup
Event: 13.650 Executing VM operation: Cleanup done
Event: 13.671 Executing VM operation: HandshakeAllThreads
Event: 13.671 Executing VM operation: HandshakeAllThreads done
Event: 13.690 Executing VM operation: HandshakeAllThreads
Event: 13.690 Executing VM operation: HandshakeAllThreads done
Event: 13.962 Executing VM operation: HandshakeAllThreads
Event: 13.962 Executing VM operation: HandshakeAllThreads done
Event: 13.988 Executing VM operation: HandshakeAllThreads
Event: 13.988 Executing VM operation: HandshakeAllThreads done

Events (20 events):
Event: 12.174 loading class java/lang/invoke/BoundMethodHandle$Species_LLLLLLLLLLLLLLLLLLLL
Event: 12.174 loading class java/lang/invoke/BoundMethodHandle$Species_LLLLLLLLLLLLLLLLLLLL done
Event: 12.178 loading class java/lang/invoke/BoundMethodHandle$Species_LLLLLLLLLLLLLLLLLLLLL
Event: 12.178 loading class java/lang/invoke/BoundMethodHandle$Species_LLLLLLLLLLLLLLLLLLLLL done
Event: 12.182 loading class java/lang/invoke/BoundMethodHandle$Species_LLLLLLLLLLLLLLLLLLLLLL
Event: 12.182 loading class java/lang/invoke/BoundMethodHandle$Species_LLLLLLLLLLLLLLLLLLLLLL done
Event: 12.186 loading class java/lang/invoke/BoundMethodHandle$Species_LLLLLLLLLLLLLLLLLLLLLLL
Event: 12.186 loading class java/lang/invoke/BoundMethodHandle$Species_LLLLLLLLLLLLLLLLLLLLLLL done
Event: 12.212 loading class java/util/regex/Pattern$Pos
Event: 12.212 loading class java/util/regex/Pattern$Pos done
Event: 13.011 loading class java/nio/charset/CharacterCodingException
Event: 13.011 loading class java/nio/charset/CharacterCodingException done
Event: 13.319 loading class java/util/stream/Streams$RangeIntSpliterator
Event: 13.319 loading class java/util/stream/Streams$RangeIntSpliterator done
Event: 13.668 loading class java/util/ArrayList$ListItr
Event: 13.670 loading class java/util/ArrayList$ListItr done
Event: 13.878 loading class java/util/concurrent/LinkedBlockingDeque$Itr
Event: 13.879 loading class java/util/concurrent/LinkedBlockingDeque$AbstractItr
Event: 13.880 loading class java/util/concurrent/LinkedBlockingDeque$AbstractItr done
Event: 13.881 loading class java/util/concurrent/LinkedBlockingDeque$Itr done


Dynamic libraries:
0x00007ff6a6200000 - 0x00007ff6a620a000 	C:\Program Files\Android\Android Studio1\jbr\bin\java.exe
0x00007ffbbd810000 - 0x00007ffbbda27000 	C:\WINDOWS\SYSTEM32\ntdll.dll
0x00007ffbbd630000 - 0x00007ffbbd6f4000 	C:\WINDOWS\System32\KERNEL32.DLL
0x00007ffbbaef0000 - 0x00007ffbbb29c000 	C:\WINDOWS\System32\KERNELBASE.dll
0x00007ffbbadd0000 - 0x00007ffbbaee1000 	C:\WINDOWS\System32\ucrtbase.dll
0x00007ffb87ca0000 - 0x00007ffb87cb7000 	C:\Program Files\Android\Android Studio1\jbr\bin\jli.dll
0x00007ffbb2bb0000 - 0x00007ffbb2bcb000 	C:\Program Files\Android\Android Studio1\jbr\bin\VCRUNTIME140.dll
0x00007ffbbd300000 - 0x00007ffbbd4ae000 	C:\WINDOWS\System32\USER32.dll
0x00007ffb7d9a0000 - 0x00007ffb7dc33000 	C:\WINDOWS\WinSxS\amd64_microsoft.windows.common-controls_6595b64144ccf1df_6.0.22621.3672_none_2713b9d173822955\COMCTL32.dll
0x00007ffbbac00000 - 0x00007ffbbac26000 	C:\WINDOWS\System32\win32u.dll
0x00007ffbbd570000 - 0x00007ffbbd617000 	C:\WINDOWS\System32\msvcrt.dll
0x00007ffbbb5d0000 - 0x00007ffbbb5f9000 	C:\WINDOWS\System32\GDI32.dll
0x00007ffbbb310000 - 0x00007ffbbb429000 	C:\WINDOWS\System32\gdi32full.dll
0x00007ffbbb430000 - 0x00007ffbbb4ca000 	C:\WINDOWS\System32\msvcp_win.dll
0x00007ffbbc000000 - 0x00007ffbbc031000 	C:\WINDOWS\System32\IMM32.DLL
0x00007ffbb4060000 - 0x00007ffbb406c000 	C:\Program Files\Android\Android Studio1\jbr\bin\vcruntime140_1.dll
0x00007ffb87620000 - 0x00007ffb876ad000 	C:\Program Files\Android\Android Studio1\jbr\bin\msvcp140.dll
0x00007ffb32db0000 - 0x00007ffb33a33000 	C:\Program Files\Android\Android Studio1\jbr\bin\server\jvm.dll
0x00007ffbbd4b0000 - 0x00007ffbbd562000 	C:\WINDOWS\System32\ADVAPI32.dll
0x00007ffbbd710000 - 0x00007ffbbd7ba000 	C:\WINDOWS\System32\sechost.dll
0x00007ffbbac30000 - 0x00007ffbbac58000 	C:\WINDOWS\System32\bcrypt.dll
0x00007ffbbbd20000 - 0x00007ffbbbe35000 	C:\WINDOWS\System32\RPCRT4.dll
0x00007ffbbaa00000 - 0x00007ffbbaa4d000 	C:\WINDOWS\SYSTEM32\POWRPROF.dll
0x00007ffbb5b10000 - 0x00007ffbb5b44000 	C:\WINDOWS\SYSTEM32\WINMM.dll
0x00007ffbb2390000 - 0x00007ffbb239a000 	C:\WINDOWS\SYSTEM32\VERSION.dll
0x00007ffb979a0000 - 0x00007ffb979a9000 	C:\WINDOWS\SYSTEM32\WSOCK32.dll
0x00007ffbbcab0000 - 0x00007ffbbcb21000 	C:\WINDOWS\System32\WS2_32.dll
0x00007ffbba830000 - 0x00007ffbba843000 	C:\WINDOWS\SYSTEM32\UMPDC.dll
0x00007ffbb9b30000 - 0x00007ffbb9b48000 	C:\WINDOWS\SYSTEM32\kernel.appcore.dll
0x00007ffbb20e0000 - 0x00007ffbb20ea000 	C:\Program Files\Android\Android Studio1\jbr\bin\jimage.dll
0x00007ffbb2630000 - 0x00007ffbb2862000 	C:\WINDOWS\SYSTEM32\DBGHELP.DLL
0x00007ffbbcc40000 - 0x00007ffbbcfc8000 	C:\WINDOWS\System32\combase.dll
0x00007ffbbd220000 - 0x00007ffbbd2f7000 	C:\WINDOWS\System32\OLEAUT32.dll
0x00007ffbb2580000 - 0x00007ffbb25b2000 	C:\WINDOWS\SYSTEM32\dbgcore.DLL
0x00007ffbbb4d0000 - 0x00007ffbbb54b000 	C:\WINDOWS\System32\bcryptPrimitives.dll
0x00007ffb8e640000 - 0x00007ffb8e64e000 	C:\Program Files\Android\Android Studio1\jbr\bin\instrument.dll
0x00007ffb8eab0000 - 0x00007ffb8ead5000 	C:\Program Files\Android\Android Studio1\jbr\bin\java.dll
0x00007ffbb1570000 - 0x00007ffbb1588000 	C:\Program Files\Android\Android Studio1\jbr\bin\zip.dll
0x00007ffbbc0f0000 - 0x00007ffbbc94c000 	C:\WINDOWS\System32\SHELL32.dll
0x00007ffbb8a40000 - 0x00007ffbb9337000 	C:\WINDOWS\SYSTEM32\windows.storage.dll
0x00007ffbb8900000 - 0x00007ffbb8a3f000 	C:\WINDOWS\SYSTEM32\wintypes.dll
0x00007ffbbbbc0000 - 0x00007ffbbbcb4000 	C:\WINDOWS\System32\SHCORE.dll
0x00007ffbbc090000 - 0x00007ffbbc0ee000 	C:\WINDOWS\System32\shlwapi.dll
0x00007ffbbaa70000 - 0x00007ffbbaa91000 	C:\WINDOWS\SYSTEM32\profapi.dll
0x00007ffbaa1c0000 - 0x00007ffbaa1d9000 	C:\Program Files\Android\Android Studio1\jbr\bin\net.dll
0x00007ffbb5d40000 - 0x00007ffbb5e76000 	C:\WINDOWS\SYSTEM32\WINHTTP.dll
0x00007ffbb9f90000 - 0x00007ffbb9ff9000 	C:\WINDOWS\system32\mswsock.dll
0x00007ffba7910000 - 0x00007ffba7926000 	C:\Program Files\Android\Android Studio1\jbr\bin\nio.dll
0x00007ffb8e650000 - 0x00007ffb8e660000 	C:\Program Files\Android\Android Studio1\jbr\bin\verify.dll
0x00007ffb80430000 - 0x00007ffb80457000 	C:\Users\jjove\.gradle\native\c067742578af261105cb4f569cf0c3c89f3d7b1fecec35dd04571415982c5e48\windows-amd64\native-platform.dll
0x00007ffb759e0000 - 0x00007ffb75b24000 	C:\Users\jjove\.gradle\native\38dada09dfb8b06ba9b0570ebf7e218e3eb74d4ef43ca46872605cf95ebc2f47\windows-amd64\native-platform-file-events.dll
0x00007ffba0090000 - 0x00007ffba0099000 	C:\Program Files\Android\Android Studio1\jbr\bin\management.dll
0x00007ffb8e9b0000 - 0x00007ffb8e9bb000 	C:\Program Files\Android\Android Studio1\jbr\bin\management_ext.dll
0x00007ffbbd7c0000 - 0x00007ffbbd7c8000 	C:\WINDOWS\System32\PSAPI.DLL
0x00007ffbba2e0000 - 0x00007ffbba2fb000 	C:\WINDOWS\SYSTEM32\CRYPTSP.dll
0x00007ffbb9a90000 - 0x00007ffbb9ac5000 	C:\WINDOWS\system32\rsaenh.dll
0x00007ffbba030000 - 0x00007ffbba058000 	C:\WINDOWS\SYSTEM32\USERENV.dll
0x00007ffbba2c0000 - 0x00007ffbba2cc000 	C:\WINDOWS\SYSTEM32\CRYPTBASE.dll
0x00007ffbb95a0000 - 0x00007ffbb95cd000 	C:\WINDOWS\SYSTEM32\IPHLPAPI.DLL
0x00007ffbbcb30000 - 0x00007ffbbcb39000 	C:\WINDOWS\System32\NSI.dll
0x00007ffbb5f60000 - 0x00007ffbb5f79000 	C:\WINDOWS\SYSTEM32\dhcpcsvc6.DLL
0x00007ffbb5f20000 - 0x00007ffbb5f3f000 	C:\WINDOWS\SYSTEM32\dhcpcsvc.DLL
0x00007ffbb9610000 - 0x00007ffbb9708000 	C:\WINDOWS\SYSTEM32\DNSAPI.dll
0x00007ffbb1ea0000 - 0x00007ffbb1ea9000 	C:\Program Files\Android\Android Studio1\jbr\bin\extnet.dll
0x00007ffb9eb70000 - 0x00007ffb9eb78000 	C:\WINDOWS\system32\wshunix.dll

dbghelp: loaded successfully - version: 4.0.5 - missing functions: none
symbol engine: initialized successfully - sym options: 0x614 - pdb path: .;C:\Program Files\Android\Android Studio1\jbr\bin;C:\WINDOWS\SYSTEM32;C:\WINDOWS\WinSxS\amd64_microsoft.windows.common-controls_6595b64144ccf1df_6.0.22621.3672_none_2713b9d173822955;C:\Program Files\Android\Android Studio1\jbr\bin\server;C:\Users\jjove\.gradle\native\c067742578af261105cb4f569cf0c3c89f3d7b1fecec35dd04571415982c5e48\windows-amd64;C:\Users\jjove\.gradle\native\38dada09dfb8b06ba9b0570ebf7e218e3eb74d4ef43ca46872605cf95ebc2f47\windows-amd64

VM Arguments:
jvm_args: --add-opens=java.base/java.util=ALL-UNNAMED --add-opens=java.base/java.lang=ALL-UNNAMED --add-opens=java.base/java.lang.invoke=ALL-UNNAMED --add-opens=java.prefs/java.util.prefs=ALL-UNNAMED --add-opens=java.base/java.nio.charset=ALL-UNNAMED --add-opens=java.base/java.net=ALL-UNNAMED --add-opens=java.base/java.util.concurrent.atomic=ALL-UNNAMED -Xmx2048m -Dfile.encoding=UTF-8 -Duser.country=ES -Duser.language=es -Duser.variant -javaagent:C:\Users\jjove\.gradle\wrapper\dists\gradle-8.7-bin\bhs2wmbdwecv87pi65oeuq5iu\gradle-8.7\lib\agents\gradle-instrumentation-agent-8.7.jar 
java_command: org.gradle.launcher.daemon.bootstrap.GradleDaemon 8.7
java_class_path (initial): C:\Users\jjove\.gradle\wrapper\dists\gradle-8.7-bin\bhs2wmbdwecv87pi65oeuq5iu\gradle-8.7\lib\gradle-launcher-8.7.jar
Launcher Type: SUN_STANDARD

[Global flags]
     intx CICompilerCount                          = 4                                         {product} {ergonomic}
     uint ConcGCThreads                            = 2                                         {product} {ergonomic}
     uint G1ConcRefinementThreads                  = 8                                         {product} {ergonomic}
   size_t G1HeapRegionSize                         = 1048576                                   {product} {ergonomic}
    uintx GCDrainStackTargetSize                   = 64                                        {product} {ergonomic}
   size_t InitialHeapSize                          = 132120576                                 {product} {ergonomic}
   size_t MarkStackSize                            = 4194304                                   {product} {ergonomic}
   size_t MaxHeapSize                              = 2147483648                                {product} {command line}
   size_t MaxNewSize                               = 1287651328                                {product} {ergonomic}
   size_t MinHeapDeltaBytes                        = 1048576                                   {product} {ergonomic}
   size_t MinHeapSize                              = 8388608                                   {product} {ergonomic}
    uintx NonNMethodCodeHeapSize                   = 5839372                                {pd product} {ergonomic}
    uintx NonProfiledCodeHeapSize                  = 122909434                              {pd product} {ergonomic}
    uintx ProfiledCodeHeapSize                     = 122909434                              {pd product} {ergonomic}
    uintx ReservedCodeCacheSize                    = 251658240                              {pd product} {ergonomic}
     bool SegmentedCodeCache                       = true                                      {product} {ergonomic}
   size_t SoftMaxHeapSize                          = 2147483648                             {manageable} {ergonomic}
     bool UseCompressedClassPointers               = true                           {product lp64_product} {ergonomic}
     bool UseCompressedOops                        = true                           {product lp64_product} {ergonomic}
     bool UseG1GC                                  = true                                      {product} {ergonomic}
     bool UseLargePagesIndividualAllocation        = false                                  {pd product} {ergonomic}

Logging:
Log output configuration:
 #0: stdout all=warning uptime,level,tags
 #1: stderr all=off uptime,level,tags

Environment Variables:
PATH=C:\oracleXE\dbhomeXE\bin;C:\WINDOWS\system32;C:\WINDOWS;C:\WINDOWS\System32\Wbem;C:\WINDOWS\System32\WindowsPowerShell\v1.0\;C:\WINDOWS\System32\OpenSSH\;C:\Program Files\Git\cmd;C:\Users\jjove\AppData\Local\Microsoft\WindowsApps;C:\Users\jjove\AppData\Local\Programs\Microsoft VS Code\bin
USERNAME=jjove
OS=Windows_NT
PROCESSOR_IDENTIFIER=Intel64 Family 6 Model 142 Stepping 11, GenuineIntel
TMP=C:\Users\jjove\AppData\Local\Temp
TEMP=C:\Users\jjove\AppData\Local\Temp



Periodic native trim disabled

JNI global refs:
JNI global refs: 25, weak refs: 0

JNI global refs memory usage: 843, weak refs: 841

OOME stack traces (most recent first):
Classloader memory used:
Loader org.gradle.internal.classloader.VisitableURLClassLoader                         : 2643K
Loader bootstrap                                                                       : 2316K
Loader org.gradle.initialization.MixInLegacyTypesClassLoader                           : 548K
Loader jdk.internal.loader.ClassLoaders$PlatformClassLoader                            : 67442B
Loader jdk.internal.loader.ClassLoaders$AppClassLoader                                 : 28714B
Loader jdk.internal.reflect.DelegatingClassLoader                                      : 4428B
Loader org.gradle.internal.classloader.VisitableURLClassLoader                         : 807B

Classes loaded by more than one classloader:
Class org.gradle.internal.installation.GradleInstallation                             : loaded 2 times (x 73B)
Class org.gradle.internal.classpath.ClassPath                                         : loaded 2 times (x 68B)
Class org.gradle.api.internal.classpath.DefaultModuleRegistry                         : loaded 2 times (x 84B)
Class org.gradle.api.Action                                                           : loaded 2 times (x 68B)
Class org.gradle.api.internal.DefaultClassPathProvider                                : loaded 2 times (x 74B)
Class org.gradle.internal.installation.GradleInstallation$1                           : loaded 2 times (x 73B)
Class org.gradle.internal.classloader.FilteringClassLoader                            : loaded 2 times (x 103B)
Class org.gradle.internal.classpath.DefaultClassPath$ImmutableUniqueList$Builder      : loaded 2 times (x 73B)
Class org.gradle.internal.classloader.ClassLoaderVisitor                              : loaded 2 times (x 74B)
Class org.gradle.internal.service.DefaultServiceLocator                               : loaded 2 times (x 81B)
Class org.gradle.internal.service.UnknownServiceException                             : loaded 2 times (x 81B)
Class org.gradle.internal.classloader.DefaultClassLoaderFactory                       : loaded 2 times (x 80B)
Class org.gradle.internal.classloader.VisitableURLClassLoader$Spec                    : loaded 2 times (x 72B)
Class org.gradle.api.GradleException                                                  : loaded 2 times (x 80B)
Class org.gradle.api.internal.classpath.ModuleRegistry                                : loaded 2 times (x 68B)
Class org.gradle.api.internal.ClassPathProvider                                       : loaded 2 times (x 68B)
Class org.gradle.internal.classloader.ClasspathUtil$1                                 : loaded 2 times (x 74B)
Class org.gradle.internal.classloader.ClassLoaderFactory                              : loaded 2 times (x 68B)
Class org.gradle.api.internal.classpath.ManifestUtil                                  : loaded 2 times (x 69B)
Class org.gradle.api.specs.Spec                                                       : loaded 2 times (x 68B)
Class org.gradle.internal.IoActions                                                   : loaded 2 times (x 69B)
Class org.gradle.api.internal.classpath.EffectiveClassPath                            : loaded 2 times (x 88B)
Class org.gradle.internal.installation.CurrentGradleInstallation                      : loaded 2 times (x 71B)
Class org.gradle.internal.agents.InstrumentingClassLoader                             : loaded 2 times (x 68B)
Class org.gradle.internal.installation.CurrentGradleInstallationLocator               : loaded 2 times (x 69B)
Class org.gradle.api.internal.classpath.Module                                        : loaded 2 times (x 68B)
Class org.gradle.internal.service.CachingServiceLocator                               : loaded 2 times (x 80B)
Class org.gradle.internal.classpath.DefaultClassPath                                  : loaded 2 times (x 88B)
Class org.gradle.internal.classloader.SystemClassLoaderSpec                           : loaded 2 times (x 69B)
Class org.gradle.api.UncheckedIOException                                             : loaded 2 times (x 80B)
Class org.gradle.internal.classloader.ClasspathUtil                                   : loaded 2 times (x 69B)
Class org.gradle.api.internal.DefaultClassPathRegistry                                : loaded 2 times (x 74B)
Class org.gradle.api.internal.classpath.DefaultModuleRegistry$DefaultModule           : loaded 2 times (x 84B)
Class org.gradle.api.internal.classpath.UnknownModuleException                        : loaded 2 times (x 80B)
Class org.gradle.internal.service.ServiceLookupException                              : loaded 2 times (x 80B)
Class org.gradle.cache.GlobalCache                                                    : loaded 2 times (x 68B)
Class [Lorg.gradle.api.internal.ClassPathProvider;                                    : loaded 2 times (x 67B)
Class org.gradle.util.internal.GUtil                                                  : loaded 2 times (x 69B)
Class org.gradle.internal.classloader.ClassLoaderSpec                                 : loaded 2 times (x 69B)
Class org.gradle.internal.classloader.VisitableURLClassLoader                         : loaded 2 times (x 115B)
Class org.gradle.internal.Cast                                                        : loaded 2 times (x 69B)
Class org.gradle.api.internal.ClassPathRegistry                                       : loaded 2 times (x 68B)
Class org.gradle.internal.classloader.VisitableURLClassLoader$InstrumentingVisitableURLClassLoader: loaded 2 times (x 121B)
Class org.gradle.internal.classloader.ClassLoaderHierarchy                            : loaded 2 times (x 68B)
Class org.gradle.internal.InternalTransformer                                         : loaded 2 times (x 68B)
Class org.gradle.internal.service.ServiceLocator                                      : loaded 2 times (x 68B)
Class org.gradle.internal.classpath.DefaultClassPath$ImmutableUniqueList              : loaded 2 times (x 159B)
Class org.gradle.internal.classpath.TransformedClassPath                              : loaded 2 times (x 94B)


---------------  S Y S T E M  ---------------

OS:
 Windows 11 , 64 bit Build 22621 (10.0.22621.3672)
OS uptime: 22 days 10:55 hours
Hyper-V role detected

CPU: total 8 (initial active 8) (4 cores per cpu, 2 threads per core) family 6 model 142 stepping 11 microcode 0xf4, cx8, cmov, fxsr, ht, mmx, 3dnowpref, sse, sse2, sse3, ssse3, sse4.1, sse4.2, popcnt, lzcnt, tsc, tscinvbit, avx, avx2, aes, erms, clmul, bmi1, bmi2, adx, fma, vzeroupper, clflush, clflushopt, hv
Processor Information for all 8 processors :
  Max Mhz: 1800, Current Mhz: 1600, Mhz Limit: 1584

Memory: 4k page, system-wide physical 8062M (323M free)
TotalPageFile size 32638M (AvailPageFile size 4M)
current process WorkingSet (physical memory assigned to process): 171M, peak: 171M
current process commit charge ("private bytes"): 237M, peak: 251M

vm_info: OpenJDK 64-Bit Server VM (17.0.10+0--11609105) for windows-amd64 JRE (17.0.10+0--11609105), built on Mar 21 2024 19:10:56 by "androidbuild" with MS VC++ 16.10 / 16.11 (VS2019)

END.
