#
# There is insufficient memory for the Java Runtime Environment to continue.
# Native memory allocation (mmap) failed to map 132120576 bytes for G1 virtual space
# Possible reasons:
#   The system is out of physical RAM or swap space
#   The process is running with CompressedOops enabled, and the Java Heap may be blocking the growth of the native heap
# Possible solutions:
#   Reduce memory load on the system
#   Increase physical memory or swap space
#   Check if swap backing store is full
#   Decrease Java heap size (-Xmx/-Xms)
#   Decrease number of Java threads
#   Decrease Java thread stack sizes (-Xss)
#   Set larger code cache with -XX:ReservedCodeCacheSize=
#   JVM is running with Unscaled Compressed Oops mode in which the Java heap is
#     placed in the first 4GB address space. The Java Heap base address is the
#     maximum limit for the native heap growth. Please use -XX:HeapBaseMinAddress
#     to set the Java Heap base and to place the Java Heap above 4GB virtual address.
# This output file may be truncated or incomplete.
#
#  Out of Memory Error (os_windows.cpp:3825), pid=16380, tid=17216
#
# JRE version:  (17.0.10) (build )
# Java VM: OpenJDK 64-Bit Server VM (17.0.10+0--11609105, mixed mode, sharing, tiered, compressed oops, compressed class ptrs, g1 gc, windows-amd64)
# No core dump will be written. Minidumps are not enabled by default on client versions of Windows
#

---------------  S U M M A R Y ------------

Command Line: org.jetbrains.kotlin.cli.jvm.K2JVMCompiler @C:\Users\jjove\OneDrive\Desktop\FixIT\FIXIT\app\build\20240713_17639867604682544671.compiler.options

Host: Intel(R) Core(TM) i5-8265U CPU @ 1.60GHz, 8 cores, 7G,  Windows 11 , 64 bit Build 22621 (10.0.22621.3672)
Time: Sat Jul 13 20:41:05 2024 Hora estándar, América Central elapsed time: 0.369541 seconds (0d 0h 0m 0s)

---------------  T H R E A D  ---------------

Current thread (0x000001ba4eba8090):  JavaThread "Unknown thread" [_thread_in_vm, id=17216, stack(0x0000005a5c900000,0x0000005a5ca00000)]

Stack: [0x0000005a5c900000,0x0000005a5ca00000]
Native frames: (J=compiled Java code, j=interpreted, Vv=VM code, C=native code)
V  [jvm.dll+0x688de9]
V  [jvm.dll+0x8423da]
V  [jvm.dll+0x84401e]
V  [jvm.dll+0x844683]
V  [jvm.dll+0x24be0f]
V  [jvm.dll+0x685bb9]
V  [jvm.dll+0x67a46a]
V  [jvm.dll+0x30cbab]
V  [jvm.dll+0x314056]
V  [jvm.dll+0x363dce]
V  [jvm.dll+0x363fff]
V  [jvm.dll+0x2e2978]
V  [jvm.dll+0x2e38e4]
V  [jvm.dll+0x812f71]
V  [jvm.dll+0x371c81]
V  [jvm.dll+0x7f1ac6]
V  [jvm.dll+0x3f58df]
V  [jvm.dll+0x3f7511]
C  [jli.dll+0x528f]
C  [ucrtbase.dll+0x29333]
C  [KERNEL32.DLL+0x1257d]
C  [ntdll.dll+0x5af28]


---------------  P R O C E S S  ---------------

Threads class SMR info:
_java_thread_list=0x00007ffb523bef58, length=0, elements={
}

Java Threads: ( => current thread )

Other Threads:
  0x000001ba4ec06330 GCTaskThread "GC Thread#0" [stack: 0x0000005a5cb00000,0x0000005a5cc00000] [id=2312]
  0x000001ba4ec17620 ConcurrentGCThread "G1 Main Marker" [stack: 0x0000005a5cc00000,0x0000005a5cd00000] [id=4676]
  0x000001ba4ec18040 ConcurrentGCThread "G1 Conc#0" [stack: 0x0000005a5cd00000,0x0000005a5ce00000] [id=1820]

[error occurred during error reporting (printing all threads), id 0xc0000005, EXCEPTION_ACCESS_VIOLATION (0xc0000005) at pc=0x00007ffb51b73547]

VM state: not at safepoint (not fully initialized)

VM Mutex/Monitor currently owned by a thread:  ([mutex/lock_event])
[0x000001ba4eba4480] Heap_lock - owner thread: 0x000001ba4eba8090

Heap address: 0x0000000082000000, size: 2016 MB, Compressed Oops mode: 32-bit

CDS archive(s) mapped at: [0x0000000000000000-0x0000000000000000-0x0000000000000000), size 0, SharedBaseAddress: 0x0000000800000000, ArchiveRelocationMode: 1.
Narrow klass base: 0x0000000000000000, Narrow klass shift: 0, Narrow klass range: 0x0

GC Precious Log:
<Empty>

Heap:
 garbage-first heap   total 0K, used 0K [0x0000000082000000, 0x0000000100000000)
  region size 1024K, 0 young (0K), 0 survivors (0K)
 Metaspace       used 0K, committed 0K, reserved 0K
  class space    used 0K, committed 0K, reserved 0K

Heap Regions: E=young(eden), S=young(survivor), O=old, HS=humongous(starts), HC=humongous(continues), CS=collection set, F=free, OA=open archive, CA=closed archive, TAMS=top-at-mark-start (previous, next)

Card table byte_map: [0x000001ba617a0000,0x000001ba61b90000] _byte_map_base: 0x000001ba61390000

Marking Bits (Prev, Next): (CMBitMap*) 0x000001ba4ec06950, (CMBitMap*) 0x000001ba4ec06990
 Prev Bits: [0x000001ba61f80000, 0x000001ba63f00000)
 Next Bits: [0x000001ba63f00000, 0x000001ba65e80000)

GC Heap History (0 events):
No events

Dll operation events (1 events):
Event: 0.184 Loaded shared library C:\Program Files\Android\Android Studio1\jbr\bin\java.dll

Deoptimization events (0 events):
No events

Classes unloaded (0 events):
No events

Classes redefined (0 events):
No events

Internal exceptions (0 events):
No events

VM Operations (0 events):
No events

Events (0 events):
No events


Dynamic libraries:
0x00007ff7d0fa0000 - 0x00007ff7d0faa000 	C:\Program Files\Android\Android Studio1\jbr\bin\java.exe
0x00007ffbbd810000 - 0x00007ffbbda27000 	C:\WINDOWS\SYSTEM32\ntdll.dll
0x00007ffbbd630000 - 0x00007ffbbd6f4000 	C:\WINDOWS\System32\KERNEL32.DLL
0x00007ffbbaef0000 - 0x00007ffbbb29c000 	C:\WINDOWS\System32\KERNELBASE.dll
0x00007ffbbadd0000 - 0x00007ffbbaee1000 	C:\WINDOWS\System32\ucrtbase.dll
0x00007ffbb1db0000 - 0x00007ffbb1dc7000 	C:\Program Files\Android\Android Studio1\jbr\bin\jli.dll
0x00007ffbbd300000 - 0x00007ffbbd4ae000 	C:\WINDOWS\System32\USER32.dll
0x00007ffbbac00000 - 0x00007ffbbac26000 	C:\WINDOWS\System32\win32u.dll
0x00007ffbbb5d0000 - 0x00007ffbbb5f9000 	C:\WINDOWS\System32\GDI32.dll
0x00007ffbbb310000 - 0x00007ffbbb429000 	C:\WINDOWS\System32\gdi32full.dll
0x00007ffbbb430000 - 0x00007ffbbb4ca000 	C:\WINDOWS\System32\msvcp_win.dll
0x00007ffbb1d80000 - 0x00007ffbb1d9b000 	C:\Program Files\Android\Android Studio1\jbr\bin\VCRUNTIME140.dll
0x00007ffb7d9a0000 - 0x00007ffb7dc33000 	C:\WINDOWS\WinSxS\amd64_microsoft.windows.common-controls_6595b64144ccf1df_6.0.22621.3672_none_2713b9d173822955\COMCTL32.dll
0x00007ffbbd570000 - 0x00007ffbbd617000 	C:\WINDOWS\System32\msvcrt.dll
0x00007ffbbc000000 - 0x00007ffbbc031000 	C:\WINDOWS\System32\IMM32.DLL
0x00007ffbb6a40000 - 0x00007ffbb6a4c000 	C:\Program Files\Android\Android Studio1\jbr\bin\vcruntime140_1.dll
0x00007ffb851e0000 - 0x00007ffb8526d000 	C:\Program Files\Android\Android Studio1\jbr\bin\msvcp140.dll
0x00007ffb51880000 - 0x00007ffb52503000 	C:\Program Files\Android\Android Studio1\jbr\bin\server\jvm.dll
0x00007ffbbd4b0000 - 0x00007ffbbd562000 	C:\WINDOWS\System32\ADVAPI32.dll
0x00007ffbbd710000 - 0x00007ffbbd7ba000 	C:\WINDOWS\System32\sechost.dll
0x00007ffbbac30000 - 0x00007ffbbac58000 	C:\WINDOWS\System32\bcrypt.dll
0x00007ffbbbd20000 - 0x00007ffbbbe35000 	C:\WINDOWS\System32\RPCRT4.dll
0x00007ffbbaa00000 - 0x00007ffbbaa4d000 	C:\WINDOWS\SYSTEM32\POWRPROF.dll
0x00007ffb979a0000 - 0x00007ffb979a9000 	C:\WINDOWS\SYSTEM32\WSOCK32.dll
0x00007ffbbcab0000 - 0x00007ffbbcb21000 	C:\WINDOWS\System32\WS2_32.dll
0x00007ffbb5b10000 - 0x00007ffbb5b44000 	C:\WINDOWS\SYSTEM32\WINMM.dll
0x00007ffbb2390000 - 0x00007ffbb239a000 	C:\WINDOWS\SYSTEM32\VERSION.dll
0x00007ffbba830000 - 0x00007ffbba843000 	C:\WINDOWS\SYSTEM32\UMPDC.dll
0x00007ffbb9b30000 - 0x00007ffbb9b48000 	C:\WINDOWS\SYSTEM32\kernel.appcore.dll
0x00007ffbb6a50000 - 0x00007ffbb6a5a000 	C:\Program Files\Android\Android Studio1\jbr\bin\jimage.dll
0x00007ffbb2630000 - 0x00007ffbb2862000 	C:\WINDOWS\SYSTEM32\DBGHELP.DLL
0x00007ffbbcc40000 - 0x00007ffbbcfc8000 	C:\WINDOWS\System32\combase.dll
0x00007ffbbd220000 - 0x00007ffbbd2f7000 	C:\WINDOWS\System32\OLEAUT32.dll
0x00007ffbb2580000 - 0x00007ffbb25b2000 	C:\WINDOWS\SYSTEM32\dbgcore.DLL
0x00007ffbbb4d0000 - 0x00007ffbbb54b000 	C:\WINDOWS\System32\bcryptPrimitives.dll
0x00007ffbb1f30000 - 0x00007ffbb1f55000 	C:\Program Files\Android\Android Studio1\jbr\bin\java.dll

dbghelp: loaded successfully - version: 4.0.5 - missing functions: none
symbol engine: initialized successfully - sym options: 0x614 - pdb path: .;C:\Program Files\Android\Android Studio1\jbr\bin;C:\WINDOWS\SYSTEM32;C:\WINDOWS\WinSxS\amd64_microsoft.windows.common-controls_6595b64144ccf1df_6.0.22621.3672_none_2713b9d173822955;C:\Program Files\Android\Android Studio1\jbr\bin\server

VM Arguments:
java_command: org.jetbrains.kotlin.cli.jvm.K2JVMCompiler @C:\Users\jjove\OneDrive\Desktop\FixIT\FIXIT\app\build\20240713_17639867604682544671.compiler.options
java_class_path (initial): C:\Users\jjove\.gradle\caches\modules-2\files-2.1\org.jetbrains.kotlin\kotlin-compiler-embeddable\1.9.0\2c8c3a7402becca891f12739b3e9fd2dc2adbd7a\kotlin-compiler-embeddable-1.9.0.jar;C:\Users\jjove\.gradle\caches\modules-2\files-2.1\org.jetbrains.kotlin\kotlin-stdlib\1.9.0\8ee15ef0c67dc83d874f412d84378d7f0eb50b63\kotlin-stdlib-1.9.0.jar;C:\Users\jjove\.gradle\caches\modules-2\files-2.1\org.jetbrains.kotlin\kotlin-script-runtime\1.9.0\4b3102cbbb7e1b58d9d1adf89563f00069ffa7d1\kotlin-script-runtime-1.9.0.jar;C:\Users\jjove\.gradle\caches\modules-2\files-2.1\org.jetbrains.kotlin\kotlin-reflect\1.6.10\1cbe9c92c12a94eea200d23c2bbaedaf3daf5132\kotlin-reflect-1.6.10.jar;C:\Users\jjove\.gradle\caches\modules-2\files-2.1\org.jetbrains.kotlin\kotlin-daemon-embeddable\1.9.0\186543f5e28cf8d9a0290fecc2cf34301c40a65c\kotlin-daemon-embeddable-1.9.0.jar;C:\Users\jjove\.gradle\caches\modules-2\files-2.1\org.jetbrains.intellij.deps\trove4j\1.0.20200330\3afb14d5f9ceb459d724e907a21145e8ff394f02\trove4j-1.0.20200330.jar;C:\Users\jjove\.gradle\caches\modules-2\files-2.1\org.jetbrains.kotlin\kotlin-stdlib-common\1.9.0\cd65c21cfd1eec4d44ef09f9f52b6d9f8a720636\kotlin-stdlib-common-1.9.0.jar;C:\Users\jjove\.gradle\caches\modules-2\files-2.1\org.jetbrains\annotations\13.0\919f0dfe192fb4e063e7dacadee7f8bb9a2672a9\annotations-13.0.jar
Launcher Type: SUN_STANDARD

[Global flags]
     intx CICompilerCount                          = 4                                         {product} {ergonomic}
     uint ConcGCThreads                            = 2                                         {product} {ergonomic}
     uint G1ConcRefinementThreads                  = 8                                         {product} {ergonomic}
   size_t G1HeapRegionSize                         = 1048576                                   {product} {ergonomic}
    uintx GCDrainStackTargetSize                   = 64                                        {product} {ergonomic}
   size_t InitialHeapSize                          = 132120576                                 {product} {ergonomic}
   size_t MarkStackSize                            = 4194304                                   {product} {ergonomic}
   size_t MaxHeapSize                              = 2113929216                                {product} {ergonomic}
   size_t MinHeapDeltaBytes                        = 1048576                                   {product} {ergonomic}
   size_t MinHeapSize                              = 8388608                                   {product} {ergonomic}
    uintx NonNMethodCodeHeapSize                   = 5839372                                {pd product} {ergonomic}
    uintx NonProfiledCodeHeapSize                  = 122909434                              {pd product} {ergonomic}
    uintx ProfiledCodeHeapSize                     = 122909434                              {pd product} {ergonomic}
    uintx ReservedCodeCacheSize                    = 251658240                              {pd product} {ergonomic}
     bool SegmentedCodeCache                       = true                                      {product} {ergonomic}
   size_t SoftMaxHeapSize                          = 2113929216                             {manageable} {ergonomic}
     bool UseCompressedClassPointers               = true                           {product lp64_product} {ergonomic}
     bool UseCompressedOops                        = true                           {product lp64_product} {ergonomic}
     bool UseG1GC                                  = true                                      {product} {ergonomic}
     bool UseLargePagesIndividualAllocation        = false                                  {pd product} {ergonomic}

Logging:
Log output configuration:
 #0: stdout all=warning uptime,level,tags
 #1: stderr all=off uptime,level,tags

Environment Variables:
PATH=C:\oracleXE\dbhomeXE\bin;C:\WINDOWS\system32;C:\WINDOWS;C:\WINDOWS\System32\Wbem;C:\WINDOWS\System32\WindowsPowerShell\v1.0\;C:\WINDOWS\System32\OpenSSH\;C:\Program Files\Git\cmd;C:\Users\jjove\AppData\Local\Microsoft\WindowsApps;C:\Users\jjove\AppData\Local\Programs\Microsoft VS Code\bin
USERNAME=jjove
OS=Windows_NT
PROCESSOR_IDENTIFIER=Intel64 Family 6 Model 142 Stepping 11, GenuineIntel
TMP=C:\Users\jjove\AppData\Local\Temp
TEMP=C:\Users\jjove\AppData\Local\Temp



Periodic native trim disabled

JNI global refs:
JNI global refs: 0, weak refs: 0

JNI global refs memory usage: 0, weak refs: 0

OOME stack traces (most recent first):
Classloader memory used:


---------------  S Y S T E M  ---------------

OS:
 Windows 11 , 64 bit Build 22621 (10.0.22621.3672)
OS uptime: 21 days 22:24 hours
Hyper-V role detected

CPU: total 8 (initial active 8) (4 cores per cpu, 2 threads per core) family 6 model 142 stepping 11 microcode 0xf4, cx8, cmov, fxsr, ht, mmx, 3dnowpref, sse, sse2, sse3, ssse3, sse4.1, sse4.2, popcnt, lzcnt, tsc, tscinvbit, avx, avx2, aes, erms, clmul, bmi1, bmi2, adx, fma, vzeroupper, clflush, clflushopt, hv
Processor Information for all 8 processors :
  Max Mhz: 1800, Current Mhz: 1600, Mhz Limit: 1584

Memory: 4k page, system-wide physical 8062M (17M free)
TotalPageFile size 32637M (AvailPageFile size 123M)
current process WorkingSet (physical memory assigned to process): 10M, peak: 10M
current process commit charge ("private bytes"): 60M, peak: 186M

vm_info: OpenJDK 64-Bit Server VM (17.0.10+0--11609105) for windows-amd64 JRE (17.0.10+0--11609105), built on Mar 21 2024 19:10:56 by "androidbuild" with MS VC++ 16.10 / 16.11 (VS2019)

END.
