#
# There is insufficient memory for the Java Runtime Environment to continue.
# Native memory allocation (mmap) failed to map 65536 bytes for Failed to commit metaspace.
# Possible reasons:
#   The system is out of physical RAM or swap space
#   The process is running with CompressedOops enabled, and the Java Heap may be blocking the growth of the native heap
# Possible solutions:
#   Reduce memory load on the system
#   Increase physical memory or swap space
#   Check if swap backing store is full
#   Decrease Java heap size (-Xmx/-Xms)
#   Decrease number of Java threads
#   Decrease Java thread stack sizes (-Xss)
#   Set larger code cache with -XX:ReservedCodeCacheSize=
#   JVM is running with Unscaled Compressed Oops mode in which the Java heap is
#     placed in the first 4GB address space. The Java Heap base address is the
#     maximum limit for the native heap growth. Please use -XX:HeapBaseMinAddress
#     to set the Java Heap base and to place the Java Heap above 4GB virtual address.
# This output file may be truncated or incomplete.
#
#  Out of Memory Error (virtualSpaceNode.cpp:110), pid=22424, tid=19104
#
# JRE version: OpenJDK Runtime Environment (17.0.10) (build 17.0.10+0--11609105)
# Java VM: OpenJDK 64-Bit Server VM (17.0.10+0--11609105, mixed mode, tiered, compressed oops, compressed class ptrs, g1 gc, windows-amd64)
# No core dump will be written. Minidumps are not enabled by default on client versions of Windows
#

---------------  S U M M A R Y ------------

Command Line: org.jetbrains.kotlin.cli.jvm.K2JVMCompiler @C:\Users\jjove\OneDrive\Desktop\FixIT\FIXIT\app\build\20240714_13867534534691992039.compiler.options

Host: Intel(R) Core(TM) i5-8265U CPU @ 1.60GHz, 8 cores, 7G,  Windows 11 , 64 bit Build 22621 (10.0.22621.3672)
Time: Sun Jul 14 09:18:50 2024 Hora estándar, América Central elapsed time: 1.431786 seconds (0d 0h 0m 1s)

---------------  T H R E A D  ---------------

Current thread (0x000002331ebd8e70):  JavaThread "main" [_thread_in_vm, id=19104, stack(0x0000007a20400000,0x0000007a20500000)]

Stack: [0x0000007a20400000,0x0000007a20500000]
Native frames: (J=compiled Java code, j=interpreted, Vv=VM code, C=native code)
V  [jvm.dll+0x688de9]
V  [jvm.dll+0x8423da]
V  [jvm.dll+0x84401e]
V  [jvm.dll+0x844683]
V  [jvm.dll+0x24be0f]
V  [jvm.dll+0x83d3bb]
V  [jvm.dll+0x62d4a6]
V  [jvm.dll+0x62d50a]
V  [jvm.dll+0x62fd3a]
V  [jvm.dll+0x62de46]
V  [jvm.dll+0x374052]
V  [jvm.dll+0x1e66db]
V  [jvm.dll+0x54dd45]
V  [jvm.dll+0x1f59bb]
V  [jvm.dll+0x7bab7b]
V  [jvm.dll+0x7bbfec]
V  [jvm.dll+0x7bc863]
V  [jvm.dll+0x1efdf4]
V  [jvm.dll+0x1e4e35]
V  [jvm.dll+0x54dd1c]
V  [jvm.dll+0x1f59bb]
V  [jvm.dll+0x7bab7b]
V  [jvm.dll+0x7bbfec]
V  [jvm.dll+0x7bc338]
V  [jvm.dll+0x24386e]
V  [jvm.dll+0x387e8e]
C  0x00000233295fb5bb

The last pc belongs to new (printed below).
Java frames: (J=compiled Java code, j=interpreted, Vv=VM code)
j  sun.net.www.protocol.jar.Handler.openConnection(Ljava/net/URL;)Ljava/net/URLConnection;+0 java.base@17.0.10
j  java.net.URL.openConnection()Ljava/net/URLConnection;+5 java.base@17.0.10
j  java.util.ServiceLoader$LazyClassPathLookupIterator.parse(Ljava/net/URL;)Ljava/util/Iterator;+9 java.base@17.0.10
j  java.util.ServiceLoader$LazyClassPathLookupIterator.nextProviderClass()Ljava/lang/Class;+176 java.base@17.0.10
j  java.util.ServiceLoader$LazyClassPathLookupIterator.hasNextService()Z+15 java.base@17.0.10
j  java.util.ServiceLoader$LazyClassPathLookupIterator.hasNext()Z+11 java.base@17.0.10
j  java.util.ServiceLoader$2.hasNext()Z+16 java.base@17.0.10
j  java.util.ServiceLoader$3.hasNext()Z+32 java.base@17.0.10
j  kotlin.collections.CollectionsKt___CollectionsKt.toCollection(Ljava/lang/Iterable;Ljava/util/Collection;)Ljava/util/Collection;+21
j  kotlin.collections.CollectionsKt___CollectionsKt.toMutableList(Ljava/lang/Iterable;)Ljava/util/List;+32
j  kotlin.collections.CollectionsKt___CollectionsKt.toList(Ljava/lang/Iterable;)Ljava/util/List;+96
j  kotlin.reflect.jvm.internal.impl.resolve.OverridingUtil.<clinit>()V+26
v  ~StubRoutines::call_stub
j  kotlin.reflect.jvm.internal.impl.types.checker.NewKotlinTypeCheckerImpl.<init>(Lkotlin/reflect/jvm/internal/impl/types/checker/KotlinTypeRefiner;Lkotlin/reflect/jvm/internal/impl/types/checker/KotlinTypePreparator;)V+31
j  kotlin.reflect.jvm.internal.impl.types.checker.NewKotlinTypeCheckerImpl.<init>(Lkotlin/reflect/jvm/internal/impl/types/checker/KotlinTypeRefiner;Lkotlin/reflect/jvm/internal/impl/types/checker/KotlinTypePreparator;ILkotlin/jvm/internal/DefaultConstructorMarker;)V+16
j  kotlin.reflect.jvm.internal.impl.types.checker.NewKotlinTypeChecker$Companion.<clinit>()V+23
v  ~StubRoutines::call_stub
j  kotlin.reflect.jvm.internal.impl.types.checker.NewKotlinTypeChecker.<clinit>()V+0
v  ~StubRoutines::call_stub
j  kotlin.reflect.jvm.internal.impl.load.kotlin.DeserializationComponentsForJavaKt.makeLazyJavaPackageFragmentProvider(Lkotlin/reflect/jvm/internal/impl/load/java/JavaClassFinder;Lkotlin/reflect/jvm/internal/impl/descriptors/ModuleDescriptor;Lkotlin/reflect/jvm/internal/impl/storage/StorageManager;Lkotlin/reflect/jvm/internal/impl/descriptors/NotFoundClasses;Lkotlin/reflect/jvm/internal/impl/load/kotlin/KotlinClassFinder;Lkotlin/reflect/jvm/internal/impl/load/kotlin/DeserializedDescriptorResolver;Lkotlin/reflect/jvm/internal/impl/serialization/deserialization/ErrorReporter;Lkotlin/reflect/jvm/internal/impl/load/java/sources/JavaSourceElementFactory;Lkotlin/reflect/jvm/internal/impl/load/java/lazy/ModuleClassResolver;Lkotlin/reflect/jvm/internal/impl/load/kotlin/PackagePartProvider;)Lkotlin/reflect/jvm/internal/impl/load/java/lazy/LazyJavaPackageFragmentProvider;+223
j  kotlin.reflect.jvm.internal.impl.load.kotlin.DeserializationComponentsForJavaKt.makeLazyJavaPackageFragmentProvider$default(Lkotlin/reflect/jvm/internal/impl/load/java/JavaClassFinder;Lkotlin/reflect/jvm/internal/impl/descriptors/ModuleDescriptor;Lkotlin/reflect/jvm/internal/impl/storage/StorageManager;Lkotlin/reflect/jvm/internal/impl/descriptors/NotFoundClasses;Lkotlin/reflect/jvm/internal/impl/load/kotlin/KotlinClassFinder;Lkotlin/reflect/jvm/internal/impl/load/kotlin/DeserializedDescriptorResolver;Lkotlin/reflect/jvm/internal/impl/serialization/deserialization/ErrorReporter;Lkotlin/reflect/jvm/internal/impl/load/java/sources/JavaSourceElementFactory;Lkotlin/reflect/jvm/internal/impl/load/java/lazy/ModuleClassResolver;Lkotlin/reflect/jvm/internal/impl/load/kotlin/PackagePartProvider;ILjava/lang/Object;)Lkotlin/reflect/jvm/internal/impl/load/java/lazy/LazyJavaPackageFragmentProvider;+33
j  kotlin.reflect.jvm.internal.impl.load.kotlin.DeserializationComponentsForJava$Companion.createModuleData(Lkotlin/reflect/jvm/internal/impl/load/kotlin/KotlinClassFinder;Lkotlin/reflect/jvm/internal/impl/load/kotlin/KotlinClassFinder;Lkotlin/reflect/jvm/internal/impl/load/java/JavaClassFinder;Ljava/lang/String;Lkotlin/reflect/jvm/internal/impl/serialization/deserialization/ErrorReporter;Lkotlin/reflect/jvm/internal/impl/load/java/sources/JavaSourceElementFactory;)Lkotlin/reflect/jvm/internal/impl/load/kotlin/DeserializationComponentsForJava$Companion$ModuleData;+216
j  kotlin.reflect.jvm.internal.impl.descriptors.runtime.components.RuntimeModuleData$Companion.create(Ljava/lang/ClassLoader;)Lkotlin/reflect/jvm/internal/impl/descriptors/runtime/components/RuntimeModuleData;+77
j  kotlin.reflect.jvm.internal.ModuleByClassLoaderKt.getOrCreateModule(Ljava/lang/Class;)Lkotlin/reflect/jvm/internal/impl/descriptors/runtime/components/RuntimeModuleData;+84
j  kotlin.reflect.jvm.internal.KDeclarationContainerImpl$Data$moduleData$2.invoke()Lkotlin/reflect/jvm/internal/impl/descriptors/runtime/components/RuntimeModuleData;+7
j  kotlin.reflect.jvm.internal.KDeclarationContainerImpl$Data$moduleData$2.invoke()Ljava/lang/Object;+1
j  kotlin.reflect.jvm.internal.ReflectProperties$LazySoftVal.invoke()Ljava/lang/Object;+28
j  kotlin.reflect.jvm.internal.ReflectProperties$Val.getValue(Ljava/lang/Object;Ljava/lang/Object;)Ljava/lang/Object;+1
j  kotlin.reflect.jvm.internal.KDeclarationContainerImpl$Data.getModuleData()Lkotlin/reflect/jvm/internal/impl/descriptors/runtime/components/RuntimeModuleData;+10
j  kotlin.reflect.jvm.internal.KClassImpl$Data$descriptor$2.invoke()Lkotlin/reflect/jvm/internal/impl/descriptors/ClassDescriptor;+21
j  kotlin.reflect.jvm.internal.KClassImpl$Data$descriptor$2.invoke()Ljava/lang/Object;+1
j  kotlin.reflect.jvm.internal.ReflectProperties$LazySoftVal.invoke()Ljava/lang/Object;+28
j  kotlin.reflect.jvm.internal.ReflectProperties$Val.getValue(Ljava/lang/Object;Ljava/lang/Object;)Ljava/lang/Object;+1
j  kotlin.reflect.jvm.internal.KClassImpl$Data.getDescriptor()Lkotlin/reflect/jvm/internal/impl/descriptors/ClassDescriptor;+10
j  kotlin.reflect.jvm.internal.KClassImpl.getDescriptor()Lkotlin/reflect/jvm/internal/impl/descriptors/ClassDescriptor;+10
j  kotlin.reflect.jvm.internal.KClassImpl.getMemberScope$kotlin_reflection()Lkotlin/reflect/jvm/internal/impl/resolve/scopes/MemberScope;+1
j  kotlin.reflect.jvm.internal.KClassImpl$Data$declaredNonStaticMembers$2.invoke()Ljava/util/Collection;+8
j  kotlin.reflect.jvm.internal.KClassImpl$Data$declaredNonStaticMembers$2.invoke()Ljava/lang/Object;+1
j  kotlin.reflect.jvm.internal.ReflectProperties$LazySoftVal.invoke()Ljava/lang/Object;+28
j  kotlin.reflect.jvm.internal.ReflectProperties$Val.getValue(Ljava/lang/Object;Ljava/lang/Object;)Ljava/lang/Object;+1
j  kotlin.reflect.jvm.internal.KClassImpl$Data.getDeclaredNonStaticMembers()Ljava/util/Collection;+11
j  kotlin.reflect.jvm.internal.KClassImpl$Data$allNonStaticMembers$2.invoke()Ljava/util/List;+4
j  kotlin.reflect.jvm.internal.KClassImpl$Data$allNonStaticMembers$2.invoke()Ljava/lang/Object;+1
j  kotlin.reflect.jvm.internal.ReflectProperties$LazySoftVal.invoke()Ljava/lang/Object;+28
j  kotlin.reflect.jvm.internal.ReflectProperties$Val.getValue(Ljava/lang/Object;Ljava/lang/Object;)Ljava/lang/Object;+1
j  kotlin.reflect.jvm.internal.KClassImpl$Data.getAllNonStaticMembers()Ljava/util/Collection;+11
j  kotlin.reflect.full.KClasses.getMemberProperties(Lkotlin/reflect/KClass;)Ljava/util/Collection;+19
j  org.jetbrains.kotlin.cli.common.arguments.ParseCommandLineArgumentsKt.parsePreprocessedCommandLineArguments(Ljava/util/List;Lorg/jetbrains/kotlin/cli/common/arguments/CommonToolArguments;Lkotlin/Lazy;Z)V+7
j  org.jetbrains.kotlin.cli.common.arguments.ParseCommandLineArgumentsKt.parseCommandLineArguments(Ljava/util/List;Lorg/jetbrains/kotlin/cli/common/arguments/CommonToolArguments;Z)V+39
j  org.jetbrains.kotlin.cli.common.arguments.ParseCommandLineArgumentsKt.parseCommandLineArguments$default(Ljava/util/List;Lorg/jetbrains/kotlin/cli/common/arguments/CommonToolArguments;ZILjava/lang/Object;)V+11
j  org.jetbrains.kotlin.cli.common.CLITool.exec(Ljava/io/PrintStream;Lorg/jetbrains/kotlin/config/Services;Lorg/jetbrains/kotlin/cli/common/messages/MessageRenderer;[Ljava/lang/String;)Lorg/jetbrains/kotlin/cli/common/ExitCode;+41
j  org.jetbrains.kotlin.cli.common.CLITool.exec(Ljava/io/PrintStream;Lorg/jetbrains/kotlin/cli/common/messages/MessageRenderer;[Ljava/lang/String;)Lorg/jetbrains/kotlin/cli/common/ExitCode;+25
j  org.jetbrains.kotlin.cli.common.CLITool$Companion.doMainNoExit(Lorg/jetbrains/kotlin/cli/common/CLITool;[Ljava/lang/String;Lorg/jetbrains/kotlin/cli/common/messages/MessageRenderer;)Lorg/jetbrains/kotlin/cli/common/ExitCode;+39
j  org.jetbrains.kotlin.cli.common.CLITool$Companion.doMainNoExit$default(Lorg/jetbrains/kotlin/cli/common/CLITool$Companion;Lorg/jetbrains/kotlin/cli/common/CLITool;[Ljava/lang/String;Lorg/jetbrains/kotlin/cli/common/messages/MessageRenderer;ILjava/lang/Object;)Lorg/jetbrains/kotlin/cli/common/ExitCode;+16
j  org.jetbrains.kotlin.cli.common.CLITool$Companion.doMain(Lorg/jetbrains/kotlin/cli/common/CLITool;[Ljava/lang/String;)V+57
j  org.jetbrains.kotlin.cli.jvm.K2JVMCompiler$Companion.main([Ljava/lang/String;)V+20
j  org.jetbrains.kotlin.cli.jvm.K2JVMCompiler.main([Ljava/lang/String;)V+4
v  ~StubRoutines::call_stub
new  187 new  [0x00000233295fb420, 0x00000233295fb640]  544 bytes
[MachCode]
  0x00000233295fb420: 4883 ec08 | c5fa 1104 | 24eb 1f48 | 83ec 10c5 | fb11 0424 | eb14 4883 | ec10 4889 | 0424 48c7 
  0x00000233295fb440: 4424 0800 | 0000 00eb | 0150 410f | b755 010f | cac1 ea10 | 488b 4de8 | 488b 4908 | 488b 4908 
  0x00000233295fb460: 488b 4108 | 807c 1004 | 070f 85d6 | 0000 0066 | 8b54 d148 | 488b 4928 | 488b 4cd1 | 0851 80b9 
  0x00000233295fb480: 5b01 0000 | 040f 85b9 | 0000 008b | 5108 f7c2 | 0100 0000 | 0f85 aa00 | 0000 498b | 8708 0100 
  0x00000233295fb4a0: 0048 8d1c | 1049 3b9f | 1801 0000 | 0f87 9200 | 0000 4989 | 9f08 0100 | 00e9 0000 | 0000 4883 
  0x00000233295fb4c0: ea10 0f84 | 0f00 0000 | 33c9 c1ea | 0348 894c | d008 48ff | ca75 f648 | c700 0100 | 0000 5933 
  0x00000233295fb4e0: f689 700c | 48c1 e903 | 8948 0849 | ba89 3994 | 33fb 7f00 | 0041 803a | 000f 8440 | 0000 0050 
  0x00000233295fb500: 488b c848 | 83ec 20f7 | c40f 0000 | 000f 841a | 0000 0048 | 83ec 0849 | ba30 f349 | 33fb 7f00 
  0x00000233295fb520: 0041 ffd2 | 4883 c408 | e90d 0000 | 0049 ba30 | f349 33fb | 7f00 0041 | ffd2 4883 | c420 58e9 
  0x00000233295fb540: cd00 0000 | 5948 8b55 | e848 8b52 | 0848 8b52 | 0845 0fb7 | 4501 410f | c841 c1e8 | 10e8 0500 
  0x00000233295fb560: 0000 e9aa | 0000 0048 | 8d44 2408 | 4c89 6dc0 | 498b cfc5 | f877 4989 | afa8 0200 | 0049 8987 
  0x00000233295fb580: 9802 0000 | 4883 ec20 | f7c4 0f00 | 0000 0f84 | 1a00 0000 | 4883 ec08 | 49ba 407e | 1333 fb7f 
  0x00000233295fb5a0: 0000 41ff | d248 83c4 | 08e9 0d00 | 0000 49ba | 407e 1333 | fb7f 0000 | 41ff d248 | 83c4 2049 
  0x00000233295fb5c0: c787 9802 | 0000 0000 | 0000 49c7 | 87a8 0200 | 0000 0000 | 0049 c787 | a002 0000 | 0000 0000 
  0x00000233295fb5e0: c5f8 7749 | 817f 0800 | 0000 000f | 8405 0000 | 00e9 0a59 | feff 498b | 87f0 0200 | 0049 c787 
  0x00000233295fb600: f002 0000 | 0000 0000 | 4c8b 6dc0 | 4c8b 75c8 | c341 0fb6 | 5d03 4983 | c503 49ba | 80a6 9633 
  0x00000233295fb620: fb7f 0000 | 41ff 24da | 0000 0000 | 0000 0000 | 0000 0000 | 0000 0000 | 0000 0000 | 0000 0000 
[/MachCode]

---------------  P R O C E S S  ---------------

Threads class SMR info:
_java_thread_list=0x0000023338c01a80, length=12, elements={
0x000002331ebd8e70, 0x000002333893bf00, 0x000002333893d520, 0x0000023338ad84b0,
0x0000023338ad8f80, 0x0000023338ada1e0, 0x0000023338ad0b80, 0x0000023338ae07e0,
0x0000023338ae7e30, 0x0000023338aeb170, 0x0000023338c41080, 0x0000023338c3fc80
}

Java Threads: ( => current thread )
=>0x000002331ebd8e70 JavaThread "main" [_thread_in_vm, id=19104, stack(0x0000007a20400000,0x0000007a20500000)]
  0x000002333893bf00 JavaThread "Reference Handler" daemon [_thread_blocked, id=22252, stack(0x0000007a20b00000,0x0000007a20c00000)]
  0x000002333893d520 JavaThread "Finalizer" daemon [_thread_blocked, id=27636, stack(0x0000007a20c00000,0x0000007a20d00000)]
  0x0000023338ad84b0 JavaThread "Signal Dispatcher" daemon [_thread_blocked, id=2404, stack(0x0000007a20d00000,0x0000007a20e00000)]
  0x0000023338ad8f80 JavaThread "Attach Listener" daemon [_thread_blocked, id=25788, stack(0x0000007a20e00000,0x0000007a20f00000)]
  0x0000023338ada1e0 JavaThread "Service Thread" daemon [_thread_blocked, id=17860, stack(0x0000007a20f00000,0x0000007a21000000)]
  0x0000023338ad0b80 JavaThread "Monitor Deflation Thread" daemon [_thread_blocked, id=19572, stack(0x0000007a21000000,0x0000007a21100000)]
  0x0000023338ae07e0 JavaThread "C2 CompilerThread0" daemon [_thread_blocked, id=28300, stack(0x0000007a21100000,0x0000007a21200000)]
  0x0000023338ae7e30 JavaThread "C1 CompilerThread0" daemon [_thread_blocked, id=5188, stack(0x0000007a21200000,0x0000007a21300000)]
  0x0000023338aeb170 JavaThread "Sweeper thread" daemon [_thread_blocked, id=5684, stack(0x0000007a21300000,0x0000007a21400000)]
  0x0000023338c41080 JavaThread "Notification Thread" daemon [_thread_blocked, id=16716, stack(0x0000007a21400000,0x0000007a21500000)]
  0x0000023338c3fc80 JavaThread "Common-Cleaner" daemon [_thread_blocked, id=18132, stack(0x0000007a21600000,0x0000007a21700000)]

Other Threads:
  0x0000023338936620 VMThread "VM Thread" [stack: 0x0000007a20a00000,0x0000007a20b00000] [id=17484] _threads_hazard_ptr=0x0000023338c01a80
  0x0000023338c41560 WatcherThread [stack: 0x0000007a21500000,0x0000007a21600000] [id=15336]
  0x000002331ec35100 GCTaskThread "GC Thread#0" [stack: 0x0000007a20500000,0x0000007a20600000] [id=7476]
  0x000002331ec45c50 ConcurrentGCThread "G1 Main Marker" [stack: 0x0000007a20600000,0x0000007a20700000] [id=24472]
  0x000002331ec46670 ConcurrentGCThread "G1 Conc#0" [stack: 0x0000007a20700000,0x0000007a20800000] [id=2112]
  0x00000233387924d0 ConcurrentGCThread "G1 Refine#0" [stack: 0x0000007a20800000,0x0000007a20900000] [id=18692]
  0x0000023338792f00 ConcurrentGCThread "G1 Service" [stack: 0x0000007a20900000,0x0000007a20a00000] [id=23044]

Threads with active compile tasks:

VM state: synchronizing (normal execution)

VM Mutex/Monitor currently owned by a thread:  ([mutex/lock_event])
[0x000002331c92a350] Metaspace_lock - owner thread: 0x000002331ebd8e70
[0x000002331ebd4840] Threads_lock - owner thread: 0x0000023338936620

Heap address: 0x0000000082000000, size: 2016 MB, Compressed Oops mode: 32-bit

CDS archive(s) not mapped
Compressed class space mapped at: 0x0000000100000000-0x0000000140000000, reserved size: 1073741824
Narrow klass base: 0x0000000000000000, Narrow klass shift: 3, Narrow klass range: 0x140000000

GC Precious Log:
 CPUs: 8 total, 8 available
 Memory: 8062M
 Large Page Support: Disabled
 NUMA Support: Disabled
 Compressed Oops: Enabled (32-bit)
 Heap Region Size: 1M
 Heap Min Capacity: 8M
 Heap Initial Capacity: 126M
 Heap Max Capacity: 2016M
 Pre-touch: Disabled
 Parallel Workers: 8
 Concurrent Workers: 2
 Concurrent Refinement Workers: 8
 Periodic GC: Disabled

Heap:
 garbage-first heap   total 129024K, used 16384K [0x0000000082000000, 0x0000000100000000)
  region size 1024K, 13 young (13312K), 0 survivors (0K)
 Metaspace       used 10325K, committed 10432K, reserved 1114112K
  class space    used 883K, committed 896K, reserved 1048576K

Heap Regions: E=young(eden), S=young(survivor), O=old, HS=humongous(starts), HC=humongous(continues), CS=collection set, F=free, OA=open archive, CA=closed archive, TAMS=top-at-mark-start (previous, next)
|   0|0x0000000082000000, 0x0000000082100000, 0x0000000082100000|100%|HS|  |TAMS 0x0000000082000000, 0x0000000082000000| Complete 
|   1|0x0000000082100000, 0x0000000082200000, 0x0000000082200000|100%|HC|  |TAMS 0x0000000082100000, 0x0000000082100000| Complete 
|   2|0x0000000082200000, 0x0000000082300000, 0x0000000082300000|100%|HC|  |TAMS 0x0000000082200000, 0x0000000082200000| Complete 
|   3|0x0000000082300000, 0x0000000082400000, 0x0000000082400000|100%|HC|  |TAMS 0x0000000082300000, 0x0000000082300000| Complete 
|   4|0x0000000082400000, 0x0000000082500000, 0x0000000082500000|100%|HS|  |TAMS 0x0000000082400000, 0x0000000082400000| Complete 
|   5|0x0000000082500000, 0x0000000082500000, 0x0000000082600000|  0%| F|  |TAMS 0x0000000082500000, 0x0000000082500000| Untracked 
|   6|0x0000000082600000, 0x0000000082600000, 0x0000000082700000|  0%| F|  |TAMS 0x0000000082600000, 0x0000000082600000| Untracked 
|   7|0x0000000082700000, 0x0000000082700000, 0x0000000082800000|  0%| F|  |TAMS 0x0000000082700000, 0x0000000082700000| Untracked 
|   8|0x0000000082800000, 0x0000000082800000, 0x0000000082900000|  0%| F|  |TAMS 0x0000000082800000, 0x0000000082800000| Untracked 
|   9|0x0000000082900000, 0x0000000082900000, 0x0000000082a00000|  0%| F|  |TAMS 0x0000000082900000, 0x0000000082900000| Untracked 
|  10|0x0000000082a00000, 0x0000000082a00000, 0x0000000082b00000|  0%| F|  |TAMS 0x0000000082a00000, 0x0000000082a00000| Untracked 
|  11|0x0000000082b00000, 0x0000000082b00000, 0x0000000082c00000|  0%| F|  |TAMS 0x0000000082b00000, 0x0000000082b00000| Untracked 
|  12|0x0000000082c00000, 0x0000000082c00000, 0x0000000082d00000|  0%| F|  |TAMS 0x0000000082c00000, 0x0000000082c00000| Untracked 
|  13|0x0000000082d00000, 0x0000000082d00000, 0x0000000082e00000|  0%| F|  |TAMS 0x0000000082d00000, 0x0000000082d00000| Untracked 
|  14|0x0000000082e00000, 0x0000000082e00000, 0x0000000082f00000|  0%| F|  |TAMS 0x0000000082e00000, 0x0000000082e00000| Untracked 
|  15|0x0000000082f00000, 0x0000000082f00000, 0x0000000083000000|  0%| F|  |TAMS 0x0000000082f00000, 0x0000000082f00000| Untracked 
|  16|0x0000000083000000, 0x0000000083000000, 0x0000000083100000|  0%| F|  |TAMS 0x0000000083000000, 0x0000000083000000| Untracked 
|  17|0x0000000083100000, 0x0000000083100000, 0x0000000083200000|  0%| F|  |TAMS 0x0000000083100000, 0x0000000083100000| Untracked 
|  18|0x0000000083200000, 0x0000000083200000, 0x0000000083300000|  0%| F|  |TAMS 0x0000000083200000, 0x0000000083200000| Untracked 
|  19|0x0000000083300000, 0x0000000083300000, 0x0000000083400000|  0%| F|  |TAMS 0x0000000083300000, 0x0000000083300000| Untracked 
|  20|0x0000000083400000, 0x0000000083400000, 0x0000000083500000|  0%| F|  |TAMS 0x0000000083400000, 0x0000000083400000| Untracked 
|  21|0x0000000083500000, 0x0000000083500000, 0x0000000083600000|  0%| F|  |TAMS 0x0000000083500000, 0x0000000083500000| Untracked 
|  22|0x0000000083600000, 0x0000000083600000, 0x0000000083700000|  0%| F|  |TAMS 0x0000000083600000, 0x0000000083600000| Untracked 
|  23|0x0000000083700000, 0x0000000083700000, 0x0000000083800000|  0%| F|  |TAMS 0x0000000083700000, 0x0000000083700000| Untracked 
|  24|0x0000000083800000, 0x0000000083800000, 0x0000000083900000|  0%| F|  |TAMS 0x0000000083800000, 0x0000000083800000| Untracked 
|  25|0x0000000083900000, 0x0000000083900000, 0x0000000083a00000|  0%| F|  |TAMS 0x0000000083900000, 0x0000000083900000| Untracked 
|  26|0x0000000083a00000, 0x0000000083a00000, 0x0000000083b00000|  0%| F|  |TAMS 0x0000000083a00000, 0x0000000083a00000| Untracked 
|  27|0x0000000083b00000, 0x0000000083b00000, 0x0000000083c00000|  0%| F|  |TAMS 0x0000000083b00000, 0x0000000083b00000| Untracked 
|  28|0x0000000083c00000, 0x0000000083c00000, 0x0000000083d00000|  0%| F|  |TAMS 0x0000000083c00000, 0x0000000083c00000| Untracked 
|  29|0x0000000083d00000, 0x0000000083d00000, 0x0000000083e00000|  0%| F|  |TAMS 0x0000000083d00000, 0x0000000083d00000| Untracked 
|  30|0x0000000083e00000, 0x0000000083e00000, 0x0000000083f00000|  0%| F|  |TAMS 0x0000000083e00000, 0x0000000083e00000| Untracked 
|  31|0x0000000083f00000, 0x0000000083f00000, 0x0000000084000000|  0%| F|  |TAMS 0x0000000083f00000, 0x0000000083f00000| Untracked 
|  32|0x0000000084000000, 0x0000000084000000, 0x0000000084100000|  0%| F|  |TAMS 0x0000000084000000, 0x0000000084000000| Untracked 
|  33|0x0000000084100000, 0x0000000084100000, 0x0000000084200000|  0%| F|  |TAMS 0x0000000084100000, 0x0000000084100000| Untracked 
|  34|0x0000000084200000, 0x0000000084200000, 0x0000000084300000|  0%| F|  |TAMS 0x0000000084200000, 0x0000000084200000| Untracked 
|  35|0x0000000084300000, 0x0000000084300000, 0x0000000084400000|  0%| F|  |TAMS 0x0000000084300000, 0x0000000084300000| Untracked 
|  36|0x0000000084400000, 0x0000000084400000, 0x0000000084500000|  0%| F|  |TAMS 0x0000000084400000, 0x0000000084400000| Untracked 
|  37|0x0000000084500000, 0x0000000084500000, 0x0000000084600000|  0%| F|  |TAMS 0x0000000084500000, 0x0000000084500000| Untracked 
|  38|0x0000000084600000, 0x0000000084600000, 0x0000000084700000|  0%| F|  |TAMS 0x0000000084600000, 0x0000000084600000| Untracked 
|  39|0x0000000084700000, 0x0000000084700000, 0x0000000084800000|  0%| F|  |TAMS 0x0000000084700000, 0x0000000084700000| Untracked 
|  40|0x0000000084800000, 0x0000000084800000, 0x0000000084900000|  0%| F|  |TAMS 0x0000000084800000, 0x0000000084800000| Untracked 
|  41|0x0000000084900000, 0x0000000084900000, 0x0000000084a00000|  0%| F|  |TAMS 0x0000000084900000, 0x0000000084900000| Untracked 
|  42|0x0000000084a00000, 0x0000000084a00000, 0x0000000084b00000|  0%| F|  |TAMS 0x0000000084a00000, 0x0000000084a00000| Untracked 
|  43|0x0000000084b00000, 0x0000000084b00000, 0x0000000084c00000|  0%| F|  |TAMS 0x0000000084b00000, 0x0000000084b00000| Untracked 
|  44|0x0000000084c00000, 0x0000000084c00000, 0x0000000084d00000|  0%| F|  |TAMS 0x0000000084c00000, 0x0000000084c00000| Untracked 
|  45|0x0000000084d00000, 0x0000000084d00000, 0x0000000084e00000|  0%| F|  |TAMS 0x0000000084d00000, 0x0000000084d00000| Untracked 
|  46|0x0000000084e00000, 0x0000000084e00000, 0x0000000084f00000|  0%| F|  |TAMS 0x0000000084e00000, 0x0000000084e00000| Untracked 
|  47|0x0000000084f00000, 0x0000000084f00000, 0x0000000085000000|  0%| F|  |TAMS 0x0000000084f00000, 0x0000000084f00000| Untracked 
|  48|0x0000000085000000, 0x0000000085000000, 0x0000000085100000|  0%| F|  |TAMS 0x0000000085000000, 0x0000000085000000| Untracked 
|  49|0x0000000085100000, 0x0000000085100000, 0x0000000085200000|  0%| F|  |TAMS 0x0000000085100000, 0x0000000085100000| Untracked 
|  50|0x0000000085200000, 0x0000000085200000, 0x0000000085300000|  0%| F|  |TAMS 0x0000000085200000, 0x0000000085200000| Untracked 
|  51|0x0000000085300000, 0x0000000085300000, 0x0000000085400000|  0%| F|  |TAMS 0x0000000085300000, 0x0000000085300000| Untracked 
|  52|0x0000000085400000, 0x0000000085400000, 0x0000000085500000|  0%| F|  |TAMS 0x0000000085400000, 0x0000000085400000| Untracked 
|  53|0x0000000085500000, 0x0000000085500000, 0x0000000085600000|  0%| F|  |TAMS 0x0000000085500000, 0x0000000085500000| Untracked 
|  54|0x0000000085600000, 0x0000000085600000, 0x0000000085700000|  0%| F|  |TAMS 0x0000000085600000, 0x0000000085600000| Untracked 
|  55|0x0000000085700000, 0x0000000085700000, 0x0000000085800000|  0%| F|  |TAMS 0x0000000085700000, 0x0000000085700000| Untracked 
|  56|0x0000000085800000, 0x0000000085800000, 0x0000000085900000|  0%| F|  |TAMS 0x0000000085800000, 0x0000000085800000| Untracked 
|  57|0x0000000085900000, 0x0000000085900000, 0x0000000085a00000|  0%| F|  |TAMS 0x0000000085900000, 0x0000000085900000| Untracked 
|  58|0x0000000085a00000, 0x0000000085a00000, 0x0000000085b00000|  0%| F|  |TAMS 0x0000000085a00000, 0x0000000085a00000| Untracked 
|  59|0x0000000085b00000, 0x0000000085b00000, 0x0000000085c00000|  0%| F|  |TAMS 0x0000000085b00000, 0x0000000085b00000| Untracked 
|  60|0x0000000085c00000, 0x0000000085c00000, 0x0000000085d00000|  0%| F|  |TAMS 0x0000000085c00000, 0x0000000085c00000| Untracked 
|  61|0x0000000085d00000, 0x0000000085d00000, 0x0000000085e00000|  0%| F|  |TAMS 0x0000000085d00000, 0x0000000085d00000| Untracked 
|  62|0x0000000085e00000, 0x0000000085e00000, 0x0000000085f00000|  0%| F|  |TAMS 0x0000000085e00000, 0x0000000085e00000| Untracked 
|  63|0x0000000085f00000, 0x0000000085f00000, 0x0000000086000000|  0%| F|  |TAMS 0x0000000085f00000, 0x0000000085f00000| Untracked 
|  64|0x0000000086000000, 0x0000000086000000, 0x0000000086100000|  0%| F|  |TAMS 0x0000000086000000, 0x0000000086000000| Untracked 
|  65|0x0000000086100000, 0x0000000086100000, 0x0000000086200000|  0%| F|  |TAMS 0x0000000086100000, 0x0000000086100000| Untracked 
|  66|0x0000000086200000, 0x0000000086200000, 0x0000000086300000|  0%| F|  |TAMS 0x0000000086200000, 0x0000000086200000| Untracked 
|  67|0x0000000086300000, 0x0000000086300000, 0x0000000086400000|  0%| F|  |TAMS 0x0000000086300000, 0x0000000086300000| Untracked 
|  68|0x0000000086400000, 0x0000000086400000, 0x0000000086500000|  0%| F|  |TAMS 0x0000000086400000, 0x0000000086400000| Untracked 
|  69|0x0000000086500000, 0x0000000086500000, 0x0000000086600000|  0%| F|  |TAMS 0x0000000086500000, 0x0000000086500000| Untracked 
|  70|0x0000000086600000, 0x0000000086600000, 0x0000000086700000|  0%| F|  |TAMS 0x0000000086600000, 0x0000000086600000| Untracked 
|  71|0x0000000086700000, 0x0000000086700000, 0x0000000086800000|  0%| F|  |TAMS 0x0000000086700000, 0x0000000086700000| Untracked 
|  72|0x0000000086800000, 0x0000000086800000, 0x0000000086900000|  0%| F|  |TAMS 0x0000000086800000, 0x0000000086800000| Untracked 
|  73|0x0000000086900000, 0x0000000086900000, 0x0000000086a00000|  0%| F|  |TAMS 0x0000000086900000, 0x0000000086900000| Untracked 
|  74|0x0000000086a00000, 0x0000000086a00000, 0x0000000086b00000|  0%| F|  |TAMS 0x0000000086a00000, 0x0000000086a00000| Untracked 
|  75|0x0000000086b00000, 0x0000000086b00000, 0x0000000086c00000|  0%| F|  |TAMS 0x0000000086b00000, 0x0000000086b00000| Untracked 
|  76|0x0000000086c00000, 0x0000000086c00000, 0x0000000086d00000|  0%| F|  |TAMS 0x0000000086c00000, 0x0000000086c00000| Untracked 
|  77|0x0000000086d00000, 0x0000000086d00000, 0x0000000086e00000|  0%| F|  |TAMS 0x0000000086d00000, 0x0000000086d00000| Untracked 
|  78|0x0000000086e00000, 0x0000000086e00000, 0x0000000086f00000|  0%| F|  |TAMS 0x0000000086e00000, 0x0000000086e00000| Untracked 
|  79|0x0000000086f00000, 0x0000000086f00000, 0x0000000087000000|  0%| F|  |TAMS 0x0000000086f00000, 0x0000000086f00000| Untracked 
|  80|0x0000000087000000, 0x0000000087000000, 0x0000000087100000|  0%| F|  |TAMS 0x0000000087000000, 0x0000000087000000| Untracked 
|  81|0x0000000087100000, 0x0000000087100000, 0x0000000087200000|  0%| F|  |TAMS 0x0000000087100000, 0x0000000087100000| Untracked 
|  82|0x0000000087200000, 0x0000000087200000, 0x0000000087300000|  0%| F|  |TAMS 0x0000000087200000, 0x0000000087200000| Untracked 
|  83|0x0000000087300000, 0x0000000087300000, 0x0000000087400000|  0%| F|  |TAMS 0x0000000087300000, 0x0000000087300000| Untracked 
|  84|0x0000000087400000, 0x0000000087400000, 0x0000000087500000|  0%| F|  |TAMS 0x0000000087400000, 0x0000000087400000| Untracked 
|  85|0x0000000087500000, 0x0000000087500000, 0x0000000087600000|  0%| F|  |TAMS 0x0000000087500000, 0x0000000087500000| Untracked 
|  86|0x0000000087600000, 0x0000000087600000, 0x0000000087700000|  0%| F|  |TAMS 0x0000000087600000, 0x0000000087600000| Untracked 
|  87|0x0000000087700000, 0x0000000087700000, 0x0000000087800000|  0%| F|  |TAMS 0x0000000087700000, 0x0000000087700000| Untracked 
|  88|0x0000000087800000, 0x0000000087800000, 0x0000000087900000|  0%| F|  |TAMS 0x0000000087800000, 0x0000000087800000| Untracked 
|  89|0x0000000087900000, 0x0000000087900000, 0x0000000087a00000|  0%| F|  |TAMS 0x0000000087900000, 0x0000000087900000| Untracked 
|  90|0x0000000087a00000, 0x0000000087a00000, 0x0000000087b00000|  0%| F|  |TAMS 0x0000000087a00000, 0x0000000087a00000| Untracked 
|  91|0x0000000087b00000, 0x0000000087b00000, 0x0000000087c00000|  0%| F|  |TAMS 0x0000000087b00000, 0x0000000087b00000| Untracked 
|  92|0x0000000087c00000, 0x0000000087c00000, 0x0000000087d00000|  0%| F|  |TAMS 0x0000000087c00000, 0x0000000087c00000| Untracked 
|  93|0x0000000087d00000, 0x0000000087d00000, 0x0000000087e00000|  0%| F|  |TAMS 0x0000000087d00000, 0x0000000087d00000| Untracked 
|  94|0x0000000087e00000, 0x0000000087e00000, 0x0000000087f00000|  0%| F|  |TAMS 0x0000000087e00000, 0x0000000087e00000| Untracked 
|  95|0x0000000087f00000, 0x0000000087f00000, 0x0000000088000000|  0%| F|  |TAMS 0x0000000087f00000, 0x0000000087f00000| Untracked 
|  96|0x0000000088000000, 0x0000000088000000, 0x0000000088100000|  0%| F|  |TAMS 0x0000000088000000, 0x0000000088000000| Untracked 
|  97|0x0000000088100000, 0x0000000088100000, 0x0000000088200000|  0%| F|  |TAMS 0x0000000088100000, 0x0000000088100000| Untracked 
|  98|0x0000000088200000, 0x0000000088200000, 0x0000000088300000|  0%| F|  |TAMS 0x0000000088200000, 0x0000000088200000| Untracked 
|  99|0x0000000088300000, 0x0000000088300000, 0x0000000088400000|  0%| F|  |TAMS 0x0000000088300000, 0x0000000088300000| Untracked 
| 100|0x0000000088400000, 0x0000000088400000, 0x0000000088500000|  0%| F|  |TAMS 0x0000000088400000, 0x0000000088400000| Untracked 
| 101|0x0000000088500000, 0x0000000088500000, 0x0000000088600000|  0%| F|  |TAMS 0x0000000088500000, 0x0000000088500000| Untracked 
| 102|0x0000000088600000, 0x0000000088600000, 0x0000000088700000|  0%| F|  |TAMS 0x0000000088600000, 0x0000000088600000| Untracked 
| 103|0x0000000088700000, 0x0000000088700000, 0x0000000088800000|  0%| F|  |TAMS 0x0000000088700000, 0x0000000088700000| Untracked 
| 104|0x0000000088800000, 0x0000000088800000, 0x0000000088900000|  0%| F|  |TAMS 0x0000000088800000, 0x0000000088800000| Untracked 
| 105|0x0000000088900000, 0x0000000088900000, 0x0000000088a00000|  0%| F|  |TAMS 0x0000000088900000, 0x0000000088900000| Untracked 
| 106|0x0000000088a00000, 0x0000000088a00000, 0x0000000088b00000|  0%| F|  |TAMS 0x0000000088a00000, 0x0000000088a00000| Untracked 
| 107|0x0000000088b00000, 0x0000000088b00000, 0x0000000088c00000|  0%| F|  |TAMS 0x0000000088b00000, 0x0000000088b00000| Untracked 
| 108|0x0000000088c00000, 0x0000000088c00000, 0x0000000088d00000|  0%| F|  |TAMS 0x0000000088c00000, 0x0000000088c00000| Untracked 
| 109|0x0000000088d00000, 0x0000000088d00000, 0x0000000088e00000|  0%| F|  |TAMS 0x0000000088d00000, 0x0000000088d00000| Untracked 
| 110|0x0000000088e00000, 0x0000000088e00000, 0x0000000088f00000|  0%| F|  |TAMS 0x0000000088e00000, 0x0000000088e00000| Untracked 
| 111|0x0000000088f00000, 0x0000000088f00000, 0x0000000089000000|  0%| F|  |TAMS 0x0000000088f00000, 0x0000000088f00000| Untracked 
| 112|0x0000000089000000, 0x0000000089000000, 0x0000000089100000|  0%| F|  |TAMS 0x0000000089000000, 0x0000000089000000| Untracked 
| 113|0x0000000089100000, 0x0000000089185fa8, 0x0000000089200000| 52%| E|  |TAMS 0x0000000089100000, 0x0000000089100000| Complete 
| 114|0x0000000089200000, 0x00000000892fd320, 0x0000000089300000| 98%| E|  |TAMS 0x0000000089200000, 0x0000000089200000| Complete 
| 115|0x0000000089300000, 0x0000000089400000, 0x0000000089400000|100%| E|CS|TAMS 0x0000000089300000, 0x0000000089300000| Complete 
| 116|0x0000000089400000, 0x0000000089500000, 0x0000000089500000|100%| E|CS|TAMS 0x0000000089400000, 0x0000000089400000| Complete 
| 117|0x0000000089500000, 0x0000000089600000, 0x0000000089600000|100%| E|CS|TAMS 0x0000000089500000, 0x0000000089500000| Complete 
| 118|0x0000000089600000, 0x0000000089700000, 0x0000000089700000|100%| E|CS|TAMS 0x0000000089600000, 0x0000000089600000| Complete 
| 119|0x0000000089700000, 0x0000000089800000, 0x0000000089800000|100%| E|CS|TAMS 0x0000000089700000, 0x0000000089700000| Complete 
| 120|0x0000000089800000, 0x0000000089900000, 0x0000000089900000|100%| E|CS|TAMS 0x0000000089800000, 0x0000000089800000| Complete 
| 121|0x0000000089900000, 0x0000000089a00000, 0x0000000089a00000|100%| E|CS|TAMS 0x0000000089900000, 0x0000000089900000| Complete 
| 122|0x0000000089a00000, 0x0000000089b00000, 0x0000000089b00000|100%| E|CS|TAMS 0x0000000089a00000, 0x0000000089a00000| Complete 
| 123|0x0000000089b00000, 0x0000000089c00000, 0x0000000089c00000|100%| E|CS|TAMS 0x0000000089b00000, 0x0000000089b00000| Complete 
| 124|0x0000000089c00000, 0x0000000089d00000, 0x0000000089d00000|100%| E|CS|TAMS 0x0000000089c00000, 0x0000000089c00000| Complete 
| 125|0x0000000089d00000, 0x0000000089e00000, 0x0000000089e00000|100%| E|CS|TAMS 0x0000000089d00000, 0x0000000089d00000| Complete 

Card table byte_map: [0x00000233317d0000,0x0000023331bc0000] _byte_map_base: 0x00000233313c0000

Marking Bits (Prev, Next): (CMBitMap*) 0x000002331ec35720, (CMBitMap*) 0x000002331ec35760
 Prev Bits: [0x0000023331fb0000, 0x0000023333f30000)
 Next Bits: [0x0000023333f30000, 0x0000023335eb0000)

Polling page: 0x000002331caf0000

Metaspace:

Usage:
  Non-class:      9.22 MB used.
      Class:    883.52 KB used.
       Both:     10.08 MB used.

Virtual space:
  Non-class space:       64.00 MB reserved,       9.31 MB ( 15%) committed,  1 nodes.
      Class space:        1.00 GB reserved,     896.00 KB ( <1%) committed,  1 nodes.
             Both:        1.06 GB reserved,      10.19 MB ( <1%) committed. 

Chunk freelists:
   Non-Class:  6.66 MB
       Class:  15.00 MB
        Both:  21.66 MB

MaxMetaspaceSize: unlimited
CompressedClassSpaceSize: 1.00 GB
Initial GC threshold: 21.00 MB
Current GC threshold: 21.00 MB
CDS: off
MetaspaceReclaimPolicy: balanced
 - commit_granule_bytes: 65536.
 - commit_granule_words: 8192.
 - virtual_space_node_default_size: 8388608.
 - enlarge_chunks_in_place: 1.
 - new_chunks_are_fully_committed: 0.
 - uncommit_free_chunks: 1.
 - use_allocation_guard: 0.
 - handle_deallocations: 1.


Internal statistics:

num_allocs_failed_limit: 0.
num_arena_births: 6.
num_arena_deaths: 0.
num_vsnodes_births: 2.
num_vsnodes_deaths: 0.
num_space_committed: 163.
num_space_uncommitted: 0.
num_chunks_returned_to_freelist: 0.
num_chunks_taken_from_freelist: 126.
num_chunk_merges: 0.
num_chunk_splits: 105.
num_chunks_enlarged: 100.
num_inconsistent_stats: 0.

CodeHeap 'non-profiled nmethods': size=120000Kb used=118Kb max_used=118Kb free=119882Kb
 bounds [0x0000023329b80000, 0x0000023329df0000, 0x00000233310b0000]
CodeHeap 'profiled nmethods': size=120000Kb used=752Kb max_used=752Kb free=119247Kb
 bounds [0x00000233220b0000, 0x0000023322320000, 0x00000233295e0000]
CodeHeap 'non-nmethods': size=5760Kb used=1130Kb max_used=1145Kb free=4629Kb
 bounds [0x00000233295e0000, 0x0000023329850000, 0x0000023329b80000]
 total_blobs=837 nmethods=423 adapters=327
 compilation: enabled
              stopped_count=0, restarted_count=0
 full_count=0

Compilation events (20 events):
Event: 1.327 Thread 0x0000023338ae7e30 nmethod 413 0x0000023322168b10 code [0x0000023322168cc0, 0x0000023322168e08]
Event: 1.328 Thread 0x0000023338ae07e0 nmethod 410 0x0000023329b9b910 code [0x0000023329b9baa0, 0x0000023329b9c038]
Event: 1.329 Thread 0x0000023338ae07e0  411       4       java.util.Arrays::copyOfRange (64 bytes)
Event: 1.332 Thread 0x0000023338ae07e0 nmethod 411 0x0000023329b9c310 code [0x0000023329b9c4a0, 0x0000023329b9c7b8]
Event: 1.344 Thread 0x0000023338ae7e30  415       3       kotlin.jvm.internal.Lambda::<init> (10 bytes)
Event: 1.344 Thread 0x0000023338ae7e30 nmethod 415 0x0000023322168f10 code [0x00000233221690a0, 0x0000023322169218]
Event: 1.351 Thread 0x0000023338ae7e30  416       3       java.lang.ClassLoader::compareCerts (197 bytes)
Event: 1.352 Thread 0x0000023338ae7e30 nmethod 416 0x0000023322169310 code [0x0000023322169520, 0x0000023322169dd8]
Event: 1.353 Thread 0x0000023338ae07e0  417       4       java.lang.StringLatin1::newString (24 bytes)
Event: 1.360 Thread 0x0000023338ae07e0 nmethod 417 0x0000023329b9c910 code [0x0000023329b9caa0, 0x0000023329b9cf38]
Event: 1.411 Thread 0x0000023338ae7e30  418       1       java.util.HashMap$Node::getValue (5 bytes)
Event: 1.411 Thread 0x0000023338ae7e30 nmethod 418 0x0000023329b9d110 code [0x0000023329b9d2a0, 0x0000023329b9d378]
Event: 1.412 Thread 0x0000023338ae7e30  419       3       java.lang.Enum::<init> (15 bytes)
Event: 1.413 Thread 0x0000023338ae7e30 nmethod 419 0x000002332216a090 code [0x000002332216a220, 0x000002332216a3d8]
Event: 1.415 Thread 0x0000023338ae7e30  420       3       java.util.ImmutableCollections$Set12$1::hasNext (13 bytes)
Event: 1.415 Thread 0x0000023338ae7e30 nmethod 420 0x000002332216a490 code [0x000002332216a620, 0x000002332216a798]
Event: 1.416 Thread 0x0000023338ae7e30  421       3       jdk.internal.jimage.ImageStringsReader::unmaskedHashCode (166 bytes)
Event: 1.418 Thread 0x0000023338ae7e30 nmethod 421 0x000002332216a810 code [0x000002332216aa60, 0x000002332216b638]
Event: 1.418 Thread 0x0000023338ae7e30  422       3       jdk.internal.module.ModuleReferenceImpl::hashCode (56 bytes)
Event: 1.418 Thread 0x0000023338ae7e30 nmethod 422 0x000002332216bb10 code [0x000002332216bd00, 0x000002332216c168]

GC Heap History (0 events):
No events

Dll operation events (1 events):
Event: 0.033 Loaded shared library C:\Program Files\Android\Android Studio1\jbr\bin\java.dll

Deoptimization events (20 events):
Event: 0.448 Thread 0x000002331ebd8e70 DEOPT PACKING pc=0x00000233220c668c sp=0x0000007a204fd790
Event: 0.449 Thread 0x000002331ebd8e70 DEOPT UNPACKING pc=0x0000023329637143 sp=0x0000007a204fcc20 mode 0
Event: 0.449 Thread 0x000002331ebd8e70 DEOPT PACKING pc=0x00000233220c668c sp=0x0000007a204fd790
Event: 0.449 Thread 0x000002331ebd8e70 DEOPT UNPACKING pc=0x0000023329637143 sp=0x0000007a204fcc20 mode 0
Event: 0.449 Thread 0x000002331ebd8e70 DEOPT PACKING pc=0x00000233220c668c sp=0x0000007a204fd790
Event: 0.449 Thread 0x000002331ebd8e70 DEOPT UNPACKING pc=0x0000023329637143 sp=0x0000007a204fcc20 mode 0
Event: 0.449 Thread 0x000002331ebd8e70 DEOPT PACKING pc=0x00000233220c668c sp=0x0000007a204fd790
Event: 0.449 Thread 0x000002331ebd8e70 DEOPT UNPACKING pc=0x0000023329637143 sp=0x0000007a204fcc20 mode 0
Event: 0.449 Thread 0x000002331ebd8e70 DEOPT PACKING pc=0x00000233220c668c sp=0x0000007a204fd790
Event: 0.449 Thread 0x000002331ebd8e70 DEOPT UNPACKING pc=0x0000023329637143 sp=0x0000007a204fcc20 mode 0
Event: 0.449 Thread 0x000002331ebd8e70 DEOPT PACKING pc=0x00000233220c668c sp=0x0000007a204fd790
Event: 0.449 Thread 0x000002331ebd8e70 DEOPT UNPACKING pc=0x0000023329637143 sp=0x0000007a204fcc20 mode 0
Event: 0.601 Thread 0x000002331ebd8e70 Uncommon trap: trap_request=0xffffff45 fr.pc=0x0000023329b84c14 relative=0x00000000000006b4
Event: 0.601 Thread 0x000002331ebd8e70 Uncommon trap: reason=unstable_if action=reinterpret pc=0x0000023329b84c14 method=java.util.zip.ZipFile$Source.checkAndAddEntry(II)I @ 50 c2
Event: 0.601 Thread 0x000002331ebd8e70 DEOPT PACKING pc=0x0000023329b84c14 sp=0x0000007a204fe380
Event: 0.601 Thread 0x000002331ebd8e70 DEOPT UNPACKING pc=0x00000233296369a3 sp=0x0000007a204fe2f0 mode 2
Event: 0.803 Thread 0x000002331ebd8e70 DEOPT PACKING pc=0x00000233220c4d67 sp=0x0000007a204fdbb0
Event: 0.803 Thread 0x000002331ebd8e70 DEOPT UNPACKING pc=0x0000023329637143 sp=0x0000007a204fcfd0 mode 0
Event: 0.895 Thread 0x000002331ebd8e70 DEOPT PACKING pc=0x00000233220c40d1 sp=0x0000007a204f7f70
Event: 0.895 Thread 0x000002331ebd8e70 DEOPT UNPACKING pc=0x0000023329637143 sp=0x0000007a204f73e8 mode 0

Classes unloaded (0 events):
No events

Classes redefined (0 events):
No events

Internal exceptions (0 events):
No events

VM Operations (2 events):
Event: 0.477 Executing VM operation: HandshakeAllThreads
Event: 0.477 Executing VM operation: HandshakeAllThreads done

Events (20 events):
Event: 1.415 loading class java/util/ServiceLoader$LazyClassPathLookupIterator
Event: 1.415 loading class java/util/ServiceLoader$LazyClassPathLookupIterator done
Event: 1.415 loading class java/util/ServiceLoader$2
Event: 1.416 loading class java/util/ServiceLoader$2 done
Event: 1.416 loading class java/util/ServiceLoader$3
Event: 1.416 loading class java/util/ServiceLoader$3 done
Event: 1.417 loading class java/util/Collections$EmptyIterator
Event: 1.417 loading class java/util/Collections$EmptyIterator done
Event: 1.417 loading class java/util/Collections$EmptyEnumeration
Event: 1.417 loading class java/util/Collections$EmptyEnumeration done
Event: 1.417 loading class jdk/internal/loader/BuiltinClassLoader$1
Event: 1.417 loading class jdk/internal/loader/BuiltinClassLoader$1 done
Event: 1.418 loading class java/lang/CompoundEnumeration
Event: 1.418 loading class java/lang/CompoundEnumeration done
Event: 1.419 loading class jdk/internal/loader/URLClassPath$1
Event: 1.419 loading class jdk/internal/loader/URLClassPath$1 done
Event: 1.419 loading class sun/net/www/protocol/jar/JarURLConnection
Event: 1.420 loading class java/net/JarURLConnection
Event: 1.420 loading class java/net/URLConnection
Event: 1.422 loading class java/net/URLConnection done


Dynamic libraries:
0x00007ff634b40000 - 0x00007ff634b4a000 	C:\Program Files\Android\Android Studio1\jbr\bin\java.exe
0x00007ffbbd810000 - 0x00007ffbbda27000 	C:\WINDOWS\SYSTEM32\ntdll.dll
0x00007ffbbd630000 - 0x00007ffbbd6f4000 	C:\WINDOWS\System32\KERNEL32.DLL
0x00007ffbbaef0000 - 0x00007ffbbb29c000 	C:\WINDOWS\System32\KERNELBASE.dll
0x00007ffbbadd0000 - 0x00007ffbbaee1000 	C:\WINDOWS\System32\ucrtbase.dll
0x00007ffb87ca0000 - 0x00007ffb87cb7000 	C:\Program Files\Android\Android Studio1\jbr\bin\jli.dll
0x00007ffbbd300000 - 0x00007ffbbd4ae000 	C:\WINDOWS\System32\USER32.dll
0x00007ffbbac00000 - 0x00007ffbbac26000 	C:\WINDOWS\System32\win32u.dll
0x00007ffb7d9a0000 - 0x00007ffb7dc33000 	C:\WINDOWS\WinSxS\amd64_microsoft.windows.common-controls_6595b64144ccf1df_6.0.22621.3672_none_2713b9d173822955\COMCTL32.dll
0x00007ffbbb5d0000 - 0x00007ffbbb5f9000 	C:\WINDOWS\System32\GDI32.dll
0x00007ffbb2bb0000 - 0x00007ffbb2bcb000 	C:\Program Files\Android\Android Studio1\jbr\bin\VCRUNTIME140.dll
0x00007ffbbd570000 - 0x00007ffbbd617000 	C:\WINDOWS\System32\msvcrt.dll
0x00007ffbbb310000 - 0x00007ffbbb429000 	C:\WINDOWS\System32\gdi32full.dll
0x00007ffbbb430000 - 0x00007ffbbb4ca000 	C:\WINDOWS\System32\msvcp_win.dll
0x00007ffbbc000000 - 0x00007ffbbc031000 	C:\WINDOWS\System32\IMM32.DLL
0x00007ffbb4060000 - 0x00007ffbb406c000 	C:\Program Files\Android\Android Studio1\jbr\bin\vcruntime140_1.dll
0x00007ffb80560000 - 0x00007ffb805ed000 	C:\Program Files\Android\Android Studio1\jbr\bin\msvcp140.dll
0x00007ffb32db0000 - 0x00007ffb33a33000 	C:\Program Files\Android\Android Studio1\jbr\bin\server\jvm.dll
0x00007ffbbd4b0000 - 0x00007ffbbd562000 	C:\WINDOWS\System32\ADVAPI32.dll
0x00007ffbbd710000 - 0x00007ffbbd7ba000 	C:\WINDOWS\System32\sechost.dll
0x00007ffbbac30000 - 0x00007ffbbac58000 	C:\WINDOWS\System32\bcrypt.dll
0x00007ffbbbd20000 - 0x00007ffbbbe35000 	C:\WINDOWS\System32\RPCRT4.dll
0x00007ffbbaa00000 - 0x00007ffbbaa4d000 	C:\WINDOWS\SYSTEM32\POWRPROF.dll
0x00007ffb979a0000 - 0x00007ffb979a9000 	C:\WINDOWS\SYSTEM32\WSOCK32.dll
0x00007ffbbcab0000 - 0x00007ffbbcb21000 	C:\WINDOWS\System32\WS2_32.dll
0x00007ffbb5b10000 - 0x00007ffbb5b44000 	C:\WINDOWS\SYSTEM32\WINMM.dll
0x00007ffbb2390000 - 0x00007ffbb239a000 	C:\WINDOWS\SYSTEM32\VERSION.dll
0x00007ffbba830000 - 0x00007ffbba843000 	C:\WINDOWS\SYSTEM32\UMPDC.dll
0x00007ffbb9b30000 - 0x00007ffbb9b48000 	C:\WINDOWS\SYSTEM32\kernel.appcore.dll
0x00007ffbb20e0000 - 0x00007ffbb20ea000 	C:\Program Files\Android\Android Studio1\jbr\bin\jimage.dll
0x00007ffbb2630000 - 0x00007ffbb2862000 	C:\WINDOWS\SYSTEM32\DBGHELP.DLL
0x00007ffbbcc40000 - 0x00007ffbbcfc8000 	C:\WINDOWS\System32\combase.dll
0x00007ffbbd220000 - 0x00007ffbbd2f7000 	C:\WINDOWS\System32\OLEAUT32.dll
0x00007ffbb2580000 - 0x00007ffbb25b2000 	C:\WINDOWS\SYSTEM32\dbgcore.DLL
0x00007ffbbb4d0000 - 0x00007ffbbb54b000 	C:\WINDOWS\System32\bcryptPrimitives.dll
0x00007ffb8eab0000 - 0x00007ffb8ead5000 	C:\Program Files\Android\Android Studio1\jbr\bin\java.dll
0x00007ffbb1570000 - 0x00007ffbb1588000 	C:\Program Files\Android\Android Studio1\jbr\bin\zip.dll
0x00007ffbbc0f0000 - 0x00007ffbbc94c000 	C:\WINDOWS\System32\SHELL32.dll
0x00007ffbb8a40000 - 0x00007ffbb9337000 	C:\WINDOWS\SYSTEM32\windows.storage.dll
0x00007ffbb8900000 - 0x00007ffbb8a3f000 	C:\WINDOWS\SYSTEM32\wintypes.dll
0x00007ffbbbbc0000 - 0x00007ffbbbcb4000 	C:\WINDOWS\System32\SHCORE.dll
0x00007ffbbc090000 - 0x00007ffbbc0ee000 	C:\WINDOWS\System32\shlwapi.dll
0x00007ffbbaa70000 - 0x00007ffbbaa91000 	C:\WINDOWS\SYSTEM32\profapi.dll
0x00007ffbaa1c0000 - 0x00007ffbaa1d9000 	C:\Program Files\Android\Android Studio1\jbr\bin\net.dll
0x00007ffbb5d40000 - 0x00007ffbb5e76000 	C:\WINDOWS\SYSTEM32\WINHTTP.dll
0x00007ffbb9f90000 - 0x00007ffbb9ff9000 	C:\WINDOWS\system32\mswsock.dll
0x00007ffba7910000 - 0x00007ffba7926000 	C:\Program Files\Android\Android Studio1\jbr\bin\nio.dll

dbghelp: loaded successfully - version: 4.0.5 - missing functions: none
symbol engine: initialized successfully - sym options: 0x614 - pdb path: .;C:\Program Files\Android\Android Studio1\jbr\bin;C:\WINDOWS\SYSTEM32;C:\WINDOWS\WinSxS\amd64_microsoft.windows.common-controls_6595b64144ccf1df_6.0.22621.3672_none_2713b9d173822955;C:\Program Files\Android\Android Studio1\jbr\bin\server

VM Arguments:
java_command: org.jetbrains.kotlin.cli.jvm.K2JVMCompiler @C:\Users\jjove\OneDrive\Desktop\FixIT\FIXIT\app\build\20240714_13867534534691992039.compiler.options
java_class_path (initial): C:\Users\jjove\.gradle\caches\modules-2\files-2.1\org.jetbrains.kotlin\kotlin-compiler-embeddable\1.9.0\2c8c3a7402becca891f12739b3e9fd2dc2adbd7a\kotlin-compiler-embeddable-1.9.0.jar;C:\Users\jjove\.gradle\caches\modules-2\files-2.1\org.jetbrains.kotlin\kotlin-stdlib\1.9.0\8ee15ef0c67dc83d874f412d84378d7f0eb50b63\kotlin-stdlib-1.9.0.jar;C:\Users\jjove\.gradle\caches\modules-2\files-2.1\org.jetbrains.kotlin\kotlin-script-runtime\1.9.0\4b3102cbbb7e1b58d9d1adf89563f00069ffa7d1\kotlin-script-runtime-1.9.0.jar;C:\Users\jjove\.gradle\caches\modules-2\files-2.1\org.jetbrains.kotlin\kotlin-reflect\1.6.10\1cbe9c92c12a94eea200d23c2bbaedaf3daf5132\kotlin-reflect-1.6.10.jar;C:\Users\jjove\.gradle\caches\modules-2\files-2.1\org.jetbrains.kotlin\kotlin-daemon-embeddable\1.9.0\186543f5e28cf8d9a0290fecc2cf34301c40a65c\kotlin-daemon-embeddable-1.9.0.jar;C:\Users\jjove\.gradle\caches\modules-2\files-2.1\org.jetbrains.intellij.deps\trove4j\1.0.20200330\3afb14d5f9ceb459d724e907a21145e8ff394f02\trove4j-1.0.20200330.jar;C:\Users\jjove\.gradle\caches\modules-2\files-2.1\org.jetbrains.kotlin\kotlin-stdlib-common\1.9.0\cd65c21cfd1eec4d44ef09f9f52b6d9f8a720636\kotlin-stdlib-common-1.9.0.jar;C:\Users\jjove\.gradle\caches\modules-2\files-2.1\org.jetbrains\annotations\13.0\919f0dfe192fb4e063e7dacadee7f8bb9a2672a9\annotations-13.0.jar
Launcher Type: SUN_STANDARD

[Global flags]
     intx CICompilerCount                          = 4                                         {product} {ergonomic}
     uint ConcGCThreads                            = 2                                         {product} {ergonomic}
     uint G1ConcRefinementThreads                  = 8                                         {product} {ergonomic}
   size_t G1HeapRegionSize                         = 1048576                                   {product} {ergonomic}
    uintx GCDrainStackTargetSize                   = 64                                        {product} {ergonomic}
   size_t InitialHeapSize                          = 132120576                                 {product} {ergonomic}
   size_t MarkStackSize                            = 4194304                                   {product} {ergonomic}
   size_t MaxHeapSize                              = 2113929216                                {product} {ergonomic}
   size_t MaxNewSize                               = 1267728384                                {product} {ergonomic}
   size_t MinHeapDeltaBytes                        = 1048576                                   {product} {ergonomic}
   size_t MinHeapSize                              = 8388608                                   {product} {ergonomic}
    uintx NonNMethodCodeHeapSize                   = 5839372                                {pd product} {ergonomic}
    uintx NonProfiledCodeHeapSize                  = 122909434                              {pd product} {ergonomic}
    uintx ProfiledCodeHeapSize                     = 122909434                              {pd product} {ergonomic}
    uintx ReservedCodeCacheSize                    = 251658240                              {pd product} {ergonomic}
     bool SegmentedCodeCache                       = true                                      {product} {ergonomic}
   size_t SoftMaxHeapSize                          = 2113929216                             {manageable} {ergonomic}
     bool UseCompressedClassPointers               = true                           {product lp64_product} {ergonomic}
     bool UseCompressedOops                        = true                           {product lp64_product} {ergonomic}
     bool UseG1GC                                  = true                                      {product} {ergonomic}
     bool UseLargePagesIndividualAllocation        = false                                  {pd product} {ergonomic}

Logging:
Log output configuration:
 #0: stdout all=warning uptime,level,tags
 #1: stderr all=off uptime,level,tags

Environment Variables:
PATH=C:\oracleXE\dbhomeXE\bin;C:\WINDOWS\system32;C:\WINDOWS;C:\WINDOWS\System32\Wbem;C:\WINDOWS\System32\WindowsPowerShell\v1.0\;C:\WINDOWS\System32\OpenSSH\;C:\Program Files\Git\cmd;C:\Users\jjove\AppData\Local\Microsoft\WindowsApps;C:\Users\jjove\AppData\Local\Programs\Microsoft VS Code\bin
USERNAME=jjove
OS=Windows_NT
PROCESSOR_IDENTIFIER=Intel64 Family 6 Model 142 Stepping 11, GenuineIntel
TMP=C:\Users\jjove\AppData\Local\Temp
TEMP=C:\Users\jjove\AppData\Local\Temp



Periodic native trim disabled

JNI global refs:
JNI global refs: 8, weak refs: 0

JNI global refs memory usage: 843, weak refs: 841

OOME stack traces (most recent first):
Classloader memory used:
Loader bootstrap                                                                       : 892K
Loader jdk.internal.loader.ClassLoaders$AppClassLoader                                 : 398K


---------------  S Y S T E M  ---------------

OS:
 Windows 11 , 64 bit Build 22621 (10.0.22621.3672)
OS uptime: 22 days 11:02 hours
Hyper-V role detected

CPU: total 8 (initial active 8) (4 cores per cpu, 2 threads per core) family 6 model 142 stepping 11 microcode 0xf4, cx8, cmov, fxsr, ht, mmx, 3dnowpref, sse, sse2, sse3, ssse3, sse4.1, sse4.2, popcnt, lzcnt, tsc, tscinvbit, avx, avx2, aes, erms, clmul, bmi1, bmi2, adx, fma, vzeroupper, clflush, clflushopt, hv
Processor Information for all 8 processors :
  Max Mhz: 1800, Current Mhz: 1600, Mhz Limit: 1584

Memory: 4k page, system-wide physical 8062M (15M free)
TotalPageFile size 32638M (AvailPageFile size 2M)
current process WorkingSet (physical memory assigned to process): 57M, peak: 57M
current process commit charge ("private bytes"): 210M, peak: 212M

vm_info: OpenJDK 64-Bit Server VM (17.0.10+0--11609105) for windows-amd64 JRE (17.0.10+0--11609105), built on Mar 21 2024 19:10:56 by "androidbuild" with MS VC++ 16.10 / 16.11 (VS2019)

END.
